<?xml version="1.0" encoding="UTF-8"?>
<testsuites name="jest tests" tests="34" failures="0" errors="0" time="6.54">
  <testsuite name="EffectManager" errors="0" failures="0" skipped="0" timestamp="2024-10-21T05:39:19" time="1.674" tests="2">
    <testcase classname="EffectManager should register effects correctly" name="EffectManager should register effects correctly" time="0.008">
    </testcase>
    <testcase classname="EffectManager should create effect instances correctly" name="EffectManager should create effect instances correctly" time="0.001">
    </testcase>
  </testsuite>
  <testsuite name="script.js" errors="0" failures="0" skipped="0" timestamp="2024-10-21T05:39:19" time="2.379" tests="16">
    <testcase classname="script.js should initialize without errors" name="script.js should initialize without errors" time="0.062">
    </testcase>
    <testcase classname="script.js should generate effect buttons" name="script.js should generate effect buttons" time="0.02">
    </testcase>
    <testcase classname="script.js should add effect to queue when effect button is clicked" name="script.js should add effect to queue when effect button is clicked" time="0.021">
    </testcase>
    <testcase classname="script.js should load image when image is uploaded" name="script.js should load image when image is uploaded" time="0.043">
    </testcase>
    <testcase classname="script.js should apply effects to the canvas" name="script.js should apply effects to the canvas" time="0.066">
    </testcase>
    <testcase classname="script.js should reset effects queue and canvas when reset button is clicked" name="script.js should reset effects queue and canvas when reset button is clicked" time="0.017">
    </testcase>
    <testcase classname="script.js should trigger download when download button is clicked" name="script.js should trigger download when download button is clicked" time="0.021">
    </testcase>
    <testcase classname="script.js should copy image to clipboard when copy button is clicked" name="script.js should copy image to clipboard when copy button is clicked" time="0.017">
    </testcase>
    <testcase classname="script.js should update effect parameters when controls are changed" name="script.js should update effect parameters when controls are changed" time="0.016">
    </testcase>
    <testcase classname="script.js should apply all effects in the queue" name="script.js should apply all effects in the queue" time="0.043">
    </testcase>
    <testcase classname="script.js should update the effect queue UI" name="script.js should update the effect queue UI" time="0.017">
    </testcase>
    <testcase classname="script.js should remove effect from queue when remove button is clicked" name="script.js should remove effect from queue when remove button is clicked" time="0.015">
    </testcase>
    <testcase classname="script.js should load image and draw it on the canvas when an image is uploaded" name="script.js should load image and draw it on the canvas when an image is uploaded" time="0.011">
    </testcase>
    <testcase classname="script.js should not apply effects when no image is loaded" name="script.js should not apply effects when no image is loaded" time="0.011">
    </testcase>
    <testcase classname="script.js should log an error when originalImage is missing" name="script.js should log an error when originalImage is missing" time="0.015">
    </testcase>
    <testcase classname="script.js should log an error when effect is null in effectsQueue" name="script.js should log an error when effect is null in effectsQueue" time="0.01">
    </testcase>
  </testsuite>
  <testsuite name="HueRotateEffect" errors="0" failures="0" skipped="0" timestamp="2024-10-21T05:39:19" time="3.868" tests="1">
    <testcase classname="HueRotateEffect should apply hue rotate effect correctly" name="HueRotateEffect should apply hue rotate effect correctly" time="2.31">
    </testcase>
  </testsuite>
  <testsuite name="VignetteEffect" errors="0" failures="0" skipped="0" timestamp="2024-10-21T05:39:19" time="3.827" tests="1">
    <testcase classname="VignetteEffect should apply vignette effect correctly" name="VignetteEffect should apply vignette effect correctly" time="2.151">
    </testcase>
  </testsuite>
  <testsuite name="FlipEffect" errors="0" failures="0" skipped="0" timestamp="2024-10-21T05:39:19" time="3.825" tests="2">
    <testcase classname="FlipEffect should flip the image horizontally" name="FlipEffect should flip the image horizontally" time="2.213">
    </testcase>
    <testcase classname="FlipEffect should flip the image vertically" name="FlipEffect should flip the image vertically" time="0.001">
    </testcase>
  </testsuite>
  <testsuite name="OverlayTextEffect" errors="0" failures="0" skipped="0" timestamp="2024-10-21T05:39:19" time="3.867" tests="1">
    <testcase classname="OverlayTextEffect should overlay text correctly" name="OverlayTextEffect should overlay text correctly" time="2.222">
    </testcase>
  </testsuite>
  <testsuite name="ColorFilterEffect" errors="0" failures="0" skipped="0" timestamp="2024-10-21T05:39:19" time="3.808" tests="1">
    <testcase classname="ColorFilterEffect should apply color filter correctly" name="ColorFilterEffect should apply color filter correctly" time="2.219">
    </testcase>
  </testsuite>
  <testsuite name="BlurEffect" errors="0" failures="0" skipped="0" timestamp="2024-10-21T05:39:19" time="3.867" tests="1">
    <testcase classname="BlurEffect should apply blur effect correctly" name="BlurEffect should apply blur effect correctly" time="2.318">
    </testcase>
  </testsuite>
  <testsuite name="NoiseEffect" errors="0" failures="0" skipped="0" timestamp="2024-10-21T05:39:19" time="3.88" tests="1">
    <testcase classname="NoiseEffect should apply noise effect correctly" name="NoiseEffect should apply noise effect correctly" time="2.301">
    </testcase>
  </testsuite>
  <testsuite name="GrayscaleEffect" errors="0" failures="0" skipped="0" timestamp="2024-10-21T05:39:19" time="3.873" tests="1">
    <testcase classname="GrayscaleEffect should apply grayscale effect correctly" name="GrayscaleEffect should apply grayscale effect correctly" time="2.335">
    </testcase>
  </testsuite>
  <testsuite name="PixelateEffect" errors="0" failures="0" skipped="0" timestamp="2024-10-21T05:39:19" time="3.85" tests="1">
    <testcase classname="PixelateEffect should apply pixelate effect correctly" name="PixelateEffect should apply pixelate effect correctly" time="2.312">
    </testcase>
  </testsuite>
  <testsuite name="SharpenEffect" errors="0" failures="0" skipped="0" timestamp="2024-10-21T05:39:19" time="3.898" tests="1">
    <testcase classname="SharpenEffect should apply sharpen effect correctly" name="SharpenEffect should apply sharpen effect correctly" time="2.261">
    </testcase>
  </testsuite>
  <testsuite name="SepiaEffect" errors="0" failures="0" skipped="0" timestamp="2024-10-21T05:39:19" time="3.896" tests="1">
    <testcase classname="SepiaEffect should apply sepia effect correctly" name="SepiaEffect should apply sepia effect correctly" time="2.295">
    </testcase>
  </testsuite>
  <testsuite name="BrightnessContrastEffect" errors="0" failures="0" skipped="0" timestamp="2024-10-21T05:39:19" time="3.91" tests="1">
    <testcase classname="BrightnessContrastEffect should apply brightness and contrast effect correctly" name="BrightnessContrastEffect should apply brightness and contrast effect correctly" time="2.337">
    </testcase>
  </testsuite>
  <testsuite name="InvertEffect" errors="0" failures="0" skipped="0" timestamp="2024-10-21T05:39:19" time="4.996" tests="3">
    <testcase classname="InvertEffect should invert colors correctly" name="InvertEffect should invert colors correctly" time="2.381">
    </testcase>
    <testcase classname="InvertEffect should invert colors correctly at 50% intensity" name="InvertEffect should invert colors correctly at 50% intensity" time="0.069">
    </testcase>
    <testcase classname="InvertEffect should handle zero intensity without changes" name="InvertEffect should handle zero intensity without changes" time="1.024">
    </testcase>
  </testsuite>
</testsuites>