<?xml version="1.0" encoding="UTF-8"?>
<coverage generated="1729365033417" clover="3.2.0">
  <project timestamp="1729365033417" name="All files">
    <metrics statements="407" coveredstatements="133" conditionals="86" coveredconditionals="18" methods="103" coveredmethods="32" elements="596" coveredelements="183" complexity="0" loc="407" ncloc="407" packages="2" files="3" classes="3"/>
    <package name="picsmasher">
      <metrics statements="403" coveredstatements="129" conditionals="86" coveredconditionals="18" methods="102" coveredmethods="31"/>
      <file name="effects.js" path="C:\Users\richt\Desktop\WEBDEV\picsmasher\effects.js">
        <metrics statements="400" coveredstatements="126" conditionals="83" coveredconditionals="15" methods="100" coveredmethods="29"/>
        <line num="8" count="5" type="stmt"/>
        <line num="9" count="5" type="stmt"/>
        <line num="18" count="100" type="stmt"/>
        <line num="19" count="100" type="stmt"/>
        <line num="21" count="1195" type="stmt"/>
        <line num="31" count="0" type="stmt"/>
        <line num="32" count="0" type="cond" truecount="0" falsecount="2"/>
        <line num="33" count="0" type="stmt"/>
        <line num="35" count="0" type="stmt"/>
        <line num="36" count="0" type="stmt"/>
        <line num="45" count="0" type="stmt"/>
        <line num="54" count="0" type="stmt"/>
        <line num="58" count="0" type="stmt"/>
        <line num="62" count="0" type="stmt"/>
        <line num="66" count="13" type="stmt"/>
        <line num="78" count="235" type="stmt"/>
        <line num="82" count="0" type="stmt"/>
        <line num="88" count="0" type="stmt"/>
        <line num="101" count="2" type="stmt"/>
        <line num="102" count="2" type="stmt"/>
        <line num="103" count="2" type="stmt"/>
        <line num="104" count="2" type="cond" truecount="1" falsecount="1"/>
        <line num="105" count="2" type="stmt"/>
        <line num="107" count="2" type="stmt"/>
        <line num="109" count="200" type="stmt"/>
        <line num="110" count="200" type="stmt"/>
        <line num="111" count="200" type="stmt"/>
        <line num="115" count="2" type="stmt"/>
        <line num="121" count="200" type="stmt"/>
        <line num="125" count="0" type="stmt"/>
        <line num="131" count="0" type="stmt"/>
        <line num="144" count="2" type="stmt"/>
        <line num="145" count="2" type="stmt"/>
        <line num="146" count="2" type="stmt"/>
        <line num="147" count="2" type="cond" truecount="2" falsecount="0"/>
        <line num="148" count="2" type="stmt"/>
        <line num="150" count="2" type="stmt"/>
        <line num="151" count="200" type="stmt"/>
        <line num="152" count="200" type="stmt"/>
        <line num="153" count="200" type="stmt"/>
        <line num="154" count="200" type="stmt"/>
        <line num="157" count="2" type="stmt"/>
        <line num="163" count="195" type="stmt"/>
        <line num="167" count="0" type="stmt"/>
        <line num="173" count="0" type="stmt"/>
        <line num="186" count="0" type="stmt"/>
        <line num="187" count="0" type="stmt"/>
        <line num="188" count="0" type="stmt"/>
        <line num="189" count="0" type="cond" truecount="0" falsecount="2"/>
        <line num="190" count="0" type="stmt"/>
        <line num="192" count="0" type="stmt"/>
        <line num="193" count="0" type="stmt"/>
        <line num="194" count="0" type="stmt"/>
        <line num="195" count="0" type="stmt"/>
        <line num="197" count="0" type="stmt"/>
        <line num="198" count="0" type="stmt"/>
        <line num="199" count="0" type="stmt"/>
        <line num="202" count="0" type="stmt"/>
        <line num="208" count="175" type="stmt"/>
        <line num="212" count="0" type="stmt"/>
        <line num="219" count="0" type="stmt"/>
        <line num="240" count="4" type="stmt"/>
        <line num="241" count="4" type="stmt"/>
        <line num="242" count="4" type="stmt"/>
        <line num="243" count="4" type="stmt"/>
        <line num="246" count="4" type="cond" truecount="2" falsecount="0"/>
        <line num="247" count="4" type="cond" truecount="2" falsecount="0"/>
        <line num="250" count="4" type="stmt"/>
        <line num="252" count="4" type="stmt"/>
        <line num="254" count="400" type="stmt"/>
        <line num="255" count="400" type="stmt"/>
        <line num="256" count="400" type="stmt"/>
        <line num="259" count="400" type="stmt"/>
        <line num="260" count="400" type="stmt"/>
        <line num="261" count="400" type="stmt"/>
        <line num="265" count="4" type="stmt"/>
        <line num="271" count="185" type="stmt"/>
        <line num="275" count="0" type="stmt"/>
        <line num="286" count="0" type="stmt"/>
        <line num="345" count="0" type="stmt"/>
        <line num="346" count="0" type="cond" truecount="0" falsecount="2"/>
        <line num="347" count="0" type="cond" truecount="0" falsecount="2"/>
        <line num="348" count="0" type="cond" truecount="0" falsecount="2"/>
        <line num="349" count="0" type="cond" truecount="0" falsecount="2"/>
        <line num="350" count="0" type="cond" truecount="0" falsecount="2"/>
        <line num="351" count="0" type="cond" truecount="0" falsecount="2"/>
        <line num="353" count="0" type="stmt"/>
        <line num="354" count="0" type="stmt"/>
        <line num="355" count="0" type="stmt"/>
        <line num="356" count="0" type="stmt"/>
        <line num="357" count="0" type="stmt"/>
        <line num="363" count="175" type="stmt"/>
        <line num="367" count="0" type="stmt"/>
        <line num="376" count="0" type="stmt"/>
        <line num="413" count="0" type="stmt"/>
        <line num="414" count="0" type="stmt"/>
        <line num="415" count="0" type="stmt"/>
        <line num="416" count="0" type="cond" truecount="0" falsecount="2"/>
        <line num="417" count="0" type="cond" truecount="0" falsecount="2"/>
        <line num="418" count="0" type="cond" truecount="0" falsecount="2"/>
        <line num="419" count="0" type="cond" truecount="0" falsecount="2"/>
        <line num="420" count="0" type="stmt"/>
        <line num="422" count="0" type="stmt"/>
        <line num="423" count="0" type="stmt"/>
        <line num="424" count="0" type="stmt"/>
        <line num="425" count="0" type="stmt"/>
        <line num="428" count="0" type="stmt"/>
        <line num="434" count="130" type="stmt"/>
        <line num="438" count="0" type="stmt"/>
        <line num="444" count="0" type="stmt"/>
        <line num="457" count="2" type="stmt"/>
        <line num="458" count="2" type="stmt"/>
        <line num="459" count="2" type="stmt"/>
        <line num="460" count="2" type="stmt"/>
        <line num="461" count="2" type="stmt"/>
        <line num="463" count="2" type="stmt"/>
        <line num="464" count="2" type="stmt"/>
        <line num="466" count="2" type="stmt"/>
        <line num="467" count="2" type="stmt"/>
        <line num="473" count="160" type="stmt"/>
        <line num="477" count="0" type="stmt"/>
        <line num="483" count="0" type="stmt"/>
        <line num="496" count="0" type="stmt"/>
        <line num="497" count="0" type="stmt"/>
        <line num="498" count="0" type="stmt"/>
        <line num="499" count="0" type="stmt"/>
        <line num="505" count="150" type="stmt"/>
        <line num="509" count="0" type="stmt"/>
        <line num="515" count="0" type="stmt"/>
        <line num="528" count="0" type="stmt"/>
        <line num="529" count="0" type="stmt"/>
        <line num="530" count="0" type="stmt"/>
        <line num="531" count="0" type="stmt"/>
        <line num="532" count="0" type="stmt"/>
        <line num="533" count="0" type="stmt"/>
        <line num="539" count="150" type="stmt"/>
        <line num="543" count="0" type="stmt"/>
        <line num="549" count="0" type="stmt"/>
        <line num="562" count="0" type="stmt"/>
        <line num="563" count="0" type="stmt"/>
        <line num="566" count="0" type="stmt"/>
        <line num="567" count="0" type="stmt"/>
        <line num="568" count="0" type="stmt"/>
        <line num="569" count="0" type="stmt"/>
        <line num="572" count="0" type="stmt"/>
        <line num="575" count="0" type="stmt"/>
        <line num="576" count="0" type="stmt"/>
        <line num="579" count="0" type="stmt"/>
        <line num="580" count="0" type="stmt"/>
        <line num="584" count="0" type="stmt"/>
        <line num="585" count="0" type="stmt"/>
        <line num="586" count="0" type="stmt"/>
        <line num="587" count="0" type="stmt"/>
        <line num="589" count="0" type="stmt"/>
        <line num="590" count="0" type="stmt"/>
        <line num="593" count="0" type="stmt"/>
        <line num="596" count="0" type="stmt"/>
        <line num="597" count="0" type="stmt"/>
        <line num="601" count="0" type="stmt"/>
        <line num="608" count="120" type="stmt"/>
        <line num="612" count="0" type="stmt"/>
        <line num="618" count="0" type="stmt"/>
        <line num="631" count="0" type="stmt"/>
        <line num="632" count="0" type="stmt"/>
        <line num="633" count="0" type="stmt"/>
        <line num="634" count="0" type="stmt"/>
        <line num="636" count="0" type="stmt"/>
        <line num="637" count="0" type="stmt"/>
        <line num="638" count="0" type="stmt"/>
        <line num="639" count="0" type="stmt"/>
        <line num="640" count="0" type="stmt"/>
        <line num="643" count="0" type="stmt"/>
        <line num="649" count="65" type="stmt"/>
        <line num="653" count="0" type="stmt"/>
        <line num="660" count="0" type="stmt"/>
        <line num="681" count="0" type="stmt"/>
        <line num="682" count="0" type="stmt"/>
        <line num="683" count="0" type="stmt"/>
        <line num="685" count="0" type="cond" truecount="0" falsecount="4"/>
        <line num="686" count="0" type="stmt"/>
        <line num="687" count="0" type="stmt"/>
        <line num="690" count="0" type="stmt"/>
        <line num="694" count="0" type="cond" truecount="0" falsecount="2"/>
        <line num="695" count="0" type="stmt"/>
        <line num="696" count="0" type="stmt"/>
        <line num="698" count="0" type="stmt"/>
        <line num="699" count="0" type="stmt"/>
        <line num="702" count="0" type="stmt"/>
        <line num="703" count="0" type="stmt"/>
        <line num="704" count="0" type="stmt"/>
        <line num="705" count="0" type="stmt"/>
        <line num="706" count="0" type="stmt"/>
        <line num="708" count="0" type="stmt"/>
        <line num="709" count="0" type="stmt"/>
        <line num="715" count="100" type="stmt"/>
        <line num="719" count="0" type="stmt"/>
        <line num="728" count="0" type="stmt"/>
        <line num="758" count="0" type="stmt"/>
        <line num="765" count="0" type="stmt"/>
        <line num="766" count="0" type="stmt"/>
        <line num="770" count="0" type="stmt"/>
        <line num="771" count="0" type="stmt"/>
        <line num="772" count="0" type="stmt"/>
        <line num="777" count="0" type="stmt"/>
        <line num="781" count="0" type="stmt"/>
        <line num="785" count="0" type="stmt"/>
        <line num="786" count="0" type="stmt"/>
        <line num="787" count="0" type="stmt"/>
        <line num="790" count="0" type="cond" truecount="0" falsecount="2"/>
        <line num="791" count="0" type="stmt"/>
        <line num="794" count="0" type="stmt"/>
        <line num="795" count="0" type="stmt"/>
        <line num="796" count="0" type="stmt"/>
        <line num="797" count="0" type="stmt"/>
        <line num="799" count="0" type="stmt"/>
        <line num="800" count="0" type="stmt"/>
        <line num="807" count="75" type="stmt"/>
        <line num="811" count="0" type="stmt"/>
        <line num="820" count="0" type="stmt"/>
        <line num="857" count="0" type="stmt"/>
        <line num="858" count="0" type="stmt"/>
        <line num="859" count="0" type="stmt"/>
        <line num="860" count="0" type="stmt"/>
        <line num="861" count="0" type="stmt"/>
        <line num="863" count="0" type="stmt"/>
        <line num="864" count="0" type="stmt"/>
        <line num="865" count="0" type="stmt"/>
        <line num="866" count="0" type="stmt"/>
        <line num="867" count="0" type="stmt"/>
        <line num="869" count="0" type="stmt"/>
        <line num="870" count="0" type="stmt"/>
        <line num="876" count="60" type="stmt"/>
        <line num="880" count="0" type="stmt"/>
        <line num="891" count="0" type="stmt"/>
        <line num="941" count="0" type="stmt"/>
        <line num="942" count="0" type="stmt"/>
        <line num="943" count="0" type="stmt"/>
        <line num="944" count="0" type="stmt"/>
        <line num="945" count="0" type="stmt"/>
        <line num="946" count="0" type="stmt"/>
        <line num="947" count="0" type="stmt"/>
        <line num="949" count="0" type="cond" truecount="0" falsecount="2"/>
        <line num="950" count="0" type="stmt"/>
        <line num="951" count="0" type="stmt"/>
        <line num="952" count="0" type="stmt"/>
        <line num="953" count="0" type="stmt"/>
        <line num="954" count="0" type="stmt"/>
        <line num="955" count="0" type="stmt"/>
        <line num="956" count="0" type="stmt"/>
        <line num="957" count="0" type="stmt"/>
        <line num="959" count="0" type="stmt"/>
        <line num="960" count="0" type="stmt"/>
        <line num="961" count="0" type="stmt"/>
        <line num="962" count="0" type="stmt"/>
        <line num="964" count="0" type="stmt"/>
        <line num="965" count="0" type="stmt"/>
        <line num="967" count="0" type="stmt"/>
        <line num="968" count="0" type="stmt"/>
        <line num="971" count="0" type="stmt"/>
        <line num="978" count="65" type="stmt"/>
        <line num="982" count="0" type="stmt"/>
        <line num="994" count="0" type="stmt"/>
        <line num="1055" count="0" type="stmt"/>
        <line num="1056" count="0" type="cond" truecount="0" falsecount="2"/>
        <line num="1057" count="0" type="cond" truecount="0" falsecount="2"/>
        <line num="1058" count="0" type="cond" truecount="0" falsecount="2"/>
        <line num="1059" count="0" type="cond" truecount="0" falsecount="2"/>
        <line num="1060" count="0" type="cond" truecount="0" falsecount="2"/>
        <line num="1061" count="0" type="cond" truecount="0" falsecount="2"/>
        <line num="1062" count="0" type="stmt"/>
        <line num="1064" count="0" type="stmt"/>
        <line num="1065" count="0" type="stmt"/>
        <line num="1066" count="0" type="stmt"/>
        <line num="1068" count="0" type="stmt"/>
        <line num="1069" count="0" type="stmt"/>
        <line num="1071" count="0" type="stmt"/>
        <line num="1073" count="0" type="cond" truecount="0" falsecount="2"/>
        <line num="1074" count="0" type="stmt"/>
        <line num="1075" count="0" type="stmt"/>
        <line num="1076" count="0" type="stmt"/>
        <line num="1077" count="0" type="stmt"/>
        <line num="1079" count="0" type="stmt"/>
        <line num="1080" count="0" type="stmt"/>
        <line num="1081" count="0" type="stmt"/>
        <line num="1082" count="0" type="stmt"/>
        <line num="1084" count="0" type="cond" truecount="0" falsecount="4"/>
        <line num="1085" count="0" type="stmt"/>
        <line num="1086" count="0" type="stmt"/>
        <line num="1088" count="0" type="stmt"/>
        <line num="1091" count="0" type="stmt"/>
        <line num="1093" count="0" type="stmt"/>
        <line num="1094" count="0" type="stmt"/>
        <line num="1095" count="0" type="stmt"/>
        <line num="1097" count="0" type="stmt"/>
        <line num="1098" count="0" type="stmt"/>
        <line num="1101" count="0" type="stmt"/>
        <line num="1108" count="60" type="stmt"/>
        <line num="1112" count="0" type="stmt"/>
        <line num="1120" count="0" type="stmt"/>
        <line num="1143" count="0" type="stmt"/>
        <line num="1144" count="0" type="stmt"/>
        <line num="1145" count="0" type="stmt"/>
        <line num="1146" count="0" type="stmt"/>
        <line num="1147" count="0" type="stmt"/>
        <line num="1148" count="0" type="cond" truecount="0" falsecount="2"/>
        <line num="1150" count="0" type="stmt"/>
        <line num="1151" count="0" type="cond" truecount="0" falsecount="2"/>
        <line num="1152" count="0" type="stmt"/>
        <line num="1153" count="0" type="stmt"/>
        <line num="1154" count="0" type="stmt"/>
        <line num="1158" count="0" type="stmt"/>
        <line num="1162" count="0" type="stmt"/>
        <line num="1163" count="0" type="stmt"/>
        <line num="1171" count="0" type="stmt"/>
        <line num="1172" count="0" type="stmt"/>
        <line num="1173" count="0" type="stmt"/>
        <line num="1174" count="0" type="stmt"/>
        <line num="1184" count="45" type="stmt"/>
        <line num="1188" count="0" type="stmt"/>
        <line num="1194" count="0" type="stmt"/>
        <line num="1205" count="0" type="stmt"/>
        <line num="1206" count="0" type="stmt"/>
        <line num="1208" count="0" type="stmt"/>
        <line num="1209" count="0" type="cond" truecount="0" falsecount="2"/>
        <line num="1210" count="0" type="stmt"/>
        <line num="1211" count="0" type="stmt"/>
        <line num="1212" count="0" type="cond" truecount="0" falsecount="2"/>
        <line num="1213" count="0" type="stmt"/>
        <line num="1214" count="0" type="stmt"/>
        <line num="1216" count="0" type="stmt"/>
        <line num="1222" count="15" type="stmt"/>
        <line num="1226" count="0" type="stmt"/>
        <line num="1232" count="0" type="stmt"/>
        <line num="1245" count="0" type="stmt"/>
        <line num="1246" count="0" type="cond" truecount="0" falsecount="2"/>
        <line num="1247" count="0" type="stmt"/>
        <line num="1252" count="0" type="stmt"/>
        <line num="1253" count="0" type="stmt"/>
        <line num="1255" count="0" type="stmt"/>
        <line num="1256" count="0" type="stmt"/>
        <line num="1257" count="0" type="stmt"/>
        <line num="1258" count="0" type="stmt"/>
        <line num="1264" count="30" type="stmt"/>
        <line num="1268" count="0" type="stmt"/>
        <line num="1274" count="0" type="stmt"/>
        <line num="1287" count="3" type="stmt"/>
        <line num="1288" count="3" type="stmt"/>
        <line num="1289" count="3" type="stmt"/>
        <line num="1290" count="3" type="cond" truecount="2" falsecount="0"/>
        <line num="1293" count="3" type="stmt"/>
        <line num="1299" count="3" type="stmt"/>
        <line num="1300" count="3" type="stmt"/>
        <line num="1302" count="3" type="stmt"/>
        <line num="1303" count="3" type="stmt"/>
        <line num="1304" count="3" type="stmt"/>
        <line num="1305" count="3" type="stmt"/>
        <line num="1306" count="3" type="stmt"/>
        <line num="1308" count="3" type="stmt"/>
        <line num="1309" count="3" type="stmt"/>
        <line num="1311" count="3" type="stmt"/>
        <line num="1312" count="30" type="stmt"/>
        <line num="1313" count="300" type="stmt"/>
        <line num="1314" count="300" type="stmt"/>
        <line num="1315" count="900" type="stmt"/>
        <line num="1316" count="2700" type="stmt"/>
        <line num="1317" count="2700" type="stmt"/>
        <line num="1318" count="2700" type="cond" truecount="6" falsecount="0"/>
        <line num="1319" count="2352" type="stmt"/>
        <line num="1320" count="2352" type="stmt"/>
        <line num="1321" count="2352" type="stmt"/>
        <line num="1322" count="2352" type="stmt"/>
        <line num="1323" count="2352" type="stmt"/>
        <line num="1327" count="300" type="stmt"/>
        <line num="1328" count="300" type="stmt"/>
        <line num="1329" count="300" type="stmt"/>
        <line num="1330" count="300" type="stmt"/>
        <line num="1331" count="300" type="stmt"/>
        <line num="1335" count="3" type="stmt"/>
        <line num="1341" count="5" type="stmt"/>
        <line num="1343" count="5" type="stmt"/>
        <line num="1344" count="5" type="stmt"/>
        <line num="1345" count="5" type="stmt"/>
        <line num="1346" count="5" type="stmt"/>
        <line num="1347" count="5" type="stmt"/>
        <line num="1348" count="5" type="stmt"/>
        <line num="1349" count="5" type="stmt"/>
        <line num="1350" count="5" type="stmt"/>
        <line num="1351" count="5" type="stmt"/>
        <line num="1352" count="5" type="stmt"/>
        <line num="1353" count="5" type="stmt"/>
        <line num="1354" count="5" type="stmt"/>
        <line num="1355" count="5" type="stmt"/>
        <line num="1356" count="5" type="stmt"/>
        <line num="1357" count="5" type="stmt"/>
        <line num="1358" count="5" type="stmt"/>
        <line num="1359" count="5" type="stmt"/>
        <line num="1360" count="5" type="stmt"/>
        <line num="1361" count="5" type="stmt"/>
        <line num="1362" count="5" type="stmt"/>
        <line num="1365" count="5" type="stmt"/>
      </file>
      <file name="jest.imageDataSerializer.js" path="C:\Users\richt\Desktop\WEBDEV\picsmasher\jest.imageDataSerializer.js">
        <metrics statements="3" coveredstatements="3" conditionals="3" coveredconditionals="3" methods="2" coveredmethods="2"/>
        <line num="4" count="5" type="stmt"/>
        <line num="6" count="13" type="cond" truecount="3" falsecount="0"/>
        <line num="9" count="13" type="stmt"/>
      </file>
    </package>
    <package name="picsmasher.helpers">
      <metrics statements="4" coveredstatements="4" conditionals="0" coveredconditionals="0" methods="1" coveredmethods="1"/>
      <file name="testHelpers.js" path="C:\Users\richt\Desktop\WEBDEV\picsmasher\helpers\testHelpers.js">
        <metrics statements="4" coveredstatements="4" conditionals="0" coveredconditionals="0" methods="1" coveredmethods="1"/>
        <line num="12" count="13" type="stmt"/>
        <line num="13" count="13" type="stmt"/>
        <line num="15" count="13" type="stmt"/>
        <line num="22" count="5" type="stmt"/>
      </file>
    </package>
  </project>
</coverage>
