{"C:\\Users\\richt\\Desktop\\WEBDEV\\picsmasher\\effects.js": {"path":"C:\\Users\\richt\\Desktop\\WEBDEV\\picsmasher\\effects.js","statementMap":{"0":{"start":{"line":8,"column":8},"end":{"line":8,"column":34}},"1":{"start":{"line":9,"column":8},"end":{"line":9,"column":29}},"2":{"start":{"line":18,"column":8},"end":{"line":18,"column":55}},"3":{"start":{"line":19,"column":8},"end":{"line":19,"column":42}},"4":{"start":{"line":21,"column":8},"end":{"line":21,"column":79}},"5":{"start":{"line":21,"column":39},"end":{"line":21,"column":77}},"6":{"start":{"line":31,"column":28},"end":{"line":31,"column":60}},"7":{"start":{"line":32,"column":8},"end":{"line":37,"column":9}},"8":{"start":{"line":33,"column":12},"end":{"line":33,"column":47}},"9":{"start":{"line":35,"column":12},"end":{"line":35,"column":75}},"10":{"start":{"line":36,"column":12},"end":{"line":36,"column":24}},"11":{"start":{"line":45,"column":8},"end":{"line":45,"column":31}},"12":{"start":{"line":54,"column":8},"end":{"line":54,"column":29}},"13":{"start":{"line":58,"column":8},"end":{"line":58,"column":18}},"14":{"start":{"line":62,"column":8},"end":{"line":62,"column":18}},"15":{"start":{"line":66,"column":8},"end":{"line":66,"column":37}},"16":{"start":{"line":78,"column":8},"end":{"line":78,"column":31}},"17":{"start":{"line":82,"column":8},"end":{"line":84,"column":10}},"18":{"start":{"line":88,"column":8},"end":{"line":97,"column":10}},"19":{"start":{"line":101,"column":8},"end":{"line":101,"column":46}},"20":{"start":{"line":102,"column":26},"end":{"line":102,"column":77}},"21":{"start":{"line":103,"column":21},"end":{"line":103,"column":35}},"22":{"start":{"line":104,"column":26},"end":{"line":104,"column":70}},"23":{"start":{"line":105,"column":23},"end":{"line":105,"column":38}},"24":{"start":{"line":107,"column":8},"end":{"line":119,"column":9}},"25":{"start":{"line":107,"column":21},"end":{"line":107,"column":22}},"26":{"start":{"line":109,"column":12},"end":{"line":109,"column":76}},"27":{"start":{"line":110,"column":12},"end":{"line":113,"column":14}},"28":{"start":{"line":114,"column":12},"end":{"line":117,"column":14}},"29":{"start":{"line":121,"column":8},"end":{"line":121,"column":42}},"30":{"start":{"line":127,"column":8},"end":{"line":127,"column":27}},"31":{"start":{"line":131,"column":8},"end":{"line":133,"column":10}},"32":{"start":{"line":137,"column":8},"end":{"line":146,"column":10}},"33":{"start":{"line":150,"column":8},"end":{"line":150,"column":49}},"34":{"start":{"line":151,"column":24},"end":{"line":151,"column":75}},"35":{"start":{"line":152,"column":21},"end":{"line":152,"column":35}},"36":{"start":{"line":153,"column":26},"end":{"line":153,"column":70}},"37":{"start":{"line":154,"column":23},"end":{"line":154,"column":38}},"38":{"start":{"line":156,"column":8},"end":{"line":161,"column":9}},"39":{"start":{"line":156,"column":21},"end":{"line":156,"column":22}},"40":{"start":{"line":157,"column":24},"end":{"line":157,"column":65}},"41":{"start":{"line":158,"column":12},"end":{"line":158,"column":57}},"42":{"start":{"line":159,"column":12},"end":{"line":159,"column":69}},"43":{"start":{"line":160,"column":12},"end":{"line":160,"column":69}},"44":{"start":{"line":163,"column":8},"end":{"line":163,"column":42}},"45":{"start":{"line":169,"column":8},"end":{"line":169,"column":23}},"46":{"start":{"line":173,"column":8},"end":{"line":175,"column":10}},"47":{"start":{"line":179,"column":8},"end":{"line":188,"column":10}},"48":{"start":{"line":192,"column":8},"end":{"line":192,"column":45}},"49":{"start":{"line":193,"column":24},"end":{"line":193,"column":75}},"50":{"start":{"line":194,"column":21},"end":{"line":194,"column":35}},"51":{"start":{"line":195,"column":26},"end":{"line":195,"column":70}},"52":{"start":{"line":196,"column":23},"end":{"line":196,"column":38}},"53":{"start":{"line":198,"column":8},"end":{"line":218,"column":9}},"54":{"start":{"line":198,"column":21},"end":{"line":198,"column":22}},"55":{"start":{"line":199,"column":24},"end":{"line":199,"column":31}},"56":{"start":{"line":200,"column":26},"end":{"line":200,"column":37}},"57":{"start":{"line":201,"column":25},"end":{"line":201,"column":36}},"58":{"start":{"line":203,"column":12},"end":{"line":207,"column":29}},"59":{"start":{"line":208,"column":12},"end":{"line":212,"column":31}},"60":{"start":{"line":213,"column":12},"end":{"line":217,"column":30}},"61":{"start":{"line":220,"column":8},"end":{"line":220,"column":42}},"62":{"start":{"line":226,"column":8},"end":{"line":226,"column":37}},"63":{"start":{"line":230,"column":8},"end":{"line":233,"column":10}},"64":{"start":{"line":237,"column":8},"end":{"line":254,"column":10}},"65":{"start":{"line":258,"column":8},"end":{"line":258,"column":59}},"66":{"start":{"line":259,"column":26},"end":{"line":259,"column":77}},"67":{"start":{"line":260,"column":21},"end":{"line":260,"column":35}},"68":{"start":{"line":261,"column":39},"end":{"line":261,"column":54}},"69":{"start":{"line":264,"column":8},"end":{"line":264,"column":49}},"70":{"start":{"line":265,"column":8},"end":{"line":265,"column":45}},"71":{"start":{"line":268,"column":23},"end":{"line":268,"column":74}},"72":{"start":{"line":270,"column":8},"end":{"line":281,"column":9}},"73":{"start":{"line":270,"column":21},"end":{"line":270,"column":22}},"74":{"start":{"line":272,"column":12},"end":{"line":272,"column":66}},"75":{"start":{"line":273,"column":12},"end":{"line":273,"column":74}},"76":{"start":{"line":274,"column":12},"end":{"line":274,"column":74}},"77":{"start":{"line":277,"column":12},"end":{"line":277,"column":58}},"78":{"start":{"line":278,"column":12},"end":{"line":278,"column":66}},"79":{"start":{"line":279,"column":12},"end":{"line":279,"column":66}},"80":{"start":{"line":283,"column":8},"end":{"line":283,"column":42}},"81":{"start":{"line":289,"column":8},"end":{"line":289,"column":30}},"82":{"start":{"line":293,"column":8},"end":{"line":300,"column":10}},"83":{"start":{"line":304,"column":8},"end":{"line":359,"column":10}},"84":{"start":{"line":363,"column":8},"end":{"line":363,"column":52}},"85":{"start":{"line":364,"column":21},"end":{"line":364,"column":55}},"86":{"start":{"line":365,"column":25},"end":{"line":365,"column":65}},"87":{"start":{"line":367,"column":12},"end":{"line":367,"column":69}},"88":{"start":{"line":368,"column":22},"end":{"line":368,"column":56}},"89":{"start":{"line":369,"column":18},"end":{"line":369,"column":53}},"90":{"start":{"line":370,"column":18},"end":{"line":370,"column":53}},"91":{"start":{"line":372,"column":8},"end":{"line":372,"column":54}},"92":{"start":{"line":373,"column":8},"end":{"line":373,"column":30}},"93":{"start":{"line":374,"column":8},"end":{"line":374,"column":33}},"94":{"start":{"line":375,"column":8},"end":{"line":375,"column":36}},"95":{"start":{"line":376,"column":8},"end":{"line":376,"column":80}},"96":{"start":{"line":382,"column":8},"end":{"line":382,"column":30}},"97":{"start":{"line":386,"column":8},"end":{"line":391,"column":10}},"98":{"start":{"line":395,"column":8},"end":{"line":428,"column":10}},"99":{"start":{"line":432,"column":8},"end":{"line":432,"column":52}},"100":{"start":{"line":433,"column":24},"end":{"line":433,"column":75}},"101":{"start":{"line":434,"column":21},"end":{"line":434,"column":35}},"102":{"start":{"line":435,"column":20},"end":{"line":435,"column":56}},"103":{"start":{"line":436,"column":22},"end":{"line":436,"column":60}},"104":{"start":{"line":437,"column":21},"end":{"line":437,"column":58}},"105":{"start":{"line":438,"column":26},"end":{"line":438,"column":70}},"106":{"start":{"line":439,"column":23},"end":{"line":439,"column":38}},"107":{"start":{"line":441,"column":8},"end":{"line":445,"column":9}},"108":{"start":{"line":441,"column":21},"end":{"line":441,"column":22}},"109":{"start":{"line":442,"column":12},"end":{"line":442,"column":57}},"110":{"start":{"line":443,"column":12},"end":{"line":443,"column":71}},"111":{"start":{"line":444,"column":12},"end":{"line":444,"column":70}},"112":{"start":{"line":447,"column":8},"end":{"line":447,"column":42}},"113":{"start":{"line":453,"column":8},"end":{"line":453,"column":22}},"114":{"start":{"line":457,"column":8},"end":{"line":459,"column":10}},"115":{"start":{"line":463,"column":8},"end":{"line":472,"column":10}},"116":{"start":{"line":476,"column":8},"end":{"line":476,"column":44}},"117":{"start":{"line":477,"column":8},"end":{"line":493,"column":9}},"118":{"start":{"line":479,"column":31},"end":{"line":479,"column":63}},"119":{"start":{"line":480,"column":12},"end":{"line":480,"column":44}},"120":{"start":{"line":481,"column":12},"end":{"line":481,"column":46}},"121":{"start":{"line":482,"column":28},"end":{"line":482,"column":55}},"122":{"start":{"line":484,"column":12},"end":{"line":484,"column":65}},"123":{"start":{"line":485,"column":12},"end":{"line":485,"column":44}},"124":{"start":{"line":487,"column":12},"end":{"line":487,"column":61}},"125":{"start":{"line":488,"column":12},"end":{"line":488,"column":44}},"126":{"start":{"line":492,"column":12},"end":{"line":492,"column":78}},"127":{"start":{"line":499,"column":8},"end":{"line":499,"column":28}},"128":{"start":{"line":503,"column":8},"end":{"line":505,"column":10}},"129":{"start":{"line":509,"column":8},"end":{"line":518,"column":10}},"130":{"start":{"line":522,"column":8},"end":{"line":522,"column":50}},"131":{"start":{"line":523,"column":8},"end":{"line":523,"column":63}},"132":{"start":{"line":524,"column":8},"end":{"line":524,"column":36}},"133":{"start":{"line":525,"column":8},"end":{"line":525,"column":28}},"134":{"start":{"line":531,"column":8},"end":{"line":531,"column":26}},"135":{"start":{"line":535,"column":8},"end":{"line":537,"column":10}},"136":{"start":{"line":541,"column":8},"end":{"line":550,"column":10}},"137":{"start":{"line":554,"column":8},"end":{"line":554,"column":48}},"138":{"start":{"line":555,"column":21},"end":{"line":555,"column":41}},"139":{"start":{"line":556,"column":22},"end":{"line":556,"column":34}},"140":{"start":{"line":557,"column":23},"end":{"line":557,"column":36}},"141":{"start":{"line":558,"column":8},"end":{"line":558,"column":65}},"142":{"start":{"line":559,"column":8},"end":{"line":569,"column":10}},"143":{"start":{"line":575,"column":8},"end":{"line":575,"column":31}},"144":{"start":{"line":579,"column":8},"end":{"line":581,"column":10}},"145":{"start":{"line":585,"column":8},"end":{"line":594,"column":10}},"146":{"start":{"line":598,"column":8},"end":{"line":598,"column":53}},"147":{"start":{"line":599,"column":24},"end":{"line":599,"column":53}},"148":{"start":{"line":602,"column":27},"end":{"line":602,"column":59}},"149":{"start":{"line":603,"column":8},"end":{"line":603,"column":40}},"150":{"start":{"line":604,"column":8},"end":{"line":604,"column":42}},"151":{"start":{"line":605,"column":24},"end":{"line":605,"column":51}},"152":{"start":{"line":608,"column":8},"end":{"line":608,"column":40}},"153":{"start":{"line":611,"column":26},"end":{"line":616,"column":9}},"154":{"start":{"line":617,"column":26},"end":{"line":617,"column":70}},"155":{"start":{"line":620,"column":8},"end":{"line":622,"column":9}},"156":{"start":{"line":620,"column":21},"end":{"line":620,"column":22}},"157":{"start":{"line":621,"column":12},"end":{"line":621,"column":45}},"158":{"start":{"line":625,"column":24},"end":{"line":625,"column":67}},"159":{"start":{"line":626,"column":20},"end":{"line":626,"column":31}},"160":{"start":{"line":627,"column":8},"end":{"line":627,"column":26}},"161":{"start":{"line":628,"column":8},"end":{"line":648,"column":10}},"162":{"start":{"line":630,"column":12},"end":{"line":630,"column":65}},"163":{"start":{"line":631,"column":12},"end":{"line":631,"column":41}},"164":{"start":{"line":634,"column":34},"end":{"line":639,"column":13}},"165":{"start":{"line":642,"column":12},"end":{"line":644,"column":13}},"166":{"start":{"line":642,"column":25},"end":{"line":642,"column":26}},"167":{"start":{"line":643,"column":16},"end":{"line":643,"column":53}},"168":{"start":{"line":647,"column":12},"end":{"line":647,"column":50}},"169":{"start":{"line":654,"column":8},"end":{"line":654,"column":23}},"170":{"start":{"line":658,"column":8},"end":{"line":660,"column":10}},"171":{"start":{"line":664,"column":8},"end":{"line":673,"column":10}},"172":{"start":{"line":677,"column":8},"end":{"line":677,"column":45}},"173":{"start":{"line":678,"column":24},"end":{"line":678,"column":75}},"174":{"start":{"line":679,"column":21},"end":{"line":679,"column":35}},"175":{"start":{"line":680,"column":26},"end":{"line":680,"column":51}},"176":{"start":{"line":682,"column":8},"end":{"line":687,"column":9}},"177":{"start":{"line":682,"column":21},"end":{"line":682,"column":22}},"178":{"start":{"line":683,"column":26},"end":{"line":683,"column":59}},"179":{"start":{"line":684,"column":12},"end":{"line":684,"column":29}},"180":{"start":{"line":685,"column":12},"end":{"line":685,"column":33}},"181":{"start":{"line":686,"column":12},"end":{"line":686,"column":33}},"182":{"start":{"line":689,"column":8},"end":{"line":689,"column":42}},"183":{"start":{"line":695,"column":8},"end":{"line":695,"column":32}},"184":{"start":{"line":699,"column":8},"end":{"line":702,"column":10}},"185":{"start":{"line":706,"column":8},"end":{"line":723,"column":10}},"186":{"start":{"line":727,"column":8},"end":{"line":727,"column":52}},"187":{"start":{"line":728,"column":25},"end":{"line":728,"column":46}},"188":{"start":{"line":729,"column":26},"end":{"line":729,"column":48}},"189":{"start":{"line":731,"column":8},"end":{"line":734,"column":9}},"190":{"start":{"line":732,"column":12},"end":{"line":732,"column":38}},"191":{"start":{"line":733,"column":12},"end":{"line":733,"column":40}},"192":{"start":{"line":736,"column":28},"end":{"line":736,"column":52}},"193":{"start":{"line":740,"column":8},"end":{"line":746,"column":9}},"194":{"start":{"line":741,"column":12},"end":{"line":741,"column":38}},"195":{"start":{"line":742,"column":12},"end":{"line":742,"column":47}},"196":{"start":{"line":744,"column":12},"end":{"line":744,"column":36}},"197":{"start":{"line":745,"column":12},"end":{"line":745,"column":47}},"198":{"start":{"line":748,"column":27},"end":{"line":748,"column":59}},"199":{"start":{"line":749,"column":8},"end":{"line":749,"column":36}},"200":{"start":{"line":750,"column":8},"end":{"line":750,"column":38}},"201":{"start":{"line":751,"column":24},"end":{"line":751,"column":51}},"202":{"start":{"line":752,"column":8},"end":{"line":752,"column":61}},"203":{"start":{"line":754,"column":8},"end":{"line":754,"column":57}},"204":{"start":{"line":755,"column":8},"end":{"line":755,"column":69}},"205":{"start":{"line":761,"column":8},"end":{"line":761,"column":28}},"206":{"start":{"line":765,"column":8},"end":{"line":770,"column":10}},"207":{"start":{"line":774,"column":8},"end":{"line":1372,"column":10}},"208":{"start":{"line":1369,"column":20},"end":{"line":1369,"column":46}},"209":{"start":{"line":1376,"column":8},"end":{"line":1376,"column":26}},"210":{"start":{"line":1377,"column":8},"end":{"line":1377,"column":50}},"211":{"start":{"line":1381,"column":26},"end":{"line":1381,"column":28}},"212":{"start":{"line":1382,"column":8},"end":{"line":1387,"column":9}},"213":{"start":{"line":1382,"column":21},"end":{"line":1382,"column":22}},"214":{"start":{"line":1383,"column":12},"end":{"line":1386,"column":15}},"215":{"start":{"line":1388,"column":8},"end":{"line":1388,"column":25}},"216":{"start":{"line":1392,"column":8},"end":{"line":1392,"column":50}},"217":{"start":{"line":1396,"column":8},"end":{"line":1396,"column":53}},"218":{"start":{"line":1397,"column":22},"end":{"line":1397,"column":43}},"219":{"start":{"line":1398,"column":21},"end":{"line":1398,"column":41}},"220":{"start":{"line":1401,"column":8},"end":{"line":1403,"column":9}},"221":{"start":{"line":1402,"column":12},"end":{"line":1402,"column":54}},"222":{"start":{"line":1405,"column":8},"end":{"line":1412,"column":11}},"223":{"start":{"line":1406,"column":22},"end":{"line":1406,"column":50}},"224":{"start":{"line":1407,"column":22},"end":{"line":1407,"column":51}},"225":{"start":{"line":1408,"column":29},"end":{"line":1408,"column":54}},"226":{"start":{"line":1410,"column":12},"end":{"line":1410,"column":45}},"227":{"start":{"line":1411,"column":12},"end":{"line":1411,"column":38}},"228":{"start":{"line":1418,"column":8},"end":{"line":1418,"column":35}},"229":{"start":{"line":1422,"column":8},"end":{"line":1427,"column":10}},"230":{"start":{"line":1431,"column":8},"end":{"line":1464,"column":10}},"231":{"start":{"line":1468,"column":8},"end":{"line":1468,"column":44}},"232":{"start":{"line":1469,"column":18},"end":{"line":1469,"column":70}},"233":{"start":{"line":1470,"column":18},"end":{"line":1470,"column":71}},"234":{"start":{"line":1471,"column":22},"end":{"line":1471,"column":78}},"235":{"start":{"line":1473,"column":12},"end":{"line":1473,"column":70}},"236":{"start":{"line":1475,"column":27},"end":{"line":1475,"column":59}},"237":{"start":{"line":1476,"column":8},"end":{"line":1476,"column":33}},"238":{"start":{"line":1477,"column":8},"end":{"line":1477,"column":35}},"239":{"start":{"line":1478,"column":24},"end":{"line":1478,"column":51}},"240":{"start":{"line":1479,"column":8},"end":{"line":1479,"column":76}},"241":{"start":{"line":1481,"column":8},"end":{"line":1481,"column":57}},"242":{"start":{"line":1482,"column":8},"end":{"line":1482,"column":69}},"243":{"start":{"line":1488,"column":8},"end":{"line":1488,"column":35}},"244":{"start":{"line":1492,"column":8},"end":{"line":1499,"column":10}},"245":{"start":{"line":1503,"column":8},"end":{"line":1549,"column":10}},"246":{"start":{"line":1553,"column":8},"end":{"line":1553,"column":57}},"247":{"start":{"line":1554,"column":25},"end":{"line":1554,"column":49}},"248":{"start":{"line":1555,"column":18},"end":{"line":1555,"column":70}},"249":{"start":{"line":1556,"column":18},"end":{"line":1556,"column":71}},"250":{"start":{"line":1557,"column":22},"end":{"line":1557,"column":78}},"251":{"start":{"line":1559,"column":12},"end":{"line":1559,"column":70}},"252":{"start":{"line":1560,"column":24},"end":{"line":1560,"column":59}},"253":{"start":{"line":1562,"column":8},"end":{"line":1589,"column":9}},"254":{"start":{"line":1563,"column":24},"end":{"line":1563,"column":35}},"255":{"start":{"line":1564,"column":12},"end":{"line":1564,"column":42}},"256":{"start":{"line":1565,"column":12},"end":{"line":1565,"column":31}},"257":{"start":{"line":1566,"column":12},"end":{"line":1579,"column":14}},"258":{"start":{"line":1567,"column":35},"end":{"line":1567,"column":67}},"259":{"start":{"line":1568,"column":16},"end":{"line":1568,"column":48}},"260":{"start":{"line":1569,"column":16},"end":{"line":1569,"column":50}},"261":{"start":{"line":1570,"column":32},"end":{"line":1570,"column":59}},"262":{"start":{"line":1572,"column":16},"end":{"line":1572,"column":48}},"263":{"start":{"line":1573,"column":16},"end":{"line":1573,"column":46}},"264":{"start":{"line":1574,"column":16},"end":{"line":1574,"column":60}},"265":{"start":{"line":1575,"column":16},"end":{"line":1575,"column":40}},"266":{"start":{"line":1577,"column":16},"end":{"line":1577,"column":65}},"267":{"start":{"line":1578,"column":16},"end":{"line":1578,"column":48}},"268":{"start":{"line":1580,"column":12},"end":{"line":1584,"column":14}},"269":{"start":{"line":1581,"column":16},"end":{"line":1583,"column":18}},"270":{"start":{"line":1586,"column":12},"end":{"line":1588,"column":14}},"271":{"start":{"line":1595,"column":8},"end":{"line":1595,"column":31}},"272":{"start":{"line":1599,"column":8},"end":{"line":1607,"column":10}},"273":{"start":{"line":1611,"column":8},"end":{"line":1668,"column":10}},"274":{"start":{"line":1672,"column":8},"end":{"line":1672,"column":53}},"275":{"start":{"line":1673,"column":21},"end":{"line":1673,"column":55}},"276":{"start":{"line":1674,"column":25},"end":{"line":1674,"column":65}},"277":{"start":{"line":1675,"column":27},"end":{"line":1675,"column":77}},"278":{"start":{"line":1676,"column":22},"end":{"line":1676,"column":56}},"279":{"start":{"line":1677,"column":32},"end":{"line":1677,"column":76}},"280":{"start":{"line":1678,"column":23},"end":{"line":1678,"column":61}},"281":{"start":{"line":1679,"column":25},"end":{"line":1679,"column":49}},"282":{"start":{"line":1681,"column":8},"end":{"line":1681,"column":49}},"283":{"start":{"line":1682,"column":8},"end":{"line":1682,"column":33}},"284":{"start":{"line":1683,"column":8},"end":{"line":1683,"column":36}},"285":{"start":{"line":1685,"column":8},"end":{"line":1685,"column":40}},"286":{"start":{"line":1686,"column":8},"end":{"line":1686,"column":49}},"287":{"start":{"line":1688,"column":8},"end":{"line":1688,"column":30}},"288":{"start":{"line":1690,"column":8},"end":{"line":1723,"column":9}},"289":{"start":{"line":1691,"column":26},"end":{"line":1691,"column":41}},"290":{"start":{"line":1692,"column":23},"end":{"line":1692,"column":25}},"291":{"start":{"line":1693,"column":26},"end":{"line":1693,"column":28}},"292":{"start":{"line":1694,"column":29},"end":{"line":1694,"column":46}},"293":{"start":{"line":1696,"column":12},"end":{"line":1707,"column":13}},"294":{"start":{"line":1696,"column":25},"end":{"line":1696,"column":26}},"295":{"start":{"line":1697,"column":33},"end":{"line":1697,"column":54}},"296":{"start":{"line":1698,"column":32},"end":{"line":1698,"column":57}},"297":{"start":{"line":1699,"column":34},"end":{"line":1699,"column":47}},"298":{"start":{"line":1701,"column":16},"end":{"line":1706,"column":17}},"299":{"start":{"line":1702,"column":20},"end":{"line":1702,"column":37}},"300":{"start":{"line":1703,"column":20},"end":{"line":1703,"column":42}},"301":{"start":{"line":1705,"column":20},"end":{"line":1705,"column":36}},"302":{"start":{"line":1708,"column":12},"end":{"line":1708,"column":29}},"303":{"start":{"line":1710,"column":31},"end":{"line":1710,"column":45}},"304":{"start":{"line":1711,"column":32},"end":{"line":1711,"column":57}},"305":{"start":{"line":1712,"column":27},"end":{"line":1712,"column":70}},"306":{"start":{"line":1714,"column":12},"end":{"line":1720,"column":13}},"307":{"start":{"line":1714,"column":25},"end":{"line":1714,"column":26}},"308":{"start":{"line":1715,"column":16},"end":{"line":1719,"column":18}},"309":{"start":{"line":1722,"column":12},"end":{"line":1722,"column":61}},"310":{"start":{"line":1729,"column":8},"end":{"line":1729,"column":31}},"311":{"start":{"line":1733,"column":8},"end":{"line":1737,"column":10}},"312":{"start":{"line":1741,"column":8},"end":{"line":1760,"column":10}},"313":{"start":{"line":1764,"column":8},"end":{"line":1764,"column":53}},"314":{"start":{"line":1765,"column":24},"end":{"line":1765,"column":75}},"315":{"start":{"line":1766,"column":21},"end":{"line":1766,"column":35}},"316":{"start":{"line":1767,"column":28},"end":{"line":1767,"column":70}},"317":{"start":{"line":1768,"column":33},"end":{"line":1770,"column":9}},"318":{"start":{"line":1771,"column":26},"end":{"line":1771,"column":68}},"319":{"start":{"line":1773,"column":8},"end":{"line":1779,"column":9}},"320":{"start":{"line":1773,"column":21},"end":{"line":1773,"column":22}},"321":{"start":{"line":1774,"column":12},"end":{"line":1778,"column":13}},"322":{"start":{"line":1775,"column":16},"end":{"line":1775,"column":45}},"323":{"start":{"line":1776,"column":16},"end":{"line":1776,"column":49}},"324":{"start":{"line":1777,"column":16},"end":{"line":1777,"column":49}},"325":{"start":{"line":1781,"column":8},"end":{"line":1781,"column":42}},"326":{"start":{"line":1785,"column":23},"end":{"line":1785,"column":49}},"327":{"start":{"line":1786,"column":8},"end":{"line":1790,"column":10}},"328":{"start":{"line":1794,"column":18},"end":{"line":1794,"column":29}},"329":{"start":{"line":1795,"column":18},"end":{"line":1795,"column":33}},"330":{"start":{"line":1796,"column":18},"end":{"line":1796,"column":33}},"331":{"start":{"line":1797,"column":8},"end":{"line":1801,"column":10}},"332":{"start":{"line":1807,"column":8},"end":{"line":1807,"column":22}},"333":{"start":{"line":1811,"column":8},"end":{"line":1813,"column":10}},"334":{"start":{"line":1817,"column":8},"end":{"line":1824,"column":10}},"335":{"start":{"line":1828,"column":8},"end":{"line":1828,"column":44}},"336":{"start":{"line":1829,"column":26},"end":{"line":1829,"column":51}},"337":{"start":{"line":1831,"column":8},"end":{"line":1831,"column":19}},"338":{"start":{"line":1832,"column":8},"end":{"line":1838,"column":9}},"339":{"start":{"line":1833,"column":12},"end":{"line":1833,"column":29}},"340":{"start":{"line":1834,"column":12},"end":{"line":1834,"column":52}},"341":{"start":{"line":1835,"column":15},"end":{"line":1838,"column":9}},"342":{"start":{"line":1836,"column":12},"end":{"line":1836,"column":29}},"343":{"start":{"line":1837,"column":12},"end":{"line":1837,"column":53}},"344":{"start":{"line":1839,"column":8},"end":{"line":1839,"column":22}},"345":{"start":{"line":1845,"column":8},"end":{"line":1845,"column":26}},"346":{"start":{"line":1849,"column":8},"end":{"line":1851,"column":10}},"347":{"start":{"line":1855,"column":8},"end":{"line":1864,"column":10}},"348":{"start":{"line":1868,"column":8},"end":{"line":1868,"column":48}},"349":{"start":{"line":1869,"column":26},"end":{"line":1869,"column":69}},"350":{"start":{"line":1870,"column":25},"end":{"line":1877,"column":9}},"351":{"start":{"line":1879,"column":8},"end":{"line":1879,"column":53}},"352":{"start":{"line":1880,"column":8},"end":{"line":1880,"column":70}},"353":{"start":{"line":1882,"column":8},"end":{"line":1882,"column":53}},"354":{"start":{"line":1883,"column":8},"end":{"line":1883,"column":33}},"355":{"start":{"line":1884,"column":8},"end":{"line":1884,"column":56}},"356":{"start":{"line":1885,"column":8},"end":{"line":1885,"column":53}},"357":{"start":{"line":1891,"column":8},"end":{"line":1891,"column":25}},"358":{"start":{"line":1895,"column":8},"end":{"line":1897,"column":10}},"359":{"start":{"line":1901,"column":8},"end":{"line":1910,"column":10}},"360":{"start":{"line":1914,"column":8},"end":{"line":1914,"column":47}},"361":{"start":{"line":1915,"column":26},"end":{"line":1915,"column":77}},"362":{"start":{"line":1916,"column":21},"end":{"line":1916,"column":35}},"363":{"start":{"line":1917,"column":26},"end":{"line":1917,"column":68}},"364":{"start":{"line":1920,"column":23},"end":{"line":1920,"column":54}},"365":{"start":{"line":1922,"column":21},"end":{"line":1922,"column":57}},"366":{"start":{"line":1923,"column":25},"end":{"line":1923,"column":45}},"367":{"start":{"line":1925,"column":20},"end":{"line":1925,"column":34}},"368":{"start":{"line":1926,"column":19},"end":{"line":1926,"column":34}},"369":{"start":{"line":1927,"column":19},"end":{"line":1927,"column":35}},"370":{"start":{"line":1928,"column":18},"end":{"line":1928,"column":20}},"371":{"start":{"line":1929,"column":18},"end":{"line":1929,"column":20}},"372":{"start":{"line":1931,"column":23},"end":{"line":1931,"column":48}},"373":{"start":{"line":1932,"column":20},"end":{"line":1932,"column":31}},"374":{"start":{"line":1934,"column":8},"end":{"line":1958,"column":9}},"375":{"start":{"line":1934,"column":21},"end":{"line":1934,"column":22}},"376":{"start":{"line":1935,"column":12},"end":{"line":1957,"column":13}},"377":{"start":{"line":1935,"column":25},"end":{"line":1935,"column":26}},"378":{"start":{"line":1936,"column":24},"end":{"line":1936,"column":25}},"379":{"start":{"line":1937,"column":24},"end":{"line":1937,"column":25}},"380":{"start":{"line":1938,"column":24},"end":{"line":1938,"column":25}},"381":{"start":{"line":1939,"column":16},"end":{"line":1951,"column":17}},"382":{"start":{"line":1939,"column":30},"end":{"line":1939,"column":31}},"383":{"start":{"line":1940,"column":20},"end":{"line":1950,"column":21}},"384":{"start":{"line":1940,"column":34},"end":{"line":1940,"column":35}},"385":{"start":{"line":1941,"column":36},"end":{"line":1941,"column":53}},"386":{"start":{"line":1942,"column":36},"end":{"line":1942,"column":53}},"387":{"start":{"line":1943,"column":24},"end":{"line":1949,"column":25}},"388":{"start":{"line":1944,"column":46},"end":{"line":1944,"column":66}},"389":{"start":{"line":1945,"column":39},"end":{"line":1945,"column":61}},"390":{"start":{"line":1946,"column":28},"end":{"line":1946,"column":53}},"391":{"start":{"line":1947,"column":28},"end":{"line":1947,"column":57}},"392":{"start":{"line":1948,"column":28},"end":{"line":1948,"column":57}},"393":{"start":{"line":1952,"column":34},"end":{"line":1952,"column":49}},"394":{"start":{"line":1953,"column":16},"end":{"line":1953,"column":75}},"395":{"start":{"line":1954,"column":16},"end":{"line":1954,"column":79}},"396":{"start":{"line":1955,"column":16},"end":{"line":1955,"column":79}},"397":{"start":{"line":1956,"column":16},"end":{"line":1956,"column":63}},"398":{"start":{"line":1960,"column":8},"end":{"line":1960,"column":39}},"399":{"start":{"line":1966,"column":22},"end":{"line":1966,"column":41}},"400":{"start":{"line":1968,"column":0},"end":{"line":1968,"column":53}},"401":{"start":{"line":1969,"column":0},"end":{"line":1969,"column":59}},"402":{"start":{"line":1970,"column":0},"end":{"line":1970,"column":51}},"403":{"start":{"line":1971,"column":0},"end":{"line":1971,"column":77}},"404":{"start":{"line":1972,"column":0},"end":{"line":1972,"column":63}},"405":{"start":{"line":1973,"column":0},"end":{"line":1973,"column":63}},"406":{"start":{"line":1974,"column":0},"end":{"line":1974,"column":49}},"407":{"start":{"line":1975,"column":0},"end":{"line":1975,"column":59}},"408":{"start":{"line":1976,"column":0},"end":{"line":1976,"column":57}},"409":{"start":{"line":1977,"column":0},"end":{"line":1977,"column":65}},"410":{"start":{"line":1978,"column":0},"end":{"line":1978,"column":51}},"411":{"start":{"line":1979,"column":0},"end":{"line":1979,"column":63}},"412":{"start":{"line":1980,"column":0},"end":{"line":1980,"column":51}},"413":{"start":{"line":1981,"column":0},"end":{"line":1981,"column":49}},"414":{"start":{"line":1982,"column":0},"end":{"line":1982,"column":73}},"415":{"start":{"line":1983,"column":0},"end":{"line":1983,"column":63}},"416":{"start":{"line":1984,"column":0},"end":{"line":1984,"column":65}},"417":{"start":{"line":1985,"column":0},"end":{"line":1985,"column":49}},"418":{"start":{"line":1986,"column":0},"end":{"line":1986,"column":57}},"419":{"start":{"line":1987,"column":0},"end":{"line":1987,"column":55}},"420":{"start":{"line":1990,"column":33},"end":{"line":2011,"column":1}}},"fnMap":{"0":{"name":"(anonymous_0)","decl":{"start":{"line":7,"column":4},"end":{"line":7,"column":5}},"loc":{"start":{"line":7,"column":18},"end":{"line":10,"column":5}},"line":7},"1":{"name":"(anonymous_1)","decl":{"start":{"line":17,"column":4},"end":{"line":17,"column":5}},"loc":{"start":{"line":17,"column":44},"end":{"line":22,"column":5}},"line":17},"2":{"name":"(anonymous_2)","decl":{"start":{"line":21,"column":29},"end":{"line":21,"column":30}},"loc":{"start":{"line":21,"column":39},"end":{"line":21,"column":77}},"line":21},"3":{"name":"(anonymous_3)","decl":{"start":{"line":30,"column":4},"end":{"line":30,"column":5}},"loc":{"start":{"line":30,"column":41},"end":{"line":38,"column":5}},"line":30},"4":{"name":"(anonymous_4)","decl":{"start":{"line":44,"column":4},"end":{"line":44,"column":5}},"loc":{"start":{"line":44,"column":17},"end":{"line":46,"column":5}},"line":44},"5":{"name":"(anonymous_5)","decl":{"start":{"line":53,"column":4},"end":{"line":53,"column":5}},"loc":{"start":{"line":53,"column":21},"end":{"line":55,"column":5}},"line":53},"6":{"name":"(anonymous_6)","decl":{"start":{"line":57,"column":4},"end":{"line":57,"column":5}},"loc":{"start":{"line":57,"column":34},"end":{"line":59,"column":5}},"line":57},"7":{"name":"(anonymous_7)","decl":{"start":{"line":61,"column":4},"end":{"line":61,"column":5}},"loc":{"start":{"line":61,"column":25},"end":{"line":63,"column":5}},"line":61},"8":{"name":"(anonymous_8)","decl":{"start":{"line":65,"column":4},"end":{"line":65,"column":5}},"loc":{"start":{"line":65,"column":33},"end":{"line":67,"column":5}},"line":65},"9":{"name":"(anonymous_9)","decl":{"start":{"line":69,"column":4},"end":{"line":69,"column":5}},"loc":{"start":{"line":69,"column":23},"end":{"line":71,"column":5}},"line":69},"10":{"name":"(anonymous_10)","decl":{"start":{"line":77,"column":4},"end":{"line":77,"column":5}},"loc":{"start":{"line":77,"column":21},"end":{"line":79,"column":5}},"line":77},"11":{"name":"(anonymous_11)","decl":{"start":{"line":81,"column":4},"end":{"line":81,"column":5}},"loc":{"start":{"line":81,"column":34},"end":{"line":85,"column":5}},"line":81},"12":{"name":"(anonymous_12)","decl":{"start":{"line":87,"column":4},"end":{"line":87,"column":5}},"loc":{"start":{"line":87,"column":25},"end":{"line":98,"column":5}},"line":87},"13":{"name":"(anonymous_13)","decl":{"start":{"line":100,"column":4},"end":{"line":100,"column":5}},"loc":{"start":{"line":100,"column":23},"end":{"line":122,"column":5}},"line":100},"14":{"name":"(anonymous_14)","decl":{"start":{"line":126,"column":4},"end":{"line":126,"column":5}},"loc":{"start":{"line":126,"column":21},"end":{"line":128,"column":5}},"line":126},"15":{"name":"(anonymous_15)","decl":{"start":{"line":130,"column":4},"end":{"line":130,"column":5}},"loc":{"start":{"line":130,"column":34},"end":{"line":134,"column":5}},"line":130},"16":{"name":"(anonymous_16)","decl":{"start":{"line":136,"column":4},"end":{"line":136,"column":5}},"loc":{"start":{"line":136,"column":25},"end":{"line":147,"column":5}},"line":136},"17":{"name":"(anonymous_17)","decl":{"start":{"line":149,"column":4},"end":{"line":149,"column":5}},"loc":{"start":{"line":149,"column":23},"end":{"line":164,"column":5}},"line":149},"18":{"name":"(anonymous_18)","decl":{"start":{"line":168,"column":4},"end":{"line":168,"column":5}},"loc":{"start":{"line":168,"column":21},"end":{"line":170,"column":5}},"line":168},"19":{"name":"(anonymous_19)","decl":{"start":{"line":172,"column":4},"end":{"line":172,"column":5}},"loc":{"start":{"line":172,"column":34},"end":{"line":176,"column":5}},"line":172},"20":{"name":"(anonymous_20)","decl":{"start":{"line":178,"column":4},"end":{"line":178,"column":5}},"loc":{"start":{"line":178,"column":25},"end":{"line":189,"column":5}},"line":178},"21":{"name":"(anonymous_21)","decl":{"start":{"line":191,"column":4},"end":{"line":191,"column":5}},"loc":{"start":{"line":191,"column":23},"end":{"line":221,"column":5}},"line":191},"22":{"name":"(anonymous_22)","decl":{"start":{"line":225,"column":4},"end":{"line":225,"column":5}},"loc":{"start":{"line":225,"column":21},"end":{"line":227,"column":5}},"line":225},"23":{"name":"(anonymous_23)","decl":{"start":{"line":229,"column":4},"end":{"line":229,"column":5}},"loc":{"start":{"line":229,"column":34},"end":{"line":234,"column":5}},"line":229},"24":{"name":"(anonymous_24)","decl":{"start":{"line":236,"column":4},"end":{"line":236,"column":5}},"loc":{"start":{"line":236,"column":25},"end":{"line":255,"column":5}},"line":236},"25":{"name":"(anonymous_25)","decl":{"start":{"line":257,"column":4},"end":{"line":257,"column":5}},"loc":{"start":{"line":257,"column":23},"end":{"line":284,"column":5}},"line":257},"26":{"name":"(anonymous_26)","decl":{"start":{"line":288,"column":4},"end":{"line":288,"column":5}},"loc":{"start":{"line":288,"column":21},"end":{"line":290,"column":5}},"line":288},"27":{"name":"(anonymous_27)","decl":{"start":{"line":292,"column":4},"end":{"line":292,"column":5}},"loc":{"start":{"line":292,"column":34},"end":{"line":301,"column":5}},"line":292},"28":{"name":"(anonymous_28)","decl":{"start":{"line":303,"column":4},"end":{"line":303,"column":5}},"loc":{"start":{"line":303,"column":25},"end":{"line":360,"column":5}},"line":303},"29":{"name":"(anonymous_29)","decl":{"start":{"line":362,"column":4},"end":{"line":362,"column":5}},"loc":{"start":{"line":362,"column":23},"end":{"line":377,"column":5}},"line":362},"30":{"name":"(anonymous_30)","decl":{"start":{"line":381,"column":4},"end":{"line":381,"column":5}},"loc":{"start":{"line":381,"column":21},"end":{"line":383,"column":5}},"line":381},"31":{"name":"(anonymous_31)","decl":{"start":{"line":385,"column":4},"end":{"line":385,"column":5}},"loc":{"start":{"line":385,"column":34},"end":{"line":392,"column":5}},"line":385},"32":{"name":"(anonymous_32)","decl":{"start":{"line":394,"column":4},"end":{"line":394,"column":5}},"loc":{"start":{"line":394,"column":25},"end":{"line":429,"column":5}},"line":394},"33":{"name":"(anonymous_33)","decl":{"start":{"line":431,"column":4},"end":{"line":431,"column":5}},"loc":{"start":{"line":431,"column":23},"end":{"line":448,"column":5}},"line":431},"34":{"name":"(anonymous_34)","decl":{"start":{"line":452,"column":4},"end":{"line":452,"column":5}},"loc":{"start":{"line":452,"column":21},"end":{"line":454,"column":5}},"line":452},"35":{"name":"(anonymous_35)","decl":{"start":{"line":456,"column":4},"end":{"line":456,"column":5}},"loc":{"start":{"line":456,"column":34},"end":{"line":460,"column":5}},"line":456},"36":{"name":"(anonymous_36)","decl":{"start":{"line":462,"column":4},"end":{"line":462,"column":5}},"loc":{"start":{"line":462,"column":25},"end":{"line":473,"column":5}},"line":462},"37":{"name":"(anonymous_37)","decl":{"start":{"line":475,"column":4},"end":{"line":475,"column":5}},"loc":{"start":{"line":475,"column":23},"end":{"line":494,"column":5}},"line":475},"38":{"name":"(anonymous_38)","decl":{"start":{"line":498,"column":4},"end":{"line":498,"column":5}},"loc":{"start":{"line":498,"column":21},"end":{"line":500,"column":5}},"line":498},"39":{"name":"(anonymous_39)","decl":{"start":{"line":502,"column":4},"end":{"line":502,"column":5}},"loc":{"start":{"line":502,"column":34},"end":{"line":506,"column":5}},"line":502},"40":{"name":"(anonymous_40)","decl":{"start":{"line":508,"column":4},"end":{"line":508,"column":5}},"loc":{"start":{"line":508,"column":25},"end":{"line":519,"column":5}},"line":508},"41":{"name":"(anonymous_41)","decl":{"start":{"line":521,"column":4},"end":{"line":521,"column":5}},"loc":{"start":{"line":521,"column":23},"end":{"line":526,"column":5}},"line":521},"42":{"name":"(anonymous_42)","decl":{"start":{"line":530,"column":4},"end":{"line":530,"column":5}},"loc":{"start":{"line":530,"column":21},"end":{"line":532,"column":5}},"line":530},"43":{"name":"(anonymous_43)","decl":{"start":{"line":534,"column":4},"end":{"line":534,"column":5}},"loc":{"start":{"line":534,"column":34},"end":{"line":538,"column":5}},"line":534},"44":{"name":"(anonymous_44)","decl":{"start":{"line":540,"column":4},"end":{"line":540,"column":5}},"loc":{"start":{"line":540,"column":25},"end":{"line":551,"column":5}},"line":540},"45":{"name":"(anonymous_45)","decl":{"start":{"line":553,"column":4},"end":{"line":553,"column":5}},"loc":{"start":{"line":553,"column":23},"end":{"line":570,"column":5}},"line":553},"46":{"name":"(anonymous_46)","decl":{"start":{"line":574,"column":4},"end":{"line":574,"column":5}},"loc":{"start":{"line":574,"column":21},"end":{"line":576,"column":5}},"line":574},"47":{"name":"(anonymous_47)","decl":{"start":{"line":578,"column":4},"end":{"line":578,"column":5}},"loc":{"start":{"line":578,"column":34},"end":{"line":582,"column":5}},"line":578},"48":{"name":"(anonymous_48)","decl":{"start":{"line":584,"column":4},"end":{"line":584,"column":5}},"loc":{"start":{"line":584,"column":25},"end":{"line":595,"column":5}},"line":584},"49":{"name":"(anonymous_49)","decl":{"start":{"line":597,"column":4},"end":{"line":597,"column":5}},"loc":{"start":{"line":597,"column":23},"end":{"line":649,"column":5}},"line":597},"50":{"name":"(anonymous_50)","decl":{"start":{"line":628,"column":21},"end":{"line":628,"column":22}},"loc":{"start":{"line":628,"column":27},"end":{"line":648,"column":9}},"line":628},"51":{"name":"(anonymous_51)","decl":{"start":{"line":653,"column":4},"end":{"line":653,"column":5}},"loc":{"start":{"line":653,"column":21},"end":{"line":655,"column":5}},"line":653},"52":{"name":"(anonymous_52)","decl":{"start":{"line":657,"column":4},"end":{"line":657,"column":5}},"loc":{"start":{"line":657,"column":34},"end":{"line":661,"column":5}},"line":657},"53":{"name":"(anonymous_53)","decl":{"start":{"line":663,"column":4},"end":{"line":663,"column":5}},"loc":{"start":{"line":663,"column":25},"end":{"line":674,"column":5}},"line":663},"54":{"name":"(anonymous_54)","decl":{"start":{"line":676,"column":4},"end":{"line":676,"column":5}},"loc":{"start":{"line":676,"column":23},"end":{"line":690,"column":5}},"line":676},"55":{"name":"(anonymous_55)","decl":{"start":{"line":694,"column":4},"end":{"line":694,"column":5}},"loc":{"start":{"line":694,"column":21},"end":{"line":696,"column":5}},"line":694},"56":{"name":"(anonymous_56)","decl":{"start":{"line":698,"column":4},"end":{"line":698,"column":5}},"loc":{"start":{"line":698,"column":34},"end":{"line":703,"column":5}},"line":698},"57":{"name":"(anonymous_57)","decl":{"start":{"line":705,"column":4},"end":{"line":705,"column":5}},"loc":{"start":{"line":705,"column":25},"end":{"line":724,"column":5}},"line":705},"58":{"name":"(anonymous_58)","decl":{"start":{"line":726,"column":4},"end":{"line":726,"column":5}},"loc":{"start":{"line":726,"column":23},"end":{"line":756,"column":5}},"line":726},"59":{"name":"(anonymous_59)","decl":{"start":{"line":760,"column":4},"end":{"line":760,"column":5}},"loc":{"start":{"line":760,"column":21},"end":{"line":762,"column":5}},"line":760},"60":{"name":"(anonymous_60)","decl":{"start":{"line":764,"column":4},"end":{"line":764,"column":5}},"loc":{"start":{"line":764,"column":34},"end":{"line":771,"column":5}},"line":764},"61":{"name":"(anonymous_61)","decl":{"start":{"line":773,"column":4},"end":{"line":773,"column":5}},"loc":{"start":{"line":773,"column":25},"end":{"line":1373,"column":5}},"line":773},"62":{"name":"(anonymous_62)","decl":{"start":{"line":1368,"column":24},"end":{"line":1368,"column":25}},"loc":{"start":{"line":1368,"column":36},"end":{"line":1370,"column":17}},"line":1368},"63":{"name":"(anonymous_63)","decl":{"start":{"line":1375,"column":4},"end":{"line":1375,"column":5}},"loc":{"start":{"line":1375,"column":33},"end":{"line":1378,"column":5}},"line":1375},"64":{"name":"(anonymous_64)","decl":{"start":{"line":1380,"column":4},"end":{"line":1380,"column":5}},"loc":{"start":{"line":1380,"column":24},"end":{"line":1389,"column":5}},"line":1380},"65":{"name":"(anonymous_65)","decl":{"start":{"line":1391,"column":4},"end":{"line":1391,"column":5}},"loc":{"start":{"line":1391,"column":23},"end":{"line":1393,"column":5}},"line":1391},"66":{"name":"(anonymous_66)","decl":{"start":{"line":1395,"column":4},"end":{"line":1395,"column":5}},"loc":{"start":{"line":1395,"column":23},"end":{"line":1413,"column":5}},"line":1395},"67":{"name":"(anonymous_67)","decl":{"start":{"line":1405,"column":31},"end":{"line":1405,"column":32}},"loc":{"start":{"line":1405,"column":40},"end":{"line":1412,"column":9}},"line":1405},"68":{"name":"(anonymous_68)","decl":{"start":{"line":1417,"column":4},"end":{"line":1417,"column":5}},"loc":{"start":{"line":1417,"column":21},"end":{"line":1419,"column":5}},"line":1417},"69":{"name":"(anonymous_69)","decl":{"start":{"line":1421,"column":4},"end":{"line":1421,"column":5}},"loc":{"start":{"line":1421,"column":34},"end":{"line":1428,"column":5}},"line":1421},"70":{"name":"(anonymous_70)","decl":{"start":{"line":1430,"column":4},"end":{"line":1430,"column":5}},"loc":{"start":{"line":1430,"column":25},"end":{"line":1465,"column":5}},"line":1430},"71":{"name":"(anonymous_71)","decl":{"start":{"line":1467,"column":4},"end":{"line":1467,"column":5}},"loc":{"start":{"line":1467,"column":23},"end":{"line":1483,"column":5}},"line":1467},"72":{"name":"(anonymous_72)","decl":{"start":{"line":1487,"column":4},"end":{"line":1487,"column":5}},"loc":{"start":{"line":1487,"column":21},"end":{"line":1489,"column":5}},"line":1487},"73":{"name":"(anonymous_73)","decl":{"start":{"line":1491,"column":4},"end":{"line":1491,"column":5}},"loc":{"start":{"line":1491,"column":34},"end":{"line":1500,"column":5}},"line":1491},"74":{"name":"(anonymous_74)","decl":{"start":{"line":1502,"column":4},"end":{"line":1502,"column":5}},"loc":{"start":{"line":1502,"column":25},"end":{"line":1550,"column":5}},"line":1502},"75":{"name":"(anonymous_75)","decl":{"start":{"line":1552,"column":4},"end":{"line":1552,"column":5}},"loc":{"start":{"line":1552,"column":23},"end":{"line":1590,"column":5}},"line":1552},"76":{"name":"(anonymous_76)","decl":{"start":{"line":1566,"column":25},"end":{"line":1566,"column":26}},"loc":{"start":{"line":1566,"column":31},"end":{"line":1579,"column":13}},"line":1566},"77":{"name":"(anonymous_77)","decl":{"start":{"line":1580,"column":26},"end":{"line":1580,"column":27}},"loc":{"start":{"line":1580,"column":32},"end":{"line":1584,"column":13}},"line":1580},"78":{"name":"(anonymous_78)","decl":{"start":{"line":1594,"column":4},"end":{"line":1594,"column":5}},"loc":{"start":{"line":1594,"column":21},"end":{"line":1596,"column":5}},"line":1594},"79":{"name":"(anonymous_79)","decl":{"start":{"line":1598,"column":4},"end":{"line":1598,"column":5}},"loc":{"start":{"line":1598,"column":34},"end":{"line":1608,"column":5}},"line":1598},"80":{"name":"(anonymous_80)","decl":{"start":{"line":1610,"column":4},"end":{"line":1610,"column":5}},"loc":{"start":{"line":1610,"column":25},"end":{"line":1669,"column":5}},"line":1610},"81":{"name":"(anonymous_81)","decl":{"start":{"line":1671,"column":4},"end":{"line":1671,"column":5}},"loc":{"start":{"line":1671,"column":23},"end":{"line":1724,"column":5}},"line":1671},"82":{"name":"(anonymous_82)","decl":{"start":{"line":1728,"column":4},"end":{"line":1728,"column":5}},"loc":{"start":{"line":1728,"column":21},"end":{"line":1730,"column":5}},"line":1728},"83":{"name":"(anonymous_83)","decl":{"start":{"line":1732,"column":4},"end":{"line":1732,"column":5}},"loc":{"start":{"line":1732,"column":34},"end":{"line":1738,"column":5}},"line":1732},"84":{"name":"(anonymous_84)","decl":{"start":{"line":1740,"column":4},"end":{"line":1740,"column":5}},"loc":{"start":{"line":1740,"column":25},"end":{"line":1761,"column":5}},"line":1740},"85":{"name":"(anonymous_85)","decl":{"start":{"line":1763,"column":4},"end":{"line":1763,"column":5}},"loc":{"start":{"line":1763,"column":23},"end":{"line":1782,"column":5}},"line":1763},"86":{"name":"(anonymous_86)","decl":{"start":{"line":1784,"column":4},"end":{"line":1784,"column":5}},"loc":{"start":{"line":1784,"column":18},"end":{"line":1791,"column":5}},"line":1784},"87":{"name":"(anonymous_87)","decl":{"start":{"line":1793,"column":4},"end":{"line":1793,"column":5}},"loc":{"start":{"line":1793,"column":52},"end":{"line":1802,"column":5}},"line":1793},"88":{"name":"(anonymous_88)","decl":{"start":{"line":1806,"column":4},"end":{"line":1806,"column":5}},"loc":{"start":{"line":1806,"column":21},"end":{"line":1808,"column":5}},"line":1806},"89":{"name":"(anonymous_89)","decl":{"start":{"line":1810,"column":4},"end":{"line":1810,"column":5}},"loc":{"start":{"line":1810,"column":34},"end":{"line":1814,"column":5}},"line":1810},"90":{"name":"(anonymous_90)","decl":{"start":{"line":1816,"column":4},"end":{"line":1816,"column":5}},"loc":{"start":{"line":1816,"column":25},"end":{"line":1825,"column":5}},"line":1816},"91":{"name":"(anonymous_91)","decl":{"start":{"line":1827,"column":4},"end":{"line":1827,"column":5}},"loc":{"start":{"line":1827,"column":23},"end":{"line":1840,"column":5}},"line":1827},"92":{"name":"(anonymous_92)","decl":{"start":{"line":1844,"column":4},"end":{"line":1844,"column":5}},"loc":{"start":{"line":1844,"column":21},"end":{"line":1846,"column":5}},"line":1844},"93":{"name":"(anonymous_93)","decl":{"start":{"line":1848,"column":4},"end":{"line":1848,"column":5}},"loc":{"start":{"line":1848,"column":34},"end":{"line":1852,"column":5}},"line":1848},"94":{"name":"(anonymous_94)","decl":{"start":{"line":1854,"column":4},"end":{"line":1854,"column":5}},"loc":{"start":{"line":1854,"column":25},"end":{"line":1865,"column":5}},"line":1854},"95":{"name":"(anonymous_95)","decl":{"start":{"line":1867,"column":4},"end":{"line":1867,"column":5}},"loc":{"start":{"line":1867,"column":23},"end":{"line":1886,"column":5}},"line":1867},"96":{"name":"(anonymous_96)","decl":{"start":{"line":1890,"column":4},"end":{"line":1890,"column":5}},"loc":{"start":{"line":1890,"column":21},"end":{"line":1892,"column":5}},"line":1890},"97":{"name":"(anonymous_97)","decl":{"start":{"line":1894,"column":4},"end":{"line":1894,"column":5}},"loc":{"start":{"line":1894,"column":34},"end":{"line":1898,"column":5}},"line":1894},"98":{"name":"(anonymous_98)","decl":{"start":{"line":1900,"column":4},"end":{"line":1900,"column":5}},"loc":{"start":{"line":1900,"column":25},"end":{"line":1911,"column":5}},"line":1900},"99":{"name":"(anonymous_99)","decl":{"start":{"line":1913,"column":4},"end":{"line":1913,"column":5}},"loc":{"start":{"line":1913,"column":23},"end":{"line":1961,"column":5}},"line":1913}},"branchMap":{"0":{"loc":{"start":{"line":32,"column":8},"end":{"line":37,"column":9}},"type":"if","locations":[{"start":{"line":32,"column":8},"end":{"line":37,"column":9}},{"start":{"line":34,"column":15},"end":{"line":37,"column":9}}],"line":32},"1":{"loc":{"start":{"line":65,"column":16},"end":{"line":65,"column":31}},"type":"default-arg","locations":[{"start":{"line":65,"column":29},"end":{"line":65,"column":31}}],"line":65},"2":{"loc":{"start":{"line":104,"column":26},"end":{"line":104,"column":70}},"type":"binary-expr","locations":[{"start":{"line":104,"column":26},"end":{"line":104,"column":63}},{"start":{"line":104,"column":67},"end":{"line":104,"column":70}}],"line":104},"3":{"loc":{"start":{"line":153,"column":26},"end":{"line":153,"column":70}},"type":"binary-expr","locations":[{"start":{"line":153,"column":26},"end":{"line":153,"column":63}},{"start":{"line":153,"column":67},"end":{"line":153,"column":70}}],"line":153},"4":{"loc":{"start":{"line":195,"column":26},"end":{"line":195,"column":70}},"type":"binary-expr","locations":[{"start":{"line":195,"column":26},"end":{"line":195,"column":63}},{"start":{"line":195,"column":67},"end":{"line":195,"column":70}}],"line":195},"5":{"loc":{"start":{"line":264,"column":21},"end":{"line":264,"column":48}},"type":"binary-expr","locations":[{"start":{"line":264,"column":21},"end":{"line":264,"column":43}},{"start":{"line":264,"column":47},"end":{"line":264,"column":48}}],"line":264},"6":{"loc":{"start":{"line":265,"column":19},"end":{"line":265,"column":44}},"type":"binary-expr","locations":[{"start":{"line":265,"column":19},"end":{"line":265,"column":39}},{"start":{"line":265,"column":43},"end":{"line":265,"column":44}}],"line":265},"7":{"loc":{"start":{"line":364,"column":21},"end":{"line":364,"column":55}},"type":"binary-expr","locations":[{"start":{"line":364,"column":21},"end":{"line":364,"column":41}},{"start":{"line":364,"column":45},"end":{"line":364,"column":55}}],"line":364},"8":{"loc":{"start":{"line":365,"column":25},"end":{"line":365,"column":65}},"type":"binary-expr","locations":[{"start":{"line":365,"column":25},"end":{"line":365,"column":59}},{"start":{"line":365,"column":63},"end":{"line":365,"column":65}}],"line":365},"9":{"loc":{"start":{"line":367,"column":12},"end":{"line":367,"column":69}},"type":"binary-expr","locations":[{"start":{"line":367,"column":12},"end":{"line":367,"column":38}},{"start":{"line":367,"column":42},"end":{"line":367,"column":69}}],"line":367},"10":{"loc":{"start":{"line":368,"column":22},"end":{"line":368,"column":56}},"type":"binary-expr","locations":[{"start":{"line":368,"column":22},"end":{"line":368,"column":43}},{"start":{"line":368,"column":47},"end":{"line":368,"column":56}}],"line":368},"11":{"loc":{"start":{"line":369,"column":18},"end":{"line":369,"column":53}},"type":"binary-expr","locations":[{"start":{"line":369,"column":18},"end":{"line":369,"column":47}},{"start":{"line":369,"column":51},"end":{"line":369,"column":53}}],"line":369},"12":{"loc":{"start":{"line":370,"column":18},"end":{"line":370,"column":53}},"type":"binary-expr","locations":[{"start":{"line":370,"column":18},"end":{"line":370,"column":47}},{"start":{"line":370,"column":51},"end":{"line":370,"column":53}}],"line":370},"13":{"loc":{"start":{"line":435,"column":20},"end":{"line":435,"column":56}},"type":"binary-expr","locations":[{"start":{"line":435,"column":20},"end":{"line":435,"column":51}},{"start":{"line":435,"column":55},"end":{"line":435,"column":56}}],"line":435},"14":{"loc":{"start":{"line":436,"column":22},"end":{"line":436,"column":60}},"type":"binary-expr","locations":[{"start":{"line":436,"column":22},"end":{"line":436,"column":55}},{"start":{"line":436,"column":59},"end":{"line":436,"column":60}}],"line":436},"15":{"loc":{"start":{"line":437,"column":21},"end":{"line":437,"column":58}},"type":"binary-expr","locations":[{"start":{"line":437,"column":21},"end":{"line":437,"column":53}},{"start":{"line":437,"column":57},"end":{"line":437,"column":58}}],"line":437},"16":{"loc":{"start":{"line":438,"column":26},"end":{"line":438,"column":70}},"type":"binary-expr","locations":[{"start":{"line":438,"column":26},"end":{"line":438,"column":63}},{"start":{"line":438,"column":67},"end":{"line":438,"column":70}}],"line":438},"17":{"loc":{"start":{"line":477,"column":8},"end":{"line":493,"column":9}},"type":"if","locations":[{"start":{"line":477,"column":8},"end":{"line":493,"column":9}},{"start":{"line":489,"column":15},"end":{"line":493,"column":9}}],"line":477},"18":{"loc":{"start":{"line":731,"column":8},"end":{"line":734,"column":9}},"type":"if","locations":[{"start":{"line":731,"column":8},"end":{"line":734,"column":9}},{"start":{},"end":{}}],"line":731},"19":{"loc":{"start":{"line":731,"column":12},"end":{"line":731,"column":49}},"type":"binary-expr","locations":[{"start":{"line":731,"column":12},"end":{"line":731,"column":28}},{"start":{"line":731,"column":32},"end":{"line":731,"column":49}}],"line":731},"20":{"loc":{"start":{"line":740,"column":8},"end":{"line":746,"column":9}},"type":"if","locations":[{"start":{"line":740,"column":8},"end":{"line":746,"column":9}},{"start":{"line":743,"column":15},"end":{"line":746,"column":9}}],"line":740},"21":{"loc":{"start":{"line":1375,"column":16},"end":{"line":1375,"column":31}},"type":"default-arg","locations":[{"start":{"line":1375,"column":29},"end":{"line":1375,"column":31}}],"line":1375},"22":{"loc":{"start":{"line":1401,"column":8},"end":{"line":1403,"column":9}},"type":"if","locations":[{"start":{"line":1401,"column":8},"end":{"line":1403,"column":9}},{"start":{},"end":{}}],"line":1401},"23":{"loc":{"start":{"line":1562,"column":8},"end":{"line":1589,"column":9}},"type":"if","locations":[{"start":{"line":1562,"column":8},"end":{"line":1589,"column":9}},{"start":{"line":1585,"column":15},"end":{"line":1589,"column":9}}],"line":1562},"24":{"loc":{"start":{"line":1673,"column":21},"end":{"line":1673,"column":55}},"type":"binary-expr","locations":[{"start":{"line":1673,"column":21},"end":{"line":1673,"column":41}},{"start":{"line":1673,"column":45},"end":{"line":1673,"column":55}}],"line":1673},"25":{"loc":{"start":{"line":1674,"column":25},"end":{"line":1674,"column":65}},"type":"binary-expr","locations":[{"start":{"line":1674,"column":25},"end":{"line":1674,"column":59}},{"start":{"line":1674,"column":63},"end":{"line":1674,"column":65}}],"line":1674},"26":{"loc":{"start":{"line":1675,"column":27},"end":{"line":1675,"column":77}},"type":"binary-expr","locations":[{"start":{"line":1675,"column":27},"end":{"line":1675,"column":53}},{"start":{"line":1675,"column":57},"end":{"line":1675,"column":77}}],"line":1675},"27":{"loc":{"start":{"line":1676,"column":22},"end":{"line":1676,"column":56}},"type":"binary-expr","locations":[{"start":{"line":1676,"column":22},"end":{"line":1676,"column":43}},{"start":{"line":1676,"column":47},"end":{"line":1676,"column":56}}],"line":1676},"28":{"loc":{"start":{"line":1677,"column":32},"end":{"line":1677,"column":76}},"type":"binary-expr","locations":[{"start":{"line":1677,"column":32},"end":{"line":1677,"column":63}},{"start":{"line":1677,"column":67},"end":{"line":1677,"column":76}}],"line":1677},"29":{"loc":{"start":{"line":1678,"column":23},"end":{"line":1678,"column":61}},"type":"binary-expr","locations":[{"start":{"line":1678,"column":23},"end":{"line":1678,"column":55}},{"start":{"line":1678,"column":59},"end":{"line":1678,"column":61}}],"line":1678},"30":{"loc":{"start":{"line":1690,"column":8},"end":{"line":1723,"column":9}},"type":"if","locations":[{"start":{"line":1690,"column":8},"end":{"line":1723,"column":9}},{"start":{"line":1721,"column":15},"end":{"line":1723,"column":9}}],"line":1690},"31":{"loc":{"start":{"line":1701,"column":16},"end":{"line":1706,"column":17}},"type":"if","locations":[{"start":{"line":1701,"column":16},"end":{"line":1706,"column":17}},{"start":{"line":1704,"column":23},"end":{"line":1706,"column":17}}],"line":1701},"32":{"loc":{"start":{"line":1701,"column":20},"end":{"line":1701,"column":49}},"type":"binary-expr","locations":[{"start":{"line":1701,"column":20},"end":{"line":1701,"column":40}},{"start":{"line":1701,"column":44},"end":{"line":1701,"column":49}}],"line":1701},"33":{"loc":{"start":{"line":1771,"column":26},"end":{"line":1771,"column":68}},"type":"binary-expr","locations":[{"start":{"line":1771,"column":26},"end":{"line":1771,"column":63}},{"start":{"line":1771,"column":67},"end":{"line":1771,"column":68}}],"line":1771},"34":{"loc":{"start":{"line":1774,"column":12},"end":{"line":1778,"column":13}},"type":"if","locations":[{"start":{"line":1774,"column":12},"end":{"line":1778,"column":13}},{"start":{},"end":{}}],"line":1774},"35":{"loc":{"start":{"line":1798,"column":12},"end":{"line":1800,"column":52}},"type":"binary-expr","locations":[{"start":{"line":1798,"column":12},"end":{"line":1798,"column":52}},{"start":{"line":1799,"column":12},"end":{"line":1799,"column":52}},{"start":{"line":1800,"column":12},"end":{"line":1800,"column":52}}],"line":1798},"36":{"loc":{"start":{"line":1832,"column":8},"end":{"line":1838,"column":9}},"type":"if","locations":[{"start":{"line":1832,"column":8},"end":{"line":1838,"column":9}},{"start":{"line":1835,"column":15},"end":{"line":1838,"column":9}}],"line":1832},"37":{"loc":{"start":{"line":1835,"column":15},"end":{"line":1838,"column":9}},"type":"if","locations":[{"start":{"line":1835,"column":15},"end":{"line":1838,"column":9}},{"start":{},"end":{}}],"line":1835},"38":{"loc":{"start":{"line":1869,"column":26},"end":{"line":1869,"column":69}},"type":"binary-expr","locations":[{"start":{"line":1869,"column":26},"end":{"line":1869,"column":63}},{"start":{"line":1869,"column":67},"end":{"line":1869,"column":69}}],"line":1869},"39":{"loc":{"start":{"line":1917,"column":26},"end":{"line":1917,"column":68}},"type":"binary-expr","locations":[{"start":{"line":1917,"column":26},"end":{"line":1917,"column":63}},{"start":{"line":1917,"column":67},"end":{"line":1917,"column":68}}],"line":1917},"40":{"loc":{"start":{"line":1943,"column":24},"end":{"line":1949,"column":25}},"type":"if","locations":[{"start":{"line":1943,"column":24},"end":{"line":1949,"column":25}},{"start":{},"end":{}}],"line":1943},"41":{"loc":{"start":{"line":1943,"column":28},"end":{"line":1943,"column":72}},"type":"binary-expr","locations":[{"start":{"line":1943,"column":28},"end":{"line":1943,"column":36}},{"start":{"line":1943,"column":40},"end":{"line":1943,"column":48}},{"start":{"line":1943,"column":52},"end":{"line":1943,"column":60}},{"start":{"line":1943,"column":64},"end":{"line":1943,"column":72}}],"line":1943}},"s":{"0":33,"1":33,"2":622,"3":622,"4":622,"5":7409,"6":5,"7":5,"8":5,"9":0,"10":0,"11":16,"12":0,"13":0,"14":0,"15":25,"16":1480,"17":4,"18":5,"19":5,"20":5,"21":5,"22":5,"23":5,"24":5,"25":5,"26":210000,"27":210000,"28":210000,"29":5,"30":1258,"31":0,"32":1,"33":2,"34":2,"35":2,"36":2,"37":2,"38":2,"39":2,"40":85000,"41":85000,"42":85000,"43":85000,"44":2,"45":1225,"46":0,"47":0,"48":1,"49":1,"50":1,"51":1,"52":1,"53":1,"54":1,"55":40000,"56":40000,"57":40000,"58":40000,"59":40000,"60":40000,"61":1,"62":1101,"63":0,"64":0,"65":1,"66":1,"67":1,"68":1,"69":1,"70":1,"71":1,"72":1,"73":1,"74":40000,"75":40000,"76":40000,"77":40000,"78":40000,"79":40000,"80":1,"81":1163,"82":0,"83":0,"84":1,"85":1,"86":1,"87":1,"88":1,"89":1,"90":1,"91":1,"92":1,"93":1,"94":1,"95":1,"96":1101,"97":0,"98":0,"99":1,"100":1,"101":1,"102":1,"103":1,"104":1,"105":1,"106":1,"107":1,"108":1,"109":40000,"110":40000,"111":40000,"112":1,"113":822,"114":0,"115":0,"116":1,"117":1,"118":0,"119":0,"120":0,"121":0,"122":0,"123":0,"124":0,"125":0,"126":1,"127":1008,"128":0,"129":0,"130":1,"131":1,"132":1,"133":1,"134":946,"135":0,"136":0,"137":1,"138":1,"139":1,"140":1,"141":1,"142":1,"143":946,"144":0,"145":0,"146":0,"147":0,"148":0,"149":0,"150":0,"151":0,"152":0,"153":0,"154":0,"155":0,"156":0,"157":0,"158":0,"159":0,"160":0,"161":0,"162":0,"163":0,"164":0,"165":0,"166":0,"167":0,"168":0,"169":760,"170":0,"171":0,"172":1,"173":1,"174":1,"175":1,"176":1,"177":1,"178":40000,"179":40000,"180":40000,"181":40000,"182":1,"183":419,"184":0,"185":0,"186":0,"187":0,"188":0,"189":0,"190":0,"191":0,"192":0,"193":0,"194":0,"195":0,"196":0,"197":0,"198":0,"199":0,"200":0,"201":0,"202":0,"203":0,"204":0,"205":636,"206":0,"207":0,"208":0,"209":0,"210":0,"211":0,"212":0,"213":0,"214":0,"215":0,"216":0,"217":0,"218":0,"219":0,"220":0,"221":0,"222":0,"223":0,"224":0,"225":0,"226":0,"227":0,"228":481,"229":0,"230":0,"231":0,"232":0,"233":0,"234":0,"235":0,"236":0,"237":0,"238":0,"239":0,"240":0,"241":0,"242":0,"243":388,"244":0,"245":0,"246":0,"247":0,"248":0,"249":0,"250":0,"251":0,"252":0,"253":0,"254":0,"255":0,"256":0,"257":0,"258":0,"259":0,"260":0,"261":0,"262":0,"263":0,"264":0,"265":0,"266":0,"267":0,"268":0,"269":0,"270":0,"271":419,"272":0,"273":0,"274":0,"275":0,"276":0,"277":0,"278":0,"279":0,"280":0,"281":0,"282":0,"283":0,"284":0,"285":0,"286":0,"287":0,"288":0,"289":0,"290":0,"291":0,"292":0,"293":0,"294":0,"295":0,"296":0,"297":0,"298":0,"299":0,"300":0,"301":0,"302":0,"303":0,"304":0,"305":0,"306":0,"307":0,"308":0,"309":0,"310":388,"311":0,"312":0,"313":0,"314":0,"315":0,"316":0,"317":0,"318":0,"319":0,"320":0,"321":0,"322":0,"323":0,"324":0,"325":0,"326":0,"327":0,"328":0,"329":0,"330":0,"331":0,"332":295,"333":0,"334":0,"335":2,"336":2,"337":2,"338":2,"339":1,"340":1,"341":1,"342":1,"343":1,"344":2,"345":109,"346":0,"347":0,"348":1,"349":1,"350":1,"351":1,"352":1,"353":1,"354":1,"355":1,"356":1,"357":202,"358":0,"359":0,"360":1,"361":1,"362":1,"363":1,"364":1,"365":1,"366":1,"367":1,"368":1,"369":1,"370":1,"371":1,"372":1,"373":1,"374":1,"375":1,"376":200,"377":200,"378":40000,"379":40000,"380":40000,"381":40000,"382":40000,"383":120000,"384":120000,"385":360000,"386":360000,"387":360000,"388":357604,"389":357604,"390":357604,"391":357604,"392":357604,"393":40000,"394":40000,"395":40000,"396":40000,"397":40000,"398":1,"399":15,"400":15,"401":15,"402":15,"403":15,"404":15,"405":15,"406":15,"407":15,"408":15,"409":15,"410":15,"411":15,"412":15,"413":15,"414":15,"415":15,"416":15,"417":15,"418":15,"419":15,"420":15},"f":{"0":33,"1":622,"2":7409,"3":5,"4":16,"5":0,"6":0,"7":0,"8":25,"9":0,"10":1480,"11":4,"12":5,"13":5,"14":1258,"15":0,"16":1,"17":2,"18":1225,"19":0,"20":0,"21":1,"22":1101,"23":0,"24":0,"25":1,"26":1163,"27":0,"28":0,"29":1,"30":1101,"31":0,"32":0,"33":1,"34":822,"35":0,"36":0,"37":1,"38":1008,"39":0,"40":0,"41":1,"42":946,"43":0,"44":0,"45":1,"46":946,"47":0,"48":0,"49":0,"50":0,"51":760,"52":0,"53":0,"54":1,"55":419,"56":0,"57":0,"58":0,"59":636,"60":0,"61":0,"62":0,"63":0,"64":0,"65":0,"66":0,"67":0,"68":481,"69":0,"70":0,"71":0,"72":388,"73":0,"74":0,"75":0,"76":0,"77":0,"78":419,"79":0,"80":0,"81":0,"82":388,"83":0,"84":0,"85":0,"86":0,"87":0,"88":295,"89":0,"90":0,"91":2,"92":109,"93":0,"94":0,"95":1,"96":202,"97":0,"98":0,"99":1},"b":{"0":[5,0],"1":[0],"2":[5,1],"3":[2,0],"4":[1,0],"5":[1,0],"6":[1,0],"7":[1,0],"8":[1,0],"9":[1,0],"10":[1,0],"11":[1,0],"12":[1,0],"13":[1,0],"14":[1,0],"15":[1,1],"16":[1,0],"17":[0,1],"18":[0,0],"19":[0,0],"20":[0,0],"21":[0],"22":[0,0],"23":[0,0],"24":[0,0],"25":[0,0],"26":[0,0],"27":[0,0],"28":[0,0],"29":[0,0],"30":[0,0],"31":[0,0],"32":[0,0],"33":[0,0],"34":[0,0],"35":[0,0,0],"36":[1,1],"37":[1,0],"38":[1,0],"39":[1,0],"40":[357604,2396],"41":[360000,359400,358800,358202]},"_coverageSchema":"1a1c01bbd47fc00a2c39e90264f33305004495a9","hash":"1536595e478b47d65694fd8b19c985c9fc2972b6"}
,"C:\\Users\\richt\\Desktop\\WEBDEV\\picsmasher\\jest.imageDataSerializer.js": {"path":"C:\\Users\\richt\\Desktop\\WEBDEV\\picsmasher\\jest.imageDataSerializer.js","statementMap":{"0":{"start":{"line":1,"column":0},"end":{"line":9,"column":2}},"1":{"start":{"line":3,"column":8},"end":{"line":3,"column":66}},"2":{"start":{"line":6,"column":27},"end":{"line":6,"column":62}},"3":{"start":{"line":7,"column":8},"end":{"line":7,"column":145}}},"fnMap":{"0":{"name":"(anonymous_0)","decl":{"start":{"line":2,"column":4},"end":{"line":2,"column":5}},"loc":{"start":{"line":2,"column":16},"end":{"line":4,"column":5}},"line":2},"1":{"name":"(anonymous_1)","decl":{"start":{"line":5,"column":4},"end":{"line":5,"column":5}},"loc":{"start":{"line":5,"column":28},"end":{"line":8,"column":5}},"line":5}},"branchMap":{"0":{"loc":{"start":{"line":3,"column":15},"end":{"line":3,"column":65}},"type":"binary-expr","locations":[{"start":{"line":3,"column":15},"end":{"line":3,"column":20}},{"start":{"line":3,"column":24},"end":{"line":3,"column":34}},{"start":{"line":3,"column":38},"end":{"line":3,"column":49}},{"start":{"line":3,"column":53},"end":{"line":3,"column":65}}],"line":3}},"s":{"0":15,"1":10,"2":10,"3":10},"f":{"0":10,"1":10},"b":{"0":[10,10,10,10]},"_coverageSchema":"1a1c01bbd47fc00a2c39e90264f33305004495a9","hash":"d68c23907420810ca6fc31d048da8003156542db"}
,"C:\\Users\\richt\\Desktop\\WEBDEV\\picsmasher\\script.js": {"path":"C:\\Users\\richt\\Desktop\\WEBDEV\\picsmasher\\script.js","statementMap":{"0":{"start":{"line":6,"column":17},"end":{"line":11,"column":1}},"1":{"start":{"line":15,"column":24},"end":{"line":15,"column":62}},"2":{"start":{"line":16,"column":19},"end":{"line":16,"column":52}},"3":{"start":{"line":17,"column":16},"end":{"line":17,"column":39}},"4":{"start":{"line":18,"column":24},"end":{"line":18,"column":62}},"5":{"start":{"line":19,"column":27},"end":{"line":19,"column":68}},"6":{"start":{"line":20,"column":23},"end":{"line":20,"column":60}},"7":{"start":{"line":21,"column":24},"end":{"line":21,"column":63}},"8":{"start":{"line":22,"column":31},"end":{"line":22,"column":69}},"9":{"start":{"line":31,"column":26},"end":{"line":31,"column":45}},"10":{"start":{"line":34,"column":4},"end":{"line":36,"column":7}},"11":{"start":{"line":35,"column":8},"end":{"line":35,"column":55}},"12":{"start":{"line":39,"column":21},"end":{"line":63,"column":6}},"13":{"start":{"line":44,"column":32},"end":{"line":44,"column":50}},"14":{"start":{"line":45,"column":37},"end":{"line":45,"column":63}},"15":{"start":{"line":46,"column":12},"end":{"line":58,"column":54}},"16":{"start":{"line":48,"column":33},"end":{"line":50,"column":21}},"17":{"start":{"line":49,"column":40},"end":{"line":49,"column":60}},"18":{"start":{"line":51,"column":20},"end":{"line":55,"column":21}},"19":{"start":{"line":52,"column":24},"end":{"line":54,"column":26}},"20":{"start":{"line":56,"column":20},"end":{"line":56,"column":32}},"21":{"start":{"line":58,"column":34},"end":{"line":58,"column":52}},"22":{"start":{"line":60,"column":12},"end":{"line":60,"column":34}},"23":{"start":{"line":61,"column":12},"end":{"line":61,"column":27}},"24":{"start":{"line":67,"column":24},"end":{"line":67,"column":50}},"25":{"start":{"line":68,"column":8},"end":{"line":103,"column":11}},"26":{"start":{"line":69,"column":30},"end":{"line":71,"column":13}},"27":{"start":{"line":70,"column":25},"end":{"line":70,"column":75}},"28":{"start":{"line":72,"column":32},"end":{"line":72,"column":53}},"29":{"start":{"line":74,"column":27},"end":{"line":74,"column":59}},"30":{"start":{"line":75,"column":12},"end":{"line":75,"column":54}},"31":{"start":{"line":76,"column":12},"end":{"line":76,"column":45}},"32":{"start":{"line":77,"column":12},"end":{"line":77,"column":46}},"33":{"start":{"line":79,"column":12},"end":{"line":100,"column":15}},"34":{"start":{"line":80,"column":42},"end":{"line":80,"column":76}},"35":{"start":{"line":81,"column":39},"end":{"line":84,"column":17}},"36":{"start":{"line":85,"column":16},"end":{"line":88,"column":17}},"37":{"start":{"line":86,"column":20},"end":{"line":86,"column":69}},"38":{"start":{"line":87,"column":20},"end":{"line":87,"column":27}},"39":{"start":{"line":90,"column":33},"end":{"line":90,"column":71}},"40":{"start":{"line":91,"column":16},"end":{"line":94,"column":19}},"41":{"start":{"line":95,"column":16},"end":{"line":95,"column":38}},"42":{"start":{"line":97,"column":16},"end":{"line":99,"column":17}},"43":{"start":{"line":98,"column":20},"end":{"line":98,"column":35}},"44":{"start":{"line":102,"column":12},"end":{"line":102,"column":44}},"45":{"start":{"line":106,"column":4},"end":{"line":106,"column":28}},"46":{"start":{"line":112,"column":8},"end":{"line":115,"column":9}},"47":{"start":{"line":113,"column":12},"end":{"line":113,"column":60}},"48":{"start":{"line":114,"column":12},"end":{"line":114,"column":19}},"49":{"start":{"line":117,"column":8},"end":{"line":117,"column":42}},"50":{"start":{"line":118,"column":8},"end":{"line":326,"column":11}},"51":{"start":{"line":119,"column":27},"end":{"line":119,"column":38}},"52":{"start":{"line":121,"column":12},"end":{"line":124,"column":13}},"53":{"start":{"line":122,"column":16},"end":{"line":122,"column":76}},"54":{"start":{"line":123,"column":16},"end":{"line":123,"column":23}},"55":{"start":{"line":126,"column":23},"end":{"line":126,"column":51}},"56":{"start":{"line":127,"column":12},"end":{"line":127,"column":48}},"57":{"start":{"line":130,"column":33},"end":{"line":130,"column":62}},"58":{"start":{"line":131,"column":12},"end":{"line":131,"column":56}},"59":{"start":{"line":134,"column":36},"end":{"line":134,"column":65}},"60":{"start":{"line":135,"column":12},"end":{"line":135,"column":62}},"61":{"start":{"line":138,"column":31},"end":{"line":138,"column":61}},"62":{"start":{"line":139,"column":12},"end":{"line":139,"column":52}},"63":{"start":{"line":140,"column":12},"end":{"line":140,"column":41}},"64":{"start":{"line":141,"column":12},"end":{"line":141,"column":52}},"65":{"start":{"line":144,"column":33},"end":{"line":144,"column":63}},"66":{"start":{"line":145,"column":12},"end":{"line":145,"column":56}},"67":{"start":{"line":146,"column":12},"end":{"line":146,"column":55}},"68":{"start":{"line":147,"column":12},"end":{"line":147,"column":54}},"69":{"start":{"line":149,"column":12},"end":{"line":149,"column":54}},"70":{"start":{"line":152,"column":32},"end":{"line":152,"column":62}},"71":{"start":{"line":153,"column":12},"end":{"line":153,"column":53}},"72":{"start":{"line":154,"column":38},"end":{"line":154,"column":66}},"73":{"start":{"line":155,"column":12},"end":{"line":155,"column":56}},"74":{"start":{"line":156,"column":12},"end":{"line":156,"column":50}},"75":{"start":{"line":159,"column":36},"end":{"line":159,"column":65}},"76":{"start":{"line":160,"column":12},"end":{"line":160,"column":62}},"77":{"start":{"line":163,"column":33},"end":{"line":163,"column":65}},"78":{"start":{"line":164,"column":12},"end":{"line":164,"column":50}},"79":{"start":{"line":165,"column":12},"end":{"line":173,"column":15}},"80":{"start":{"line":166,"column":42},"end":{"line":168,"column":17}},"81":{"start":{"line":169,"column":16},"end":{"line":172,"column":33}},"82":{"start":{"line":174,"column":12},"end":{"line":174,"column":54}},"83":{"start":{"line":177,"column":33},"end":{"line":177,"column":65}},"84":{"start":{"line":178,"column":12},"end":{"line":178,"column":63}},"85":{"start":{"line":179,"column":12},"end":{"line":179,"column":43}},"86":{"start":{"line":180,"column":12},"end":{"line":191,"column":15}},"87":{"start":{"line":181,"column":36},"end":{"line":183,"column":17}},"88":{"start":{"line":182,"column":27},"end":{"line":182,"column":43}},"89":{"start":{"line":184,"column":16},"end":{"line":190,"column":17}},"90":{"start":{"line":185,"column":20},"end":{"line":185,"column":65}},"91":{"start":{"line":186,"column":20},"end":{"line":186,"column":42}},"92":{"start":{"line":187,"column":20},"end":{"line":189,"column":21}},"93":{"start":{"line":188,"column":24},"end":{"line":188,"column":39}},"94":{"start":{"line":192,"column":12},"end":{"line":192,"column":54}},"95":{"start":{"line":194,"column":12},"end":{"line":194,"column":54}},"96":{"start":{"line":195,"column":12},"end":{"line":195,"column":41}},"97":{"start":{"line":198,"column":35},"end":{"line":198,"column":64}},"98":{"start":{"line":199,"column":12},"end":{"line":199,"column":60}},"99":{"start":{"line":200,"column":12},"end":{"line":200,"column":54}},"100":{"start":{"line":201,"column":12},"end":{"line":201,"column":50}},"101":{"start":{"line":203,"column":29},"end":{"line":203,"column":61}},"102":{"start":{"line":204,"column":12},"end":{"line":319,"column":15}},"103":{"start":{"line":205,"column":30},"end":{"line":205,"column":43}},"104":{"start":{"line":206,"column":35},"end":{"line":206,"column":59}},"105":{"start":{"line":207,"column":41},"end":{"line":207,"column":70}},"106":{"start":{"line":208,"column":16},"end":{"line":208,"column":68}},"107":{"start":{"line":210,"column":30},"end":{"line":210,"column":61}},"108":{"start":{"line":211,"column":16},"end":{"line":213,"column":67}},"109":{"start":{"line":214,"column":16},"end":{"line":214,"column":52}},"110":{"start":{"line":218,"column":16},"end":{"line":316,"column":17}},"111":{"start":{"line":221,"column":24},"end":{"line":221,"column":64}},"112":{"start":{"line":222,"column":24},"end":{"line":222,"column":45}},"113":{"start":{"line":223,"column":24},"end":{"line":223,"column":48}},"114":{"start":{"line":224,"column":24},"end":{"line":224,"column":48}},"115":{"start":{"line":225,"column":24},"end":{"line":225,"column":50}},"116":{"start":{"line":226,"column":24},"end":{"line":226,"column":49}},"117":{"start":{"line":229,"column":44},"end":{"line":229,"column":75}},"118":{"start":{"line":230,"column":24},"end":{"line":230,"column":52}},"119":{"start":{"line":231,"column":24},"end":{"line":231,"column":54}},"120":{"start":{"line":232,"column":24},"end":{"line":232,"column":54}},"121":{"start":{"line":233,"column":24},"end":{"line":233,"column":56}},"122":{"start":{"line":234,"column":24},"end":{"line":234,"column":55}},"123":{"start":{"line":237,"column":24},"end":{"line":243,"column":27}},"124":{"start":{"line":238,"column":28},"end":{"line":238,"column":60}},"125":{"start":{"line":239,"column":28},"end":{"line":239,"column":79}},"126":{"start":{"line":240,"column":28},"end":{"line":242,"column":29}},"127":{"start":{"line":241,"column":32},"end":{"line":241,"column":47}},"128":{"start":{"line":245,"column":24},"end":{"line":253,"column":27}},"129":{"start":{"line":246,"column":28},"end":{"line":246,"column":60}},"130":{"start":{"line":247,"column":28},"end":{"line":249,"column":30}},"131":{"start":{"line":250,"column":28},"end":{"line":252,"column":29}},"132":{"start":{"line":251,"column":32},"end":{"line":251,"column":47}},"133":{"start":{"line":255,"column":24},"end":{"line":255,"column":60}},"134":{"start":{"line":256,"column":24},"end":{"line":256,"column":66}},"135":{"start":{"line":257,"column":24},"end":{"line":257,"column":30}},"136":{"start":{"line":259,"column":24},"end":{"line":259,"column":64}},"137":{"start":{"line":260,"column":24},"end":{"line":260,"column":45}},"138":{"start":{"line":261,"column":24},"end":{"line":261,"column":49}},"139":{"start":{"line":262,"column":24},"end":{"line":267,"column":27}},"140":{"start":{"line":263,"column":28},"end":{"line":263,"column":67}},"141":{"start":{"line":264,"column":28},"end":{"line":266,"column":29}},"142":{"start":{"line":265,"column":32},"end":{"line":265,"column":47}},"143":{"start":{"line":268,"column":24},"end":{"line":268,"column":60}},"144":{"start":{"line":269,"column":24},"end":{"line":269,"column":30}},"145":{"start":{"line":271,"column":24},"end":{"line":271,"column":64}},"146":{"start":{"line":272,"column":24},"end":{"line":272,"column":44}},"147":{"start":{"line":273,"column":24},"end":{"line":273,"column":49}},"148":{"start":{"line":274,"column":24},"end":{"line":279,"column":27}},"149":{"start":{"line":275,"column":28},"end":{"line":275,"column":67}},"150":{"start":{"line":276,"column":28},"end":{"line":278,"column":29}},"151":{"start":{"line":277,"column":32},"end":{"line":277,"column":47}},"152":{"start":{"line":280,"column":24},"end":{"line":280,"column":60}},"153":{"start":{"line":281,"column":24},"end":{"line":281,"column":30}},"154":{"start":{"line":283,"column":24},"end":{"line":283,"column":65}},"155":{"start":{"line":284,"column":24},"end":{"line":292,"column":27}},"156":{"start":{"line":285,"column":43},"end":{"line":285,"column":75}},"157":{"start":{"line":286,"column":28},"end":{"line":286,"column":55}},"158":{"start":{"line":287,"column":28},"end":{"line":287,"column":61}},"159":{"start":{"line":288,"column":28},"end":{"line":290,"column":29}},"160":{"start":{"line":289,"column":32},"end":{"line":289,"column":55}},"161":{"start":{"line":291,"column":28},"end":{"line":291,"column":54}},"162":{"start":{"line":293,"column":24},"end":{"line":298,"column":27}},"163":{"start":{"line":294,"column":28},"end":{"line":294,"column":67}},"164":{"start":{"line":295,"column":28},"end":{"line":297,"column":29}},"165":{"start":{"line":296,"column":32},"end":{"line":296,"column":47}},"166":{"start":{"line":299,"column":24},"end":{"line":299,"column":60}},"167":{"start":{"line":300,"column":24},"end":{"line":300,"column":30}},"168":{"start":{"line":302,"column":24},"end":{"line":302,"column":64}},"169":{"start":{"line":303,"column":24},"end":{"line":303,"column":48}},"170":{"start":{"line":304,"column":24},"end":{"line":304,"column":51}},"171":{"start":{"line":305,"column":24},"end":{"line":310,"column":27}},"172":{"start":{"line":306,"column":28},"end":{"line":306,"column":69}},"173":{"start":{"line":307,"column":28},"end":{"line":309,"column":29}},"174":{"start":{"line":308,"column":32},"end":{"line":308,"column":47}},"175":{"start":{"line":311,"column":24},"end":{"line":311,"column":60}},"176":{"start":{"line":312,"column":24},"end":{"line":312,"column":30}},"177":{"start":{"line":315,"column":24},"end":{"line":315,"column":79}},"178":{"start":{"line":318,"column":16},"end":{"line":318,"column":61}},"179":{"start":{"line":321,"column":12},"end":{"line":323,"column":13}},"180":{"start":{"line":322,"column":16},"end":{"line":322,"column":47}},"181":{"start":{"line":325,"column":12},"end":{"line":325,"column":47}},"182":{"start":{"line":329,"column":8},"end":{"line":329,"column":68}},"183":{"start":{"line":329,"column":58},"end":{"line":329,"column":65}},"184":{"start":{"line":336,"column":8},"end":{"line":341,"column":9}},"185":{"start":{"line":337,"column":12},"end":{"line":339,"column":14}},"186":{"start":{"line":340,"column":12},"end":{"line":340,"column":19}},"187":{"start":{"line":342,"column":8},"end":{"line":342,"column":51}},"188":{"start":{"line":343,"column":8},"end":{"line":343,"column":71}},"189":{"start":{"line":345,"column":8},"end":{"line":348,"column":9}},"190":{"start":{"line":346,"column":12},"end":{"line":346,"column":72}},"191":{"start":{"line":347,"column":12},"end":{"line":347,"column":19}},"192":{"start":{"line":351,"column":8},"end":{"line":351,"column":57}},"193":{"start":{"line":352,"column":8},"end":{"line":352,"column":55}},"194":{"start":{"line":355,"column":8},"end":{"line":368,"column":11}},"195":{"start":{"line":356,"column":27},"end":{"line":356,"column":38}},"196":{"start":{
[...]
":{"start":{"line":425,"column":8},"end":{"line":436,"column":24}},"231":{"start":{"line":426,"column":12},"end":{"line":435,"column":13}},"232":{"start":{"line":427,"column":16},"end":{"line":431,"column":19}},"233":{"start":{"line":432,"column":16},"end":{"line":432,"column":57}},"234":{"start":{"line":434,"column":16},"end":{"line":434,"column":72}},"235":{"start":{"line":443,"column":8},"end":{"line":446,"column":9}},"236":{"start":{"line":444,"column":12},"end":{"line":444,"column":43}},"237":{"start":{"line":445,"column":12},"end":{"line":445,"column":19}},"238":{"start":{"line":447,"column":21},"end":{"line":447,"column":48}},"239":{"start":{"line":448,"column":8},"end":{"line":448,"column":43}},"240":{"start":{"line":449,"column":8},"end":{"line":449,"column":50}},"241":{"start":{"line":450,"column":8},"end":{"line":450,"column":21}},"242":{"start":{"line":457,"column":8},"end":{"line":457,"column":44}},"243":{"start":{"line":458,"column":8},"end":{"line":458,"column":35}},"244":{"start":{"line":459,"column":8},"end":{"line":459,"column":30}},"245":{"start":{"line":460,"column":8},"end":{"line":465,"column":9}},"246":{"start":{"line":461,"column":12},"end":{"line":461,"column":61}},"247":{"start":{"line":462,"column":12},"end":{"line":462,"column":59}},"248":{"start":{"line":464,"column":12},"end":{"line":464,"column":43}},"249":{"start":{"line":469,"column":4},"end":{"line":469,"column":62}},"250":{"start":{"line":470,"column":4},"end":{"line":470,"column":64}},"251":{"start":{"line":471,"column":4},"end":{"line":471,"column":72}},"252":{"start":{"line":472,"column":4},"end":{"line":472,"column":66}},"253":{"start":{"line":475,"column":4},"end":{"line":477,"column":5}},"254":{"start":{"line":476,"column":8},"end":{"line":476,"column":52}},"255":{"start":{"line":479,"column":4},"end":{"line":486,"column":6}},"256":{"start":{"line":490,"column":0},"end":{"line":493,"column":1}},"257":{"start":{"line":492,"column":4},"end":{"line":492,"column":54}},"258":{"start":{"line":498,"column":4},"end":{"line":498,"column":31}},"259":{"start":{"line":499,"column":4},"end":{"line":499,"column":33}},"260":{"start":{"line":500,"column":4},"end":{"line":500,"column":34}},"261":{"start":{"line":501,"column":4},"end":{"line":501,"column":33}}},"fnMap":{"0":{"name":"init","decl":{"start":{"line":13,"column":16},"end":{"line":13,"column":20}},"loc":{"start":{"line":13,"column":23},"end":{"line":487,"column":1}},"line":13},"1":{"name":"(anonymous_1)","decl":{"start":{"line":34,"column":30},"end":{"line":34,"column":31}},"loc":{"start":{"line":34,"column":56},"end":{"line":36,"column":5}},"line":34},"2":{"name":"(anonymous_2)","decl":{"start":{"line":42,"column":15},"end":{"line":42,"column":16}},"loc":{"start":{"line":42,"column":27},"end":{"line":62,"column":9}},"line":42},"3":{"name":"(anonymous_3)","decl":{"start":{"line":47,"column":21},"end":{"line":47,"column":22}},"loc":{"start":{"line":47,"column":29},"end":{"line":57,"column":17}},"line":47},"4":{"name":"(anonymous_4)","decl":{"start":{"line":49,"column":24},"end":{"line":49,"column":25}},"loc":{"start":{"line":49,"column":40},"end":{"line":49,"column":60}},"line":49},"5":{"name":"(anonymous_5)","decl":{"start":{"line":58,"column":24},"end":{"line":58,"column":25}},"loc":{"start":{"line":58,"column":34},"end":{"line":58,"column":52}},"line":58},"6":{"name":"generateEffectButtons","decl":{"start":{"line":66,"column":13},"end":{"line":66,"column":34}},"loc":{"start":{"line":66,"column":37},"end":{"line":104,"column":5}},"line":66},"7":{"name":"(anonymous_7)","decl":{"start":{"line":68,"column":24},"end":{"line":68,"column":25}},"loc":{"start":{"line":68,"column":41},"end":{"line":103,"column":9}},"line":68},"8":{"name":"(anonymous_8)","decl":{"start":{"line":70,"column":16},"end":{"line":70,"column":17}},"loc":{"start":{"line":70,"column":25},"end":{"line":70,"column":75}},"line":70},"9":{"name":"(anonymous_9)","decl":{"start":{"line":79,"column":45},"end":{"line":79,"column":46}},"loc":{"start":{"line":79,"column":51},"end":{"line":100,"column":13}},"line":79},"10":{"name":"updateEffectQueueUI","decl":{"start":{"line":111,"column":13},"end":{"line":111,"column":32}},"loc":{"start":{"line":111,"column":35},"end":{"line":330,"column":5}},"line":111},"11":{"name":"(anonymous_11)","decl":{"start":{"line":118,"column":38},"end":{"line":118,"column":39}},"loc":{"start":{"line":118,"column":55},"end":{"line":326,"column":9}},"line":118},"12":{"name":"(anonymous_12)","decl":{"start":{"line":165,"column":51},"end":{"line":165,"column":52}},"loc":{"start":{"line":165,"column":57},"end":{"line":173,"column":13}},"line":165},"13":{"name":"(anonymous_13)","decl":{"start":{"line":180,"column":51},"end":{"line":180,"column":52}},"loc":{"start":{"line":180,"column":57},"end":{"line":191,"column":13}},"line":180},"14":{"name":"(anonymous_14)","decl":{"start":{"line":182,"column":20},"end":{"line":182,"column":21}},"loc":{"start":{"line":182,"column":27},"end":{"line":182,"column":43}},"line":182},"15":{"name":"(anonymous_15)","decl":{"start":{"line":204,"column":29},"end":{"line":204,"column":30}},"loc":{"start":{"line":204,"column":42},"end":{"line":319,"column":13}},"line":204},"16":{"name":"(anonymous_16)","decl":{"start":{"line":237,"column":56},"end":{"line":237,"column":57}},"loc":{"start":{"line":237,"column":62},"end":{"line":243,"column":25}},"line":237},"17":{"name":"(anonymous_17)","decl":{"start":{"line":245,"column":62},"end":{"line":245,"column":63}},"loc":{"start":{"line":245,"column":68},"end":{"line":253,"column":25}},"line":245},"18":{"name":"(anonymous_18)","decl":{"start":{"line":262,"column":56},"end":{"line":262,"column":57}},"loc":{"start":{"line":262,"column":62},"end":{"line":267,"column":25}},"line":262},"19":{"name":"(anonymous_19)","decl":{"start":{"line":274,"column":56},"end":{"line":274,"column":57}},"loc":{"start":{"line":274,"column":62},"end":{"line":279,"column":25}},"line":274},"20":{"name":"(anonymous_20)","decl":{"start":{"line":284,"column":48},"end":{"line":284,"column":49}},"loc":{"start":{"line":284,"column":65},"end":{"line":292,"column":25}},"line":284},"21":{"name":"(anonymous_21)","decl":{"start":{"line":293,"column":56},"end":{"line":293,"column":57}},"loc":{"start":{"line":293,"column":62},"end":{"line":298,"column":25}},"line":293},"22":{"name":"(anonymous_22)","decl":{"start":{"line":305,"column":56},"end":{"line":305,"column":57}},"loc":{"start":{"line":305,"column":62},"end":{"line":310,"column":25}},"line":305},"23":{"name":"(anonymous_23)","decl":{"start":{"line":329,"column":48},"end":{"line":329,"column":49}},"loc":{"start":{"line":329,"column":58},"end":{"line":329,"column":65}},"line":329},"24":{"name":"applyEffects","decl":{"start":{"line":335,"column":13},"end":{"line":335,"column":25}},"loc":{"start":{"line":335,"column":28},"end":{"line":369,"column":5}},"line":335},"25":{"name":"(anonymous_25)","decl":{"start":{"line":355,"column":38},"end":{"line":355,"column":39}},"loc":{"start":{"line":355,"column":48},"end":{"line":368,"column":9}},"line":355},"26":{"name":"handleImageUpload","decl":{"start":{"line":376,"column":13},"end":{"line":376,"column":30}},"loc":{"start":{"line":376,"column":34},"end":{"line":415,"column":5}},"line":376},"27":{"name":"(anonymous_27)","decl":{"start":{"line":381,"column":24},"end":{"line":381,"column":25}},"loc":{"start":{"line":381,"column":41},"end":{"line":413,"column":9}},"line":381},"28":{"name":"(anonymous_28)","decl":{"start":{"line":383,"column":25},"end":{"line":383,"column":26}},"loc":{"start":{"line":383,"column":37},"end":{"line":411,"column":13}},"line":383},"29":{"name":"handleCopyButtonClick","decl":{"start":{"line":420,"column":13},"end":{"line":420,"column":34}},"loc":{"start":{"line":420,"column":37},"end":{"line":437,"column":5}},"line":420},"30":{"name":"(anonymous_30)","decl":{"start":{"line":425,"column":22},"end":{"line":425,"column":23}},"loc":{"start":{"line":425,"column":38},"end":{"line":436,"column":9}},"line":425},"31":{"name":"handleDownloadButtonClick","decl":{"start":{"line":442,"column":13},"end":{"line":442,"column":38}},"loc":{"start":{"line":442,"column":41},"end":{"line":451,"column":5}},"line":442},"32":{"name":"handleResetButtonClick","decl":{"start":{"line":456,"column":13},"end":{"line":456,"column":35}},"loc":{"start":{"line":456,"column":38},"end":{"line":466,"column":5}},"line":456},"33":{"name":"resetAppState","decl":{"start":{"line":497,"column":16},"end":{"line":497,"column":29}},"loc":{"start":{"line":497,"column":32},"end":{"line":502,"column":1}},"line":497}},"branchMap":{"0":{"loc":{"start":{"line":51,"column":20},"end":{"line":55,"column":21}},"type":"if","locations":[{"start":{"line":51,"column":20},"end":{"line":55,"column":21}},{"start":{},"end":{}}],"line":51},"1":{"loc":{"start":{"line":85,"column":16},"end":{"line":88,"column":17}},"type":"if","locations":[{"start":{"line":85,"column":16},"end":{"line":88,"column":17}},{"start":{},"end":{}}],"line":85},"2":{"loc":{"start":{"line":97,"column":16},"end":{"line":99,"column":17}},"type":"if","locations":[{"start":{"line":97,"column":16},"end":{"line":99,"column":17}},{"start":{},"end":{}}],"line":97},"3":{"loc":{"start":{"line":112,"column":8},"end":{"line":115,"column":9}},"type":"if","locations":[{"start":{"line":112,"column":8},"end":{"line":115,"column":9}},{"start":{},"end":{}}],"line":112},"4":{"loc":{"start":{"line":121,"column":12},"end":{"line":124,"column":13}},"type":"if","locations":[{"start":{"line":121,"column":12},"end":{"line":124,"column":13}},{"start":{},"end":{}}],"line":121},"5":{"loc":{"start":{"line":170,"column":20},"end":{"line":172,"column":32}},"type":"cond-expr","locations":[{"start":{"line":171,"column":26},"end":{"line":171,"column":33}},{"start":{"line":172,"column":26},"end":{"line":172,"column":32}}],"line":170},"6":{"loc":{"start":{"line":184,"column":16},"end":{"line":190,"column":17}},"type":"if","locations":[{"start":{"line":184,"column":16},"end":{"line":190,"column":17}},{"start":{},"end":{}}],"line":184},"7":{"loc":{"start":{"line":187,"column":20},"end":{"line":189,"column":21}},"type":"if","locations":[{"start":{"line":187,"column":20},"end":{"line":189,"column":21}},{"start":{},"end":{}}],"line":187},"8":{"loc":{"start":{"line":212,"column":20},"end":{"line":213,"column":66}},"type":"binary-expr","locations":[{"start":{"line":212,"column":20},"end":{"line":212,"column":33}},{"start":{"line":213,"column":20},"end":{"line":213,"column":66}}],"line":212},"9":{"loc":{"start":{"line":218,"column":16},"end":{"line":316,"column":17}},"type":"switch","locations":[{"start":{"line":219,"column":20},"end":{"line":219,"column":33}},{"start":{"line":220,"column":20},"end":{"line":257,"column":30}},{"start":{"line":258,"column":20},"end":{"line":269,"column":30}},{"start":{"line":270,"column":20},"end":{"line":281,"column":30}},{"start":{"line":282,"column":20},"end":{"line":300,"column":30}},{"start":{"line":301,"column":20},"end":{"line":312,"column":30}},{"start":{"line":314,"column":20},"end":{"line":315,"column":79}}],"line":218},"10":{"loc":{"start":{"line":240,"column":28},"end":{"line":242,"column":29}},"type":"if","locations":[{"start":{"line":240,"column":28},"end":{"line":242,"column":29}},{"start":{},"end":{}}],"line":240},"11":{"loc":{"start":{"line":250,"column":28},"end":{"line":252,"column":29}},"type":"if","locations":[{"start":{"line":250,"column":28},"end":{"line":252,"column":29}},{"start":{},"end":{}}],"line":250},"12":{"loc":{"start":{"line":264,"column":28},"end":{"line":266,"column":29}},"type":"if","locations":[{"start":{"line":264,"column":28},"end":{"line":266,"column":29}},{"start":{},"end":{}}],"line":264},"13":{"loc":{"start":{"line":276,"column":28},"end":{"line":278,"column":29}},"type":"if","locations":[{"start":{"line":276,"column":28},"end":{"line":278,"column":29}},{"start":{},"end":{}}],"line":276},"14":{"loc":{"start":{"line":288,"column":28},"end":{"line":290,"column":29}},"type":"if","locations":[{"start":{"line":288,"column":28},"end":{"line":290,"column":29}},{"start":{},"end":{}}],"line":288},"15":{"loc":{"start":{"line":295,"column":28},"end":{"line":297,"column":29}},"type":"if","locations":[{"start":{"line":295,"column":28},"end":{"line":297,"column":29}},{"start":{},"end":{}}],"line":295},"16":{"loc":{"start":{"line":307,"column":28},"end":{"line":309,"column":29}},"type":"if","locations":[{"start":{"line":307,"column":28},"end":{"line":309,"column":29}},{"start":{},"end":{}}],"line":307},"17":{"loc":{"start":{"line":321,"column":12},"end":{"line":323,"column":13}},"type":"if","locations":[{"start":{"line":321,"column":12},"end":{"line":323,"column":13}},{"start":{},"end":{}}],"line":321},"18":{"loc":{"start":{"line":336,"column":8},"end":{"line":341,"column":9}},"type":"if","locations":[{"start":{"line":336,"column":8},"end":{"line":341,"column":9}},{"start":{},"end":{}}],"line":336},"19":{"loc":{"start":{"line":345,"column":8},"end":{"line":348,"column":9}},"type":"if","locations":[{"start":{"line":345,"column":8},"end":{"line":348,"column":9}},{"start":{},"end":{}}],"line":345},"20":{"loc":{"start":{"line":357,"column":12},"end":{"line":362,"column":13}},"type":"if","locations":[{"start":{"line":357,"column":12},"end":{"line":362,"column":13}},{"start":{},"end":{}}],"line":357},"21":{"loc":{"start":{"line":378,"column":8},"end":{"line":378,"column":26}},"type":"if","locations":[{"start":{"line":378,"column":8},"end":{"line":378,"column":26}},{"start":{},"end":{}}],"line":378},"22":{"loc":{"start":{"line":391,"column":16},"end":{"line":397,"column":17}},"type":"if","locations":[{"start":{"line":391,"column":16},"end":{"line":397,"column":17}},{"start":{},"end":{}}],"line":391},"23":{"loc":{"start":{"line":391,"column":20},"end":{"line":391,"column":58}},"type":"binary-expr","locations":[{"start":{"line":391,"column":20},"end":{"line":391,"column":36}},{"start":{"line":391,"column":40},"end":{"line":391,"column":58}}],"line":391},"24":{"loc":{"start":{"line":421,"column":8},"end":{"line":424,"column":9}},"type":"if","locations":[{"start":{"line":421,"column":8},"end":{"line":424,"column":9}},{"start":{},"end":{}}],"line":421},"25":{"loc":{"start":{"line":443,"column":8},"end":{"line":446,"column":9}},"type":"if","locations":[{"start":{"line":443,"column":8},"end":{"line":446,"column":9}},{"start":{},"end":{}}],"line":443},"26":{"loc":{"start":{"line":460,"column":8},"end":{"line":465,"column":9}},"type":"if","locations":[{"start":{"line":460,"column":8},"end":{"line":465,"column":9}},{"start":{"line":463,"column":15},"end":{"line":465,"column":9}}],"line":460},"27":{"loc":{"start":{"line":475,"column":4},"end":{"line":477,"column":5}},"type":"if","locations":[{"start":{"line":475,"column":4},"end":{"line":477,"column":5}},{"start":{},"end":{}}],"line":475},"28":{"loc":{"start":{"line":490,"column":0},"end":{"line":493,"column":1}},"type":"if","locations":[{"start":{"line":490,"column":0},"end":{"line":493,"column":1}},{"start":{},"end":{}}],"line":490}},"s":{"0":1,"1":16,"2":16,"3":16,"4":16,"5":16,"6":16,"7":16,"8":16,"9":16,"10":16,"11":320,"12":16,"13":0,"14":0,"15":0,"16":0,"17":0,"18":0,"19":0,"20":0,"21":0,"22":0,"23":0,"24":16,"25":16,"26":320,"27":3360,"28":320,"29":320,"30":320,"31":320,"32":320,"33":320,"34":4,"35":4,"36":4,"37":0,"38":0,"39":4,"40":4,"41":4,"42":4,"43":0,"44":320,"45":16,"46":7,"47":0,"48":0,"49":7,"50":7,"51":6,"52":6,"53":0,"54":0,"55":6,"56":6,"57":6,"58":6,"59":6,"60":6,"61":6,"62":6,"63":6,"64":6,"65":6,"66":6,"67":6,"68":6,"69":6,"70":6,"71":6,"72":6,"73":6,"74":6,"75":6,"76":6,"77":6,"78":6,"79":6,"80":0,"81":0,"82":6,"83":6,"84":6,"85":6,"86":6,"87":1,"88":1,"89":1,"90":1,"91":1,"92":1,"93":0,"94":6,"95":6,"96":6,"97":6,"98":6,"99":6,"100":6,"101":6,"102":6,"103":6,"104":6,"105":6,"106":6,"107":6,"108":6,"109":6,"110":6,"111":6,"112":6,"113":6,"114":6,"115":6,"116":6,"117":6,"118":6,"119":6,"120":6,"121":6,"122":6,"123":6,"124":1,"125":1,"126":1,"127":0,"128":6,"129":0,"130":0,"131":0,"132":0,"133":6,"134":6,"135":6,"136":0,"137":0,"138":0,"139":0,"140":0,"141":0,"142":0,"143":0,"144":0,"145":0,"146":0,"147":0,"148":0,"149":0,"150":0,"151":0,"152":0,"153":0,"154":0,"155":0,"156":0,"157":0,"158":0,"159":0,"160":0,"161":0,"162":0,"163":0,"164":0,"165":0,"166":0,"167":0,"168":0,"169":0,"170":0,"171":0,"172":0,"173":0,"174":0,"175":0,"176":0,"177":0,"178":6,"179":6,"180":6,"181":6,"182":7,"183":6,"184":7,"185":1,"186":1,"187":6,"188":6,"189":6,"190":1,"191":1,"192":5,"193":5,"194":5,"195":4,"196":4,"197":1,"198":1,"199":3,"200":3,"201":2,"202":2,"203":0,"204":2,"205":2,"206":2,"207":2,"208":2,"209":2,"210":2,"211":2,"212":2,"213":0,"214":0,"215":0,"216":0,"217":0,"218":2,"219":2,"220":2,"221":2,"222":2,"223":2,"224":2,"225":2,"226":2,"227":1,"228":0,"229":0,"230":1,"231":1,"232":1,"233":1,"234":0,"235":1,"236":0,"237":0,"238":1,"239":1,"240":1,"241":1,"242":1,"243":1,"244":1,"245":1,"246":1,"247":1,"248":0,"249":16,"250":16,"251":16,"252":16,"253":16,"254":16,"255":16,"256":1,"257":1,"258":16,"259":16,"260":16,"261":16},"f":{"0":16,"1":320,"2":0,"3":0,"4":0,"5":0,"6":16,"7":320,"8":3360,"9":4,"10":7,"11":6,"12":0,"13":1,"14":1,"15":6,"16":1,"17":0,"18":0,"19":0,"20":0,"21":0,"22":0,"23":6,"24":7,"25":4,"26":2,"27":2,"28":2,"29":1,"30":1,"31":1,"32":1,"33":16},"b":{"0":[0,0],"1":[0,4],"2":[0,4],"3":[0,7],"4":[0,6],"5":[0,0],"6":[1,0],"7":[0,1],"8":[6,0],"9":[6,6,0,0,0,0,0],"10":[0,1],"11":[0,0],"12":[0,0],"13":[0,0],"14":[0,0],"15":[0,0],"16":[0,0],"17":[6,0],"18":[1,6],"19":[1,5],"20":[1,3],"21":[0,2],"22":[0,2],"23":[2,2],"24":[0,1],"25":[0,1],"26":[1,0],"27":[16,0],"28":[1,0]},"_coverageSchema":"1a1c01bbd47fc00a2c39e90264f33305004495a9","hash":"0a47277a0cc5c13934926574876ad7bdd8be0315"}
,"C:\\Users\\richt\\Desktop\\WEBDEV\\picsmasher\\__tests__\\helpers\\testHelpers.js": {"path":"C:\\Users\\richt\\Desktop\\WEBDEV\\picsmasher\\__tests__\\helpers\\testHelpers.js","statementMap":{"0":{"start":{"line":1,"column":36},"end":{"line":1,"column":53}},"1":{"start":{"line":3,"column":0},"end":{"line":16,"column":2}},"2":{"start":{"line":8,"column":19},"end":{"line":8,"column":46}},"3":{"start":{"line":9,"column":16},"end":{"line":9,"column":39}},"4":{"start":{"line":12,"column":4},"end":{"line":12,"column":30}},"5":{"start":{"line":13,"column":4},"end":{"line":13,"column":38}},"6":{"start":{"line":15,"column":4},"end":{"line":15,"column":27}},"7":{"start":{"line":18,"column":0},"end":{"line":24,"column":2}},"8":{"start":{"line":19,"column":18},"end":{"line":19,"column":44}},"9":{"start":{"line":20,"column":19},"end":{"line":20,"column":58}},"10":{"start":{"line":21,"column":16},"end":{"line":21,"column":39}},"11":{"start":{"line":22,"column":4},"end":{"line":22,"column":31}},"12":{"start":{"line":23,"column":4},"end":{"line":23,"column":27}}},"fnMap":{"0":{"name":"(anonymous_0)","decl":{"start":{"line":3,"column":27},"end":{"line":3,"column":28}},"loc":{"start":{"line":7,"column":5},"end":{"line":16,"column":1}},"line":7},"1":{"name":"(anonymous_1)","decl":{"start":{"line":18,"column":24},"end":{"line":18,"column":25}},"loc":{"start":{"line":18,"column":45},"end":{"line":24,"column":1}},"line":18}},"branchMap":{"0":{"loc":{"start":{"line":4,"column":4},"end":{"line":4,"column":15}},"type":"default-arg","locations":[{"start":{"line":4,"column":12},"end":{"line":4,"column":15}}],"line":4},"1":{"loc":{"start":{"line":5,"column":4},"end":{"line":5,"column":16}},"type":"default-arg","locations":[{"start":{"line":5,"column":13},"end":{"line":5,"column":16}}],"line":5},"2":{"loc":{"start":{"line":6,"column":4},"end":{"line":6,"column":36}},"type":"default-arg","locations":[{"start":{"line":6,"column":16},"end":{"line":6,"column":36}}],"line":6}},"s":{"0":13,"1":13,"2":16,"3":16,"4":16,"5":16,"6":16,"7":13,"8":0,"9":0,"10":0,"11":0,"12":0},"f":{"0":16,"1":0},"b":{"0":[16],"1":[16],"2":[16]},"_coverageSchema":"1a1c01bbd47fc00a2c39e90264f33305004495a9","hash":"3eca3ea4d9ab2f406fda2250f280718b7072e6da"}
}
