{"C:\\Users\\richt\\Desktop\\WEBDEV\\picsmasher\\effects.js": {"path":"C:\\Users\\richt\\Desktop\\WEBDEV\\picsmasher\\effects.js","statementMap":{"0":{"start":{"line":8,"column":8},"end":{"line":8,"column":34}},"1":{"start":{"line":9,"column":8},"end":{"line":9,"column":29}},"2":{"start":{"line":18,"column":8},"end":{"line":18,"column":55}},"3":{"start":{"line":19,"column":8},"end":{"line":19,"column":42}},"4":{"start":{"line":21,"column":8},"end":{"line":21,"column":79}},"5":{"start":{"line":21,"column":39},"end":{"line":21,"column":77}},"6":{"start":{"line":31,"column":28},"end":{"line":31,"column":60}},"7":{"start":{"line":32,"column":8},"end":{"line":37,"column":9}},"8":{"start":{"line":33,"column":12},"end":{"line":33,"column":47}},"9":{"start":{"line":35,"column":12},"end":{"line":35,"column":75}},"10":{"start":{"line":36,"column":12},"end":{"line":36,"column":24}},"11":{"start":{"line":45,"column":8},"end":{"line":45,"column":31}},"12":{"start":{"line":54,"column":8},"end":{"line":54,"column":29}},"13":{"start":{"line":58,"column":8},"end":{"line":58,"column":18}},"14":{"start":{"line":62,"column":8},"end":{"line":62,"column":18}},"15":{"start":{"line":66,"column":8},"end":{"line":66,"column":37}},"16":{"start":{"line":78,"column":8},"end":{"line":78,"column":31}},"17":{"start":{"line":82,"column":8},"end":{"line":84,"column":10}},"18":{"start":{"line":88,"column":8},"end":{"line":97,"column":10}},"19":{"start":{"line":101,"column":8},"end":{"line":101,"column":46}},"20":{"start":{"line":102,"column":26},"end":{"line":102,"column":77}},"21":{"start":{"line":103,"column":21},"end":{"line":103,"column":35}},"22":{"start":{"line":104,"column":26},"end":{"line":104,"column":70}},"23":{"start":{"line":105,"column":23},"end":{"line":105,"column":38}},"24":{"start":{"line":107,"column":8},"end":{"line":113,"column":9}},"25":{"start":{"line":107,"column":21},"end":{"line":107,"column":22}},"26":{"start":{"line":109,"column":12},"end":{"line":109,"column":76}},"27":{"start":{"line":110,"column":12},"end":{"line":110,"column":88}},"28":{"start":{"line":111,"column":12},"end":{"line":111,"column":88}},"29":{"start":{"line":115,"column":8},"end":{"line":115,"column":42}},"30":{"start":{"line":121,"column":8},"end":{"line":121,"column":27}},"31":{"start":{"line":125,"column":8},"end":{"line":127,"column":10}},"32":{"start":{"line":131,"column":8},"end":{"line":140,"column":10}},"33":{"start":{"line":144,"column":8},"end":{"line":144,"column":49}},"34":{"start":{"line":145,"column":24},"end":{"line":145,"column":75}},"35":{"start":{"line":146,"column":21},"end":{"line":146,"column":35}},"36":{"start":{"line":147,"column":26},"end":{"line":147,"column":70}},"37":{"start":{"line":148,"column":23},"end":{"line":148,"column":38}},"38":{"start":{"line":150,"column":8},"end":{"line":155,"column":9}},"39":{"start":{"line":150,"column":21},"end":{"line":150,"column":22}},"40":{"start":{"line":151,"column":24},"end":{"line":151,"column":65}},"41":{"start":{"line":152,"column":12},"end":{"line":152,"column":57}},"42":{"start":{"line":153,"column":12},"end":{"line":153,"column":69}},"43":{"start":{"line":154,"column":12},"end":{"line":154,"column":69}},"44":{"start":{"line":157,"column":8},"end":{"line":157,"column":42}},"45":{"start":{"line":163,"column":8},"end":{"line":163,"column":23}},"46":{"start":{"line":167,"column":8},"end":{"line":169,"column":10}},"47":{"start":{"line":173,"column":8},"end":{"line":182,"column":10}},"48":{"start":{"line":186,"column":8},"end":{"line":186,"column":45}},"49":{"start":{"line":187,"column":24},"end":{"line":187,"column":75}},"50":{"start":{"line":188,"column":21},"end":{"line":188,"column":35}},"51":{"start":{"line":189,"column":26},"end":{"line":189,"column":70}},"52":{"start":{"line":190,"column":23},"end":{"line":190,"column":38}},"53":{"start":{"line":192,"column":8},"end":{"line":200,"column":9}},"54":{"start":{"line":192,"column":21},"end":{"line":192,"column":22}},"55":{"start":{"line":193,"column":24},"end":{"line":193,"column":31}},"56":{"start":{"line":194,"column":26},"end":{"line":194,"column":37}},"57":{"start":{"line":195,"column":25},"end":{"line":195,"column":36}},"58":{"start":{"line":197,"column":12},"end":{"line":197,"column":103}},"59":{"start":{"line":198,"column":12},"end":{"line":198,"column":111}},"60":{"start":{"line":199,"column":12},"end":{"line":199,"column":109}},"61":{"start":{"line":202,"column":8},"end":{"line":202,"column":42}},"62":{"start":{"line":208,"column":8},"end":{"line":208,"column":37}},"63":{"start":{"line":212,"column":8},"end":{"line":215,"column":10}},"64":{"start":{"line":219,"column":8},"end":{"line":236,"column":10}},"65":{"start":{"line":240,"column":8},"end":{"line":240,"column":59}},"66":{"start":{"line":241,"column":26},"end":{"line":241,"column":77}},"67":{"start":{"line":242,"column":21},"end":{"line":242,"column":35}},"68":{"start":{"line":243,"column":39},"end":{"line":243,"column":54}},"69":{"start":{"line":246,"column":8},"end":{"line":246,"column":49}},"70":{"start":{"line":247,"column":8},"end":{"line":247,"column":45}},"71":{"start":{"line":250,"column":23},"end":{"line":250,"column":74}},"72":{"start":{"line":252,"column":8},"end":{"line":263,"column":9}},"73":{"start":{"line":252,"column":21},"end":{"line":252,"column":22}},"74":{"start":{"line":254,"column":12},"end":{"line":254,"column":66}},"75":{"start":{"line":255,"column":12},"end":{"line":255,"column":74}},"76":{"start":{"line":256,"column":12},"end":{"line":256,"column":74}},"77":{"start":{"line":259,"column":12},"end":{"line":259,"column":58}},"78":{"start":{"line":260,"column":12},"end":{"line":260,"column":66}},"79":{"start":{"line":261,"column":12},"end":{"line":261,"column":66}},"80":{"start":{"line":265,"column":8},"end":{"line":265,"column":42}},"81":{"start":{"line":271,"column":8},"end":{"line":271,"column":30}},"82":{"start":{"line":275,"column":8},"end":{"line":282,"column":10}},"83":{"start":{"line":286,"column":8},"end":{"line":341,"column":10}},"84":{"start":{"line":345,"column":8},"end":{"line":345,"column":52}},"85":{"start":{"line":346,"column":21},"end":{"line":346,"column":55}},"86":{"start":{"line":347,"column":25},"end":{"line":347,"column":65}},"87":{"start":{"line":348,"column":27},"end":{"line":348,"column":84}},"88":{"start":{"line":349,"column":22},"end":{"line":349,"column":56}},"89":{"start":{"line":350,"column":18},"end":{"line":350,"column":53}},"90":{"start":{"line":351,"column":18},"end":{"line":351,"column":53}},"91":{"start":{"line":353,"column":8},"end":{"line":353,"column":54}},"92":{"start":{"line":354,"column":8},"end":{"line":354,"column":30}},"93":{"start":{"line":355,"column":8},"end":{"line":355,"column":33}},"94":{"start":{"line":356,"column":8},"end":{"line":356,"column":36}},"95":{"start":{"line":357,"column":8},"end":{"line":357,"column":80}},"96":{"start":{"line":363,"column":8},"end":{"line":363,"column":30}},"97":{"start":{"line":367,"column":8},"end":{"line":372,"column":10}},"98":{"start":{"line":376,"column":8},"end":{"line":409,"column":10}},"99":{"start":{"line":413,"column":8},"end":{"line":413,"column":52}},"100":{"start":{"line":414,"column":24},"end":{"line":414,"column":75}},"101":{"start":{"line":415,"column":21},"end":{"line":415,"column":35}},"102":{"start":{"line":416,"column":20},"end":{"line":416,"column":56}},"103":{"start":{"line":417,"column":22},"end":{"line":417,"column":60}},"104":{"start":{"line":418,"column":21},"end":{"line":418,"column":58}},"105":{"start":{"line":419,"column":26},"end":{"line":419,"column":70}},"106":{"start":{"line":420,"column":23},"end":{"line":420,"column":38}},"107":{"start":{"line":422,"column":8},"end":{"line":426,"column":9}},"108":{"start":{"line":422,"column":21},"end":{"line":422,"column":22}},"109":{"start":{"line":423,"column":12},"end":{"line":423,"column":57}},"110":{"start":{"line":424,"column":12},"end":{"line":424,"column":71}},"111":{"start":{"line":425,"column":12},"end":{"line":425,"column":70}},"112":{"start":{"line":428,"column":8},"end":{"line":428,"column":42}},"113":{"start":{"line":434,"column":8},"end":{"line":434,"column":22}},"114":{"start":{"line":438,"column":8},"end":{"line":440,"column":10}},"115":{"start":{"line":444,"column":8},"end":{"line":453,"column":10}},"116":{"start":{"line":457,"column":8},"end":{"line":457,"column":44}},"117":{"start":{"line":458,"column":27},"end":{"line":458,"column":59}},"118":{"start":{"line":459,"column":8},"end":{"line":459,"column":40}},"119":{"start":{"line":460,"column":8},"end":{"line":460,"column":42}},"120":{"start":{"line":461,"column":24},"end":{"line":461,"column":51}},"121":{"start":{"line":463,"column":8},"end":{"line":463,"column":61}},"122":{"start":{"line":464,"column":8},"end":{"line":464,"column":40}},"123":{"start":{"line":466,"column":8},"end":{"line":466,"column":57}},"124":{"start":{"line":467,"column":8},"end":{"line":467,"column":40}},"125":{"start":{"line":473,"column":8},"end":{"line":473,"column":28}},"126":{"start":{"line":477,"column":8},"end":{"line":479,"column":10}},"127":{"start":{"line":483,"column":8},"end":{"line":492,"column":10}},"128":{"start":{"line":496,"column":8},"end":{"line":496,"column":50}},"129":{"start":{"line":497,"column":8},"end":{"line":497,"column":63}},"130":{"start":{"line":498,"column":8},"end":{"line":498,"column":36}},"131":{"start":{"line":499,"column":8},"end":{"line":499,"column":28}},"132":{"start":{"line":505,"column":8},"end":{"line":505,"column":26}},"133":{"start":{"line":509,"column":8},"end":{"line":511,"column":10}},"134":{"start":{"line":515,"column":8},"end":{"line":524,"column":10}},"135":{"start":{"line":528,"column":8},"end":{"line":528,"column":48}},"136":{"start":{"line":529,"column":21},"end":{"line":529,"column":41}},"137":{"start":{"line":530,"column":22},"end":{"line":530,"column":34}},"138":{"start":{"line":531,"column":23},"end":{"line":531,"column":36}},"139":{"start":{"line":532,"column":8},"end":{"line":532,"column":65}},"140":{"start":{"line":533,"column":8},"end":{"line":533,"column":86}},"141":{"start":{"line":539,"column":8},"end":{"line":539,"column":31}},"142":{"start":{"line":543,"column":8},"end":{"line":545,"column":10}},"143":{"start":{"line":549,"column":8},"end":{"line":558,"column":10}},"144":{"start":{"line":562,"column":8},"end":{"line":562,"column":53}},"145":{"start":{"line":563,"column":24},"end":{"line":563,"column":53}},"146":{"start":{"line":566,"column":27},"end":{"line":566,"column":59}},"147":{"start":{"line":567,"column":8},"end":{"line":567,"column":40}},"148":{"start":{"line":568,"column":8},"end":{"line":568,"column":42}},"149":{"start":{"line":569,"column":24},"end":{"line":569,"column":51}},"150":{"start":{"line":572,"column":8},"end":{"line":572,"column":40}},"151":{"start":{"line":575,"column":26},"end":{"line":575,"column":81}},"152":{"start":{"line":576,"column":26},"end":{"line":576,"column":70}},"153":{"start":{"line":579,"column":8},"end":{"line":581,"column":9}},"154":{"start":{"line":579,"column":21},"end":{"line":579,"column":22}},"155":{"start":{"line":580,"column":12},"end":{"line":580,"column":45}},"156":{"start":{"line":584,"column":24},"end":{"line":584,"column":67}},"157":{"start":{"line":585,"column":20},"end":{"line":585,"column":31}},"158":{"start":{"line":586,"column":8},"end":{"line":586,"column":26}},"159":{"start":{"line":587,"column":8},"end":{"line":602,"column":10}},"160":{"start":{"line":589,"column":12},"end":{"line":589,"column":65}},"161":{"start":{"line":590,"column":12},"end":{"line":590,"column":41}},"162":{"start":{"line":593,"column":34},"end":{"line":593,"column":89}},"163":{"start":{"line":596,"column":12},"end":{"line":598,"column":13}},"164":{"start":{"line":596,"column":25},"end":{"line":596,"column":26}},"165":{"start":{"line":597,"column":16},"end":{"line":597,"column":53}},"166":{"start":{"line":601,"column":12},"end":{"line":601,"column":50}},"167":{"start":{"line":608,"column":8},"end":{"line":608,"column":23}},"168":{"start":{"line":612,"column":8},"end":{"line":614,"column":10}},"169":{"start":{"line":618,"column":8},"end":{"line":627,"column":10}},"170":{"start":{"line":631,"column":8},"end":{"line":631,"column":45}},"171":{"start":{"line":632,"column":24},"end":{"line":632,"column":75}},"172":{"start":{"line":633,"column":21},"end":{"line":633,"column":35}},"173":{"start":{"line":634,"column":26},"end":{"line":634,"column":51}},"174":{"start":{"line":636,"column":8},"end":{"line":641,"column":9}},"175":{"start":{"line":636,"column":21},"end":{"line":636,"column":22}},"176":{"start":{"line":637,"column":26},"end":{"line":637,"column":59}},"177":{"start":{"line":638,"column":12},"end":{"line":638,"column":29}},"178":{"start":{"line":639,"column":12},"end":{"line":639,"column":33}},"179":{"start":{"line":640,"column":12},"end":{"line":640,"column":33}},"180":{"start":{"line":643,"column":8},"end":{"line":643,"column":42}},"181":{"start":{"line":649,"column":8},"end":{"line":649,"column":32}},"182":{"start":{"line":653,"column":8},"end":{"line":656,"column":10}},"183":{"start":{"line":660,"column":8},"end":{"line":677,"column":10}},"184":{"start":{"line":681,"column":8},"end":{"line":681,"column":52}},"185":{"start":{"line":682,"column":25},"end":{"line":682,"column":46}},"186":{"start":{"line":683,"column":26},"end":{"line":683,"column":48}},"187":{"start":{"line":685,"column":8},"end":{"line":688,"column":9}},"188":{"start":{"line":686,"column":12},"end":{"line":686,"column":38}},"189":{"start":{"line":687,"column":12},"end":{"line":687,"column":40}},"190":{"start":{"line":690,"column":28},"end":{"line":690,"column":52}},"191":{"start":{"line":694,"column":8},"end":{"line":700,"column":9}},"192":{"start":{"line":695,"column":12},"end":{"line":695,"column":38}},"193":{"start":{"line":696,"column":12},"end":{"line":696,"column":47}},"194":{"start":{"line":698,"column":12},"end":{"line":698,"column":36}},"195":{"start":{"line":699,"column":12},"end":{"line":699,"column":47}},"196":{"start":{"line":702,"column":27},"end":{"line":702,"column":59}},"197":{"start":{"line":703,"column":8},"end":{"line":703,"column":36}},"198":{"start":{"line":704,"column":8},"end":{"line":704,"column":38}},"199":{"start":{"line":705,"column":24},"end":{"line":705,"column":51}},"200":{"start":{"line":706,"column":8},"end":{"line":706,"column":61}},"201":{"start":{"line":708,"column":8},"end":{"line":708,"column":57}},"202":{"start":{"line":709,"column":8},"end":{"line":709,"column":69}},"203":{"start":{"line":715,"column":8},"end":{"line":715,"column":28}},"204":{"start":{"line":719,"column":8},"end":{"line":724,"column":10}},"205":{"start":{"line":728,"column":8},"end":{"line":761,"column":10}},"206":{"start":{"line":758,"column":20},"end":{"line":758,"column":46}},"207":{"start":{"line":765,"column":8},"end":{"line":765,"column":26}},"208":{"start":{"line":766,"column":8},"end":{"line":766,"column":50}},"209":{"start":{"line":770,"column":26},"end":{"line":770,"column":28}},"210":{"start":{"line":771,"column":8},"end":{"line":776,"column":9}},"211":{"start":{"line":771,"column":21},"end":{"line":771,"column":22}},"212":{"start":{"line":772,"column":12},"end":{"line":775,"column":15}},"213":{"start":{"line":777,"column":8},"end":{"line":777,"column":25}},"214":{"start":{"line":781,"column":8},"end":{"line":781,"column":50}},"215":{"start":{"line":785,"column":8},"end":{"line":785,"column":53}},"216":{"start":{"line":786,"column":22},"end":{"line":786,"column":43}},"217":{"start":{"line":787,"column":21},"end":{"line":787,"column":41}},"218":{"start":{"line":790,"column":8},"end":{"line":792,"column":9}},"219":{"start":{"line":791,"column":12},"end":{"line":791,"column":54}},"220":{"start":{"line":794,"column":8},"end":{"line":801,"column":11}},"221":{"start":{"line":795,"column":22},"end":{"line":795,"column":50}},"222":{"start":{"line":796,"column":22},"end":{"line":796,"column":51}},"223":{"start":{"line":797,"column":29},"end":{"line":797,"column":54}},"224":{"start":{"line":799,"column":12},"end":{"line":799,"column":45}},"225":{"start":{"line":800,"column":12},"end":{"line":800,"column":38}},"226":{"start":{"line":807,"column":8},"end":{"line":807,"column":36}},"227":{"start":{"line":811,"column":8},"end":{"line":816,"column":10}},"228":{"start":{"line":820,"column":8},"end":{"line":853,"column":10}},"229":{"start":{"line":857,"column":8},"end":{"line":857,"column":44}},"230":{"start":{"line":858,"column":18},"end":{"line":858,"column":70}},"231":{"start":{"line":859,"column":18},"end":{"line":859,"column":71}},"232":{"start":{"line":860,"column":22},"end":{"line":860,"column":78}},"233":{"start":{"line":861,"column":23},"end":{"line":861,"column":81}},"234":{"start":{"line":863,"column":27},"end":{"line":863,"column":59}},"235":{"start":{"line":864,"column":8},"end":{"line":864,"column":33}},"236":{"start":{"line":865,"column":8},"end":{"line":865,"column":35}},"237":{"start":{"line":866,"column":24},"end":{"line":866,"column":51}},"238":{"start":{"line":867,"column":8},"end":{"line":867,"column":76}},"239":{"start":{"line":869,"column":8},"end":{"line":869,"column":57}},"240":{"start":{"line":870,"column":8},"end":{"line":870,"column":69}},"241":{"start":{"line":876,"column":8},"end":{"line":876,"column":35}},"242":{"start":{"line":880,"column":8},"end":{"line":887,"column":10}},"243":{"start":{"line":891,"column":8},"end":{"line":937,"column":10}},"244":{"start":{"line":941,"column":8},"end":{"line":941,"column":57}},"245":{"start":{"line":942,"column":25},"end":{"line":942,"column":49}},"246":{"start":{"line":943,"column":18},"end":{"line":943,"column":70}},"247":{"start":{"line":944,"column":18},"end":{"line":944,"column":71}},"248":{"start":{"line":945,"column":22},"end":{"line":945,"column":78}},"249":{"start":{"line":946,"column":23},"end":{"line":946,"column":81}},"250":{"start":{"line":947,"column":24},"end":{"line":947,"column":59}},"251":{"start":{"line":949,"column":8},"end":{"line":972,"column":9}},"252":{"start":{"line":950,"column":24},"end":{"line":950,"column":35}},"253":{"start":{"line":951,"column":12},"end":{"line":951,"column":42}},"254":{"start":{"line":952,"column":12},"end":{"line":952,"column":31}},"255":{"start":{"line":953,"column":12},"end":{"line":966,"column":14}},"256":{"start":{"line":954,"column":35},"end":{"line":954,"column":67}},"257":{"start":{"line":955,"column":16},"end":{"line":955,"column":48}},"258":{"start":{"line":956,"column":16},"end":{"line":956,"column":50}},"259":{"start":{"line":957,"column":32},"end":{"line":957,"column":59}},"260":{"start":{"line":959,"column":16},"end":{"line":959,"column":48}},"261":{"start":{"line":960,"column":16},"end":{"line":960,"column":46}},"262":{"start":{"line":961,"column":16},"end":{"line":961,"column":60}},"263":{"start":{"line":962,"column":16},"end":{"line":962,"column":40}},"264":{"start":{"line":964,"column":16},"end":{"line":964,"column":65}},"265":{"start":{"line":965,"column":16},"end":{"line":965,"column":48}},"266":{"start":{"line":967,"column":12},"end":{"line":969,"column":14}},"267":{"start":{"line":968,"column":16},"end":{"line":968,"column":84}},"268":{"start":{"line":971,"column":12},"end":{"line":971,"column":81}},"269":{"start":{"line":978,"column":8},"end":{"line":978,"column":31}},"270":{"start":{"line":982,"column":8},"end":{"line":990,"column":10}},"271":{"start":{"line":994,"column":8},"end":{"line":1051,"column":10}},"272":{"start":{"line":1055,"column":8},"end":{"line":1055,"column":53}},"273":{"start":{"line":1056,"column":21},"end":{"line":1056,"column":55}},"274":{"start":{"line":1057,"column":25},"end":{"line":1057,"column":65}},"275":{"start":{"line":1058,"column":27},"end":{"line":1058,"column":77}},"276":{"start":{"line":1059,"column":22},"end":{"line":1059,"column":56}},"277":{"start":{"line":1060,"column":32},"end":{"line":1060,"column":76}},"278":{"start":{"line":1061,"column":23},"end":{"line":1061,"column":61}},"279":{"start":{"line":1062,"column":25},"end":{"line":1062,"column":49}},"280":{"start":{"line":1064,"column":8},"end":{"line":1064,"column":49}},"281":{"start":{"line":1065,"column":8},"end":{"line":1065,"column":33}},"282":{"start":{"line":1066,"column":8},"end":{"line":1066,"column":36}},"283":{"start":{"line":1068,"column":8},"end":{"line":1068,"column":40}},"284":{"start":{"line":1069,"column":8},"end":{"line":1069,"column":49}},"285":{"start":{"line":1071,"column":8},"end":{"line":1071,"column":30}},"286":{"start":{"line":1073,"column":8},"end":{"line":1102,"column":9}},"287":{"start":{"line":1074,"column":26},"end":{"line":1074,"column":41}},"288":{"start":{"line":1075,"column":23},"end":{"line":1075,"column":25}},"289":{"start":{"line":1076,"column":26},"end":{"line":1076,"column":28}},"290":{"start":{"line":1077,"column":29},"end":{"line":1077,"column":46}},"291":{"start":{"line":1079,"column":12},"end":{"line":1090,"column":13}},"292":{"start":{"line":1079,"column":25},"end":{"line":1079,"column":26}},"293":{"start":{"line":1080,"column":33},"end":{"line":1080,"column":54}},"294":{"start":{"line":1081,"column":32},"end":{"line":1081,"column":57}},"295":{"start":{"line":1082,"column":34},"end":{"line":1082,"column":47}},"296":{"start":{"line":1084,"column":16},"end":{"line":1089,"column":17}},"297":{"start":{"line":1085,"column":20},"end":{"line":1085,"column":37}},"298":{"start":{"line":1086,"column":20},"end":{"line":1086,"column":42}},"299":{"start":{"line":1088,"column":20},"end":{"line":1088,"column":36}},"300":{"start":{"line":1091,"column":12},"end":{"line":1091,"column":29}},"301":{"start":{"line":1093,"column":31},"end":{"line":1093,"column":45}},"302":{"start":{"line":1094,"column":32},"end":{"line":1094,"column":57}},"303":{"start":{"line":1095,"column":27},"end":{"line":1095,"column":70}},"304":{"start":{"line":1097,"column":12},"end":{"line":1099,"column":13}},"305":{"start":{"line":1097,"column":25},"end":{"line":1097,"column":26}},"306":{"start":{"line":1098,"column":16},"end":{"line":1098,"column":82}},"307":{"start":{"line":1101,"column":12},"end":{"line":1101,"column":61}},"308":{"start":{"line":1108,"column":8},"end":{"line":1108,"column":31}},"309":{"start":{"line":1112,"column":8},"end":{"line":1116,"column":10}},"310":{"start":{"line":1120,"column":8},"end":{"line":1139,"column":10}},"311":{"start":{"line":1143,"column":8},"end":{"line":1143,"column":53}},"312":{"start":{"line":1144,"column":24},"end":{"line":1144,"column":75}},"313":{"start":{"line":1145,"column":21},"end":{"line":1145,"column":35}},"314":{"start":{"line":1146,"column":28},"end":{"line":1146,"column":70}},"315":{"start":{"line":1147,"column":33},"end":{"line":1147,"column":80}},"316":{"start":{"line":1148,"column":26},"end":{"line":1148,"column":68}},"317":{"start":{"line":1150,"column":8},"end":{"line":1156,"column":9}},"318":{"start":{"line":1150,"column":21},"end":{"line":1150,"column":22}},"319":{"start":{"line":1151,"column":12},"end":{"line":1155,"column":13}},"320":{"start":{"line":1152,"column":16},"end":{"line":1152,"column":45}},"321":{"start":{"line":1153,"column":16},"end":{"line":1153,"column":49}},"322":{"start":{"line":1154,"column":16},"end":{"line":1154,"column":49}},"323":{"start":{"line":1158,"column":8},"end":{"line":1158,"column":42}},"324":{"start":{"line":1162,"column":23},"end":{"line":1162,"column":49}},"325":{"start":{"line":1163,"column":8},"end":{"line":1167,"column":10}},"326":{"start":{"line":1171,"column":18},"end":{"line":1171,"column":29}},"327":{"start":{"line":1172,"column":18},"end":{"line":1172,"column":33}},"328":{"start":{"line":1173,"column":18},"end":{"line":1173,"column":33}},"329":{"start":{"line":1174,"column":8},"end":{"line":1178,"column":10}},"330":{"start":{"line":1184,"column":8},"end":{"line":1184,"column":22}},"331":{"start":{"line":1188,"column":8},"end":{"line":1190,"column":10}},"332":{"start":{"line":1194,"column":8},"end":{"line":1201,"column":10}},"333":{"start":{"line":1205,"column":8},"end":{"line":1205,"column":44}},"334":{"start":{"line":1206,"column":26},"end":{"line":1206,"column":51}},"335":{"start":{"line":1208,"column":8},"end":{"line":1208,"column":19}},"336":{"start":{"line":1209,"column":8},"end":{"line":1215,"column":9}},"337":{"start":{"line":1210,"column":12},"end":{"line":1210,"column":29}},"338":{"start":{"line":1211,"column":12},"end":{"line":1211,"column":52}},"339":{"start":{"line":1212,"column":15},"end":{"line":1215,"column":9}},"340":{"start":{"line":1213,"column":12},"end":{"line":1213,"column":29}},"341":{"start":{"line":1214,"column":12},"end":{"line":1214,"column":53}},"342":{"start":{"line":1216,"column":8},"end":{"line":1216,"column":22}},"343":{"start":{"line":1222,"column":8},"end":{"line":1222,"column":26}},"344":{"start":{"line":1226,"column":8},"end":{"line":1228,"column":10}},"345":{"start":{"line":1232,"column":8},"end":{"line":1241,"column":10}},"346":{"start":{"line":1245,"column":8},"end":{"line":1245,"column":48}},"347":{"start":{"line":1246,"column":26},"end":{"line":1246,"column":69}},"348":{"start":{"line":1247,"column":25},"end":{"line":1250,"column":9}},"349":{"start":{"line":1252,"column":8},"end":{"line":1252,"column":53}},"350":{"start":{"line":1253,"column":8},"end":{"line":1253,"column":70}},"351":{"start":{"line":1255,"column":8},"end":{"line":1255,"column":53}},"352":{"start":{"line":1256,"column":8},"end":{"line":1256,"column":33}},"353":{"start":{"line":1257,"column":8},"end":{"line":1257,"column":56}},"354":{"start":{"line":1258,"column":8},"end":{"line":1258,"column":53}},"355":{"start":{"line":1264,"column":8},"end":{"line":1264,"column":25}},"356":{"start":{"line":1268,"column":8},"end":{"line":1270,"column":10}},"357":{"start":{"line":1274,"column":8},"end":{"line":1283,"column":10}},"358":{"start":{"line":1287,"column":8},"end":{"line":1287,"column":47}},"359":{"start":{"line":1288,"column":26},"end":{"line":1288,"column":77}},"360":{"start":{"line":1289,"column":21},"end":{"line":1289,"column":35}},"361":{"start":{"line":1290,"column":26},"end":{"line":1290,"column":68}},"362":{"start":{"line":1293,"column":23},"end":{"line":1297,"column":9}},"363":{"start":{"line":1299,"column":21},"end":{"line":1299,"column":57}},"364":{"start":{"line":1300,"column":25},"end":{"line":1300,"column":45}},"365":{"start":{"line":1302,"column":20},"end":{"line":1302,"column":34}},"366":{"start":{"line":1303,"column":19},"end":{"line":1303,"column":34}},"367":{"start":{"line":1304,"column":19},"end":{"line":1304,"column":35}},"368":{"start":{"line":1305,"column":18},"end":{"line":1305,"column":20}},"369":{"start":{"line":1306,"column":18},"end":{"line":1306,"column":20}},"370":{"start":{"line":1308,"column":23},"end":{"line":1308,"column":48}},"371":{"start":{"line":1309,"column":20},"end":{"line":1309,"column":31}},"372":{"start":{"line":1311,"column":8},"end":{"line":1333,"column":9}},"373":{"start":{"line":1311,"column":21},"end":{"line":1311,"column":22}},"374":{"start":{"line":1312,"column":12},"end":{"line":1332,"column":13}},"375":{"start":{"line":1312,"column":25},"end":{"line":1312,"column":26}},"376":{"start":{"line":1313,"column":24},"end":{"line":1313,"column":25}},"377":{"start":{"line":1313,"column":31},"end":{"line":1313,"column":32}},"378":{"start":{"line":1313,"column":38},"end":{"line":1313,"column":39}},"379":{"start":{"line":1314,"column":16},"end":{"line":1326,"column":17}},"380":{"start":{"line":1314,"column":30},"end":{"line":1314,"column":31}},"381":{"start":{"line":1315,"column":20},"end":{"line":1325,"column":21}},"382":{"start":{"line":1315,"column":34},"end":{"line":1315,"column":35}},"383":{"start":{"line":1316,"column":36},"end":{"line":1316,"column":53}},"384":{"start":{"line":1317,"column":36},"end":{"line":1317,"column":53}},"385":{"start":{"line":1318,"column":24},"end":{"line":1324,"column":25}},"386":{"start":{"line":1319,"column":46},"end":{"line":1319,"column":66}},"387":{"start":{"line":1320,"column":39},"end":{"line":1320,"column":61}},"388":{"start":{"line":1321,"column":28},"end":{"line":1321,"column":53}},"389":{"start":{"line":1322,"column":28},"end":{"line":1322,"column":57}},"390":{"start":{"line":1323,"column":28},"end":{"line":1323,"column":57}},"391":{"start":{"line":1327,"column":34},"end":{"line":1327,"column":49}},"392":{"start":{"line":1328,"column":16},"end":{"line":1328,"column":75}},"393":{"start":{"line":1329,"column":16},"end":{"line":1329,"column":79}},"394":{"start":{"line":1330,"column":16},"end":{"line":1330,"column":79}},"395":{"start":{"line":1331,"column":16},"end":{"line":1331,"column":63}},"396":{"start":{"line":1335,"column":8},"end":{"line":1335,"column":39}},"397":{"start":{"line":1341,"column":22},"end":{"line":1341,"column":41}},"398":{"start":{"line":1343,"column":0},"end":{"line":1343,"column":53}},"399":{"start":{"line":1344,"column":0},"end":{"line":1344,"column":59}},"400":{"start":{"line":1345,"column":0},"end":{"line":1345,"column":51}},"401":{"start":{"line":1346,"column":0},"end":{"line":1346,"column":77}},"402":{"start":{"line":1347,"column":0},"end":{"line":1347,"column":63}},"403":{"start":{"line":1348,"column":0},"end":{"line":1348,"column":63}},"404":{"start":{"line":1349,"column":0},"end":{"line":1349,"column":49}},"405":{"start":{"line":1350,"column":0},"end":{"line":1350,"column":59}},"406":{"start":{"line":1351,"column":0},"end":{"line":1351,"column":57}},"407":{"start":{"line":1352,"column":0},"end":{"line":1352,"column":65}},"408":{"start":{"line":1353,"column":0},"end":{"line":1353,"column":51}},"409":{"start":{"line":1354,"column":0},"end":{"line":1354,"column":63}},"410":{"start":{"line":1355,"column":0},"end":{"line":1355,"column":51}},"411":{"start":{"line":1356,"column":0},"end":{"line":1356,"column":49}},"412":{"start":{"line":1357,"column":0},"end":{"line":1357,"column":73}},"413":{"start":{"line":1358,"column":0},"end":{"line":1358,"column":63}},"414":{"start":{"line":1359,"column":0},"end":{"line":1359,"column":65}},"415":{"start":{"line":1360,"column":0},"end":{"line":1360,"column":49}},"416":{"start":{"line":1361,"column":0},"end":{"line":1361,"column":57}},"417":{"start":{"line":1362,"column":0},"end":{"line":1362,"column":55}},"418":{"start":{"line":1365,"column":0},"end":{"line":1374,"column":2}}},"fnMap":{"0":{"name":"(anonymous_0)","decl":{"start":{"line":7,"column":4},"end":{"line":7,"column":5}},"loc":{"start":{"line":7,"column":18},"end":{"line":10,"column":5}},"line":7},"1":{"name":"(anonymous_1)","decl":{"start":{"line":17,"column":4},"end":{"line":17,"column":5}},"loc":{"start":{"line":17,"column":44},"end":{"line":22,"column":5}},"line":17},"2":{"name":"(anonymous_2)","decl":{"start":{"line":21,"column":29},"end":{"line":21,"column":30}},"loc":{"start":{"line":21,"column":39},"end":{"line":21,"column":77}},"line":21},"3":{"name":"(anonymous_3)","decl":{"start":{"line":30,"column":4},"end":{"line":30,"column":5}},"loc":{"start":{"line":30,"column":41},"end":{"line":38,"column":5}},"line":30},"4":{"name":"(anonymous_4)","decl":{"start":{"line":44,"column":4},"end":{"line":44,"column":5}},"loc":{"start":{"line":44,"column":17},"end":{"line":46,"column":5}},"line":44},"5":{"name":"(anonymous_5)","decl":{"start":{"line":53,"column":4},"end":{"line":53,"column":5}},"loc":{"start":{"line":53,"column":21},"end":{"line":55,"column":5}},"line":53},"6":{"name":"(anonymous_6)","decl":{"start":{"line":57,"column":4},"end":{"line":57,"column":5}},"loc":{"start":{"line":57,"column":34},"end":{"line":59,"column":5}},"line":57},"7":{"name":"(anonymous_7)","decl":{"start":{"line":61,"column":4},"end":{"line":61,"column":5}},"loc":{"start":{"line":61,"column":25},"end":{"line":63,"column":5}},"line":61},"8":{"name":"(anonymous_8)","decl":{"start":{"line":65,"column":4},"end":{"line":65,"column":5}},"loc":{"start":{"line":65,"column":33},"end":{"line":67,"column":5}},"line":65},"9":{"name":"(anonymous_9)","decl":{"start":{"line":69,"column":4},"end":{"line":69,"column":5}},"loc":{"start":{"line":69,"column":23},"end":{"line":71,"column":5}},"line":69},"10":{"name":"(anonymous_10)","decl":{"start":{"line":77,"column":4},"end":{"line":77,"column":5}},"loc":{"start":{"line":77,"column":21},"end":{"line":79,"column":5}},"line":77},"11":{"name":"(anonymous_11)","decl":{"start":{"line":81,"column":4},"end":{"line":81,"column":5}},"loc":{"start":{"line":81,"column":34},"end":{"line":85,"column":5}},"line":81},"12":{"name":"(anonymous_12)","decl":{"start":{"line":87,"column":4},"end":{"line":87,"column":5}},"loc":{"start":{"line":87,"column":25},"end":{"line":98,"column":5}},"line":87},"13":{"name":"(anonymous_13)","decl":{"start":{"line":100,"column":4},"end":{"line":100,"column":5}},"loc":{"start":{"line":100,"column":23},"end":{"line":116,"column":5}},"line":100},"14":{"name":"(anonymous_14)","decl":{"start":{"line":120,"column":4},"end":{"line":120,"column":5}},"loc":{"start":{"line":120,"column":21},"end":{"line":122,"column":5}},"line":120},"15":{"name":"(anonymous_15)","decl":{"start":{"line":124,"column":4},"end":{"line":124,"column":5}},"loc":{"start":{"line":124,"column":34},"end":{"line":128,"column":5}},"line":124},"16":{"name":"(anonymous_16)","decl":{"start":{"line":130,"column":4},"end":{"line":130,"column":5}},"loc":{"start":{"line":130,"column":25},"end":{"line":141,"column":5}},"line":130},"17":{"name":"(anonymous_17)","decl":{"start":{"line":143,"column":4},"end":{"line":143,"column":5}},"loc":{"start":{"line":143,"column":23},"end":{"line":158,"column":5}},"line":143},"18":{"name":"(anonymous_18)","decl":{"start":{"line":162,"column":4},"end":{"line":162,"column":5}},"loc":{"start":{"line":162,"column":21},"end":{"line":164,"column":5}},"line":162},"19":{"name":"(anonymous_19)","decl":{"start":{"line":166,"column":4},"end":{"line":166,"column":5}},"loc":{"start":{"line":166,"column":34},"end":{"line":170,"column":5}},"line":166},"20":{"name":"(anonymous_20)","decl":{"start":{"line":172,"column":4},"end":{"line":172,"column":5}},"loc":{"start":{"line":172,"column":25},"end":{"line":183,"column":5}},"line":172},"21":{"name":"(anonymous_21)","decl":{"start":{"line":185,"column":4},"end":{"line":185,"column":5}},"loc":{"start":{"line":185,"column":23},"end":{"line":203,"column":5}},"line":185},"22":{"name":"(anonymous_22)","decl":{"start":{"line":207,"column":4},"end":{"line":207,"column":5}},"loc":{"start":{"line":207,"column":21},"end":{"line":209,"column":5}},"line":207},"23":{"name":"(anonymous_23)","decl":{"start":{"line":211,"column":4},"end":{"line":211,"column":5}},"loc":{"start":{"line":211,"column":34},"end":{"line":216,"column":5}},"line":211},"24":{"name":"(anonymous_24)","decl":{"start":{"line":218,"column":4},"end":{"line":218,"column":5}},"loc":{"start":{"line":218,"column":25},"end":{"line":237,"column":5}},"line":218},"25":{"name":"(anonymous_25)","decl":{"start":{"line":239,"column":4},"end":{"line":239,"column":5}},"loc":{"start":{"line":239,"column":23},"end":{"line":266,"column":5}},"line":239},"26":{"name":"(anonymous_26)","decl":{"start":{"line":270,"column":4},"end":{"line":270,"column":5}},"loc":{"start":{"line":270,"column":21},"end":{"line":272,"column":5}},"line":270},"27":{"name":"(anonymous_27)","decl":{"start":{"line":274,"column":4},"end":{"line":274,"column":5}},"loc":{"start":{"line":274,"column":34},"end":{"line":283,"column":5}},"line":274},"28":{"name":"(anonymous_28)","decl":{"start":{"line":285,"column":4},"end":{"line":285,"column":5}},"loc":{"start":{"line":285,"column":25},"end":{"line":342,"column":5}},"line":285},"29":{"name":"(anonymous_29)","decl":{"start":{"line":344,"column":4},"end":{"line":344,"column":5}},"loc":{"start":{"line":344,"column":23},"end":{"line":358,"column":5}},"line":344},"30":{"name":"(anonymous_30)","decl":{"start":{"line":362,"column":4},"end":{"line":362,"column":5}},"loc":{"start":{"line":362,"column":21},"end":{"line":364,"column":5}},"line":362},"31":{"name":"(anonymous_31)","decl":{"start":{"line":366,"column":4},"end":{"line":366,"column":5}},"loc":{"start":{"line":366,"column":34},"end":{"line":373,"column":5}},"line":366},"32":{"name":"(anonymous_32)","decl":{"start":{"line":375,"column":4},"end":{"line":375,"column":5}},"loc":{"start":{"line":375,"column":25},"end":{"line":410,"column":5}},"line":375},"33":{"name":"(anonymous_33)","decl":{"start":{"line":412,"column":4},"end":{"line":412,"column":5}},"loc":{"start":{"line":412,"column":23},"end":{"line":429,"column":5}},"line":412},"34":{"name":"(anonymous_34)","decl":{"start":{"line":433,"column":4},"end":{"line":433,"column":5}},"loc":{"start":{"line":433,"column":21},"end":{"line":435,"column":5}},"line":433},"35":{"name":"(anonymous_35)","decl":{"start":{"line":437,"column":4},"end":{"line":437,"column":5}},"loc":{"start":{"line":437,"column":34},"end":{"line":441,"column":5}},"line":437},"36":{"name":"(anonymous_36)","decl":{"start":{"line":443,"column":4},"end":{"line":443,"column":5}},"loc":{"start":{"line":443,"column":25},"end":{"line":454,"column":5}},"line":443},"37":{"name":"(anonymous_37)","decl":{"start":{"line":456,"column":4},"end":{"line":456,"column":5}},"loc":{"start":{"line":456,"column":23},"end":{"line":468,"column":5}},"line":456},"38":{"name":"(anonymous_38)","decl":{"start":{"line":472,"column":4},"end":{"line":472,"column":5}},"loc":{"start":{"line":472,"column":21},"end":{"line":474,"column":5}},"line":472},"39":{"name":"(anonymous_39)","decl":{"start":{"line":476,"column":4},"end":{"line":476,"column":5}},"loc":{"start":{"line":476,"column":34},"end":{"line":480,"column":5}},"line":476},"40":{"name":"(anonymous_40)","decl":{"start":{"line":482,"column":4},"end":{"line":482,"column":5}},"loc":{"start":{"line":482,"column":25},"end":{"line":493,"column":5}},"line":482},"41":{"name":"(anonymous_41)","decl":{"start":{"line":495,"column":4},"end":{"line":495,"column":5}},"loc":{"start":{"line":495,"column":23},"end":{"line":500,"column":5}},"line":495},"42":{"name":"(anonymous_42)","decl":{"start":{"line":504,"column":4},"end":{"line":504,"column":5}},"loc":{"start":{"line":504,"column":21},"end":{"line":506,"column":5}},"line":504},"43":{"name":"(anonymous_43)","decl":{"start":{"line":508,"column":4},"end":{"line":508,"column":5}},"loc":{"start":{"line":508,"column":34},"end":{"line":512,"column":5}},"line":508},"44":{"name":"(anonymous_44)","decl":{"start":{"line":514,"column":4},"end":{"line":514,"column":5}},"loc":{"start":{"line":514,"column":25},"end":{"line":525,"column":5}},"line":514},"45":{"name":"(anonymous_45)","decl":{"start":{"line":527,"column":4},"end":{"line":527,"column":5}},"loc":{"start":{"line":527,"column":23},"end":{"line":534,"column":5}},"line":527},"46":{"name":"(anonymous_46)","decl":{"start":{"line":538,"column":4},"end":{"line":538,"column":5}},"loc":{"start":{"line":538,"column":21},"end":{"line":540,"column":5}},"line":538},"47":{"name":"(anonymous_47)","decl":{"start":{"line":542,"column":4},"end":{"line":542,"column":5}},"loc":{"start":{"line":542,"column":34},"end":{"line":546,"column":5}},"line":542},"48":{"name":"(anonymous_48)","decl":{"start":{"line":548,"column":4},"end":{"line":548,"column":5}},"loc":{"start":{"line":548,"column":25},"end":{"line":559,"column":5}},"line":548},"49":{"name":"(anonymous_49)","decl":{"start":{"line":561,"column":4},"end":{"line":561,"column":5}},"loc":{"start":{"line":561,"column":23},"end":{"line":603,"column":5}},"line":561},"50":{"name":"(anonymous_50)","decl":{"start":{"line":587,"column":21},"end":{"line":587,"column":22}},"loc":{"start":{"line":587,"column":27},"end":{"line":602,"column":9}},"line":587},"51":{"name":"(anonymous_51)","decl":{"start":{"line":607,"column":4},"end":{"line":607,"column":5}},"loc":{"start":{"line":607,"column":21},"end":{"line":609,"column":5}},"line":607},"52":{"name":"(anonymous_52)","decl":{"start":{"line":611,"column":4},"end":{"line":611,"column":5}},"loc":{"start":{"line":611,"column":34},"end":{"line":615,"column":5}},"line":611},"53":{"name":"(anonymous_53)","decl":{"start":{"line":617,"column":4},"end":{"line":617,"column":5}},"loc":{"start":{"line":617,"column":25},"end":{"line":628,"column":5}},"line":617},"54":{"name":"(anonymous_54)","decl":{"start":{"line":630,"column":4},"end":{"line":630,"column":5}},"loc":{"start":{"line":630,"column":23},"end":{"line":644,"column":5}},"line":630},"55":{"name":"(anonymous_55)","decl":{"start":{"line":648,"column":4},"end":{"line":648,"column":5}},"loc":{"start":{"line":648,"column":21},"end":{"line":650,"column":5}},"line":648},"56":{"name":"(anonymous_56)","decl":{"start":{"line":652,"column":4},"end":{"line":652,"column":5}},"loc":{"start":{"line":652,"column":34},"end":{"line":657,"column":5}},"line":652},"57":{"name":"(anonymous_57)","decl":{"start":{"line":659,"column":4},"end":{"line":659,"column":5}},"loc":{"start":{"line":659,"column":25},"end":{"line":678,"column":5}},"line":659},"58":{"name":"(anonymous_58)","decl":{"start":{"line":680,"column":4},"end":{"line":680,"column":5}},"loc":{"start":{"line":680,"column":23},"end":{"line":710,"column":5}},"line":680},"59":{"name":"(anonymous_59)","decl":{"start":{"line":714,"column":4},"end":{"line":714,"column":5}},"loc":{"start":{"line":714,"column":21},"end":{"line":716,"column":5}},"line":714},"60":{"name":"(anonymous_60)","decl":{"start":{"line":718,"column":4},"end":{"line":718,"column":5}},"loc":{"start":{"line":718,"column":34},"end":{"line":725,"column":5}},"line":718},"61":{"name":"(anonymous_61)","decl":{"start":{"line":727,"column":4},"end":{"line":727,"column":5}},"loc":{"start":{"line":727,"column":25},"end":{"line":762,"column":5}},"line":727},"62":{"name":"(anonymous_62)","decl":{"start":{"line":757,"column":24},"end":{"line":757,"column":25}},"loc":{"start":{"line":757,"column":36},"end":{"line":759,"column":17}},"line":757},"63":{"name":"(anonymous_63)","decl":{"start":{"line":764,"column":4},"end":{"line":764,"column":5}},"loc":{"start":{"line":764,"column":33},"end":{"line":767,"column":5}},"line":764},"64":{"name":"(anonymous_64)","decl":{"start":{"line":769,"column":4},"end":{"line":769,"column":5}},"loc":{"start":{"line":769,"column":24},"end":{"line":778,"column":5}},"line":769},"65":{"name":"(anonymous_65)","decl":{"start":{"line":780,"column":4},"end":{"line":780,"column":5}},"loc":{"start":{"line":780,"column":23},"end":{"line":782,"column":5}},"line":780},"66":{"name":"(anonymous_66)","decl":{"start":{"line":784,"column":4},"end":{"line":784,"column":5}},"loc":{"start":{"line":784,"column":23},"end":{"line":802,"column":5}},"line":784},"67":{"name":"(anonymous_67)","decl":{"start":{"line":794,"column":31},"end":{"line":794,"column":32}},"loc":{"start":{"line":794,"column":40},"end":{"line":801,"column":9}},"line":794},"68":{"name":"(anonymous_68)","decl":{"start":{"line":806,"column":4},"end":{"line":806,"column":5}},"loc":{"start":{"line":806,"column":21},"end":{"line":808,"column":5}},"line":806},"69":{"name":"(anonymous_69)","decl":{"start":{"line":810,"column":4},"end":{"line":810,"column":5}},"loc":{"start":{"line":810,"column":34},"end":{"line":817,"column":5}},"line":810},"70":{"name":"(anonymous_70)","decl":{"start":{"line":819,"column":4},"end":{"line":819,"column":5}},"loc":{"start":{"line":819,"column":25},"end":{"line":854,"column":5}},"line":819},"71":{"name":"(anonymous_71)","decl":{"start":{"line":856,"column":4},"end":{"line":856,"column":5}},"loc":{"start":{"line":856,"column":23},"end":{"line":871,"column":5}},"line":856},"72":{"name":"(anonymous_72)","decl":{"start":{"line":875,"column":4},"end":{"line":875,"column":5}},"loc":{"start":{"line":875,"column":21},"end":{"line":877,"column":5}},"line":875},"73":{"name":"(anonymous_73)","decl":{"start":{"line":879,"column":4},"end":{"line":879,"column":5}},"loc":{"start":{"line":879,"column":34},"end":{"line":888,"column":5}},"line":879},"74":{"name":"(anonymous_74)","decl":{"start":{"line":890,"column":4},"end":{"line":890,"column":5}},"loc":{"start":{"line":890,"column":25},"end":{"line":938,"column":5}},"line":890},"75":{"name":"(anonymous_75)","decl":{"start":{"line":940,"column":4},"end":{"line":940,"column":5}},"loc":{"start":{"line":940,"column":23},"end":{"line":973,"column":5}},"line":940},"76":{"name":"(anonymous_76)","decl":{"start":{"line":953,"column":25},"end":{"line":953,"column":26}},"loc":{"start":{"line":953,"column":31},"end":{"line":966,"column":13}},"line":953},"77":{"name":"(anonymous_77)","decl":{"start":{"line":967,"column":26},"end":{"line":967,"column":27}},"loc":{"start":{"line":967,"column":32},"end":{"line":969,"column":13}},"line":967},"78":{"name":"(anonymous_78)","decl":{"start":{"line":977,"column":4},"end":{"line":977,"column":5}},"loc":{"start":{"line":977,"column":21},"end":{"line":979,"column":5}},"line":977},"79":{"name":"(anonymous_79)","decl":{"start":{"line":981,"column":4},"end":{"line":981,"column":5}},"loc":{"start":{"line":981,"column":34},"end":{"line":991,"column":5}},"line":981},"80":{"name":"(anonymous_80)","decl":{"start":{"line":993,"column":4},"end":{"line":993,"column":5}},"loc":{"start":{"line":993,"column":25},"end":{"line":1052,"column":5}},"line":993},"81":{"name":"(anonymous_81)","decl":{"start":{"line":1054,"column":4},"end":{"line":1054,"column":5}},"loc":{"start":{"line":1054,"column":23},"end":{"line":1103,"column":5}},"line":1054},"82":{"name":"(anonymous_82)","decl":{"start":{"line":1107,"column":4},"end":{"line":1107,"column":5}},"loc":{"start":{"line":1107,"column":21},"end":{"line":1109,"column":5}},"line":1107},"83":{"name":"(anonymous_83)","decl":{"start":{"line":1111,"column":4},"end":{"line":1111,"column":5}},"loc":{"start":{"line":1111,"column":34},"end":{"line":1117,"column":5}},"line":1111},"84":{"name":"(anonymous_84)","decl":{"start":{"line":1119,"column":4},"end":{"line":1119,"column":5}},"loc":{"start":{"line":1119,"column":25},"end":{"line":1140,"column":5}},"line":1119},"85":{"name":"(anonymous_85)","decl":{"start":{"line":1142,"column":4},"end":{"line":1142,"column":5}},"loc":{"start":{"line":1142,"column":23},"end":{"line":1159,"column":5}},"line":1142},"86":{"name":"(anonymous_86)","decl":{"start":{"line":1161,"column":4},"end":{"line":1161,"column":5}},"loc":{"start":{"line":1161,"column":18},"end":{"line":1168,"column":5}},"line":1161},"87":{"name":"(anonymous_87)","decl":{"start":{"line":1170,"column":4},"end":{"line":1170,"column":5}},"loc":{"start":{"line":1170,"column":52},"end":{"line":1179,"column":5}},"line":1170},"88":{"name":"(anonymous_88)","decl":{"start":{"line":1183,"column":4},"end":{"line":1183,"column":5}},"loc":{"start":{"line":1183,"column":21},"end":{"line":1185,"column":5}},"line":1183},"89":{"name":"(anonymous_89)","decl":{"start":{"line":1187,"column":4},"end":{"line":1187,"column":5}},"loc":{"start":{"line":1187,"column":34},"end":{"line":1191,"column":5}},"line":1187},"90":{"name":"(anonymous_90)","decl":{"start":{"line":1193,"column":4},"end":{"line":1193,"column":5}},"loc":{"start":{"line":1193,"column":25},"end":{"line":1202,"column":5}},"line":1193},"91":{"name":"(anonymous_91)","decl":{"start":{"line":1204,"column":4},"end":{"line":1204,"column":5}},"loc":{"start":{"line":1204,"column":23},"end":{"line":1217,"column":5}},"line":1204},"92":{"name":"(anonymous_92)","decl":{"start":{"line":1221,"column":4},"end":{"line":1221,"column":5}},"loc":{"start":{"line":1221,"column":21},"end":{"line":1223,"column":5}},"line":1221},"93":{"name":"(anonymous_93)","decl":{"start":{"line":1225,"column":4},"end":{"line":1225,"column":5}},"loc":{"start":{"line":1225,"column":34},"end":{"line":1229,"column":5}},"line":1225},"94":{"name":"(anonymous_94)","decl":{"start":{"line":1231,"column":4},"end":{"line":1231,"column":5}},"loc":{"start":{"line":1231,"column":25},"end":{"line":1242,"column":5}},"line":1231},"95":{"name":"(anonymous_95)","decl":{"start":{"line":1244,"column":4},"end":{"line":1244,"column":5}},"loc":{"start":{"line":1244,"column":23},"end":{"line":1259,"column":5}},"line":1244},"96":{"name":"(anonymous_96)","decl":{"start":{"line":1263,"column":4},"end":{"line":1263,"column":5}},"loc":{"start":{"line":1263,"column":21},"end":{"line":1265,"column":5}},"line":1263},"97":{"name":"(anonymous_97)","decl":{"start":{"line":1267,"column":4},"end":{"line":1267,"column":5}},"loc":{"start":{"line":1267,"column":34},"end":{"line":1271,"column":5}},"line":1267},"98":{"name":"(anonymous_98)","decl":{"start":{"line":1273,"column":4},"end":{"line":1273,"column":5}},"loc":{"start":{"line":1273,"column":25},"end":{"line":1284,"column":5}},"line":1273},"99":{"name":"(anonymous_99)","decl":{"start":{"line":1286,"column":4},"end":{"line":1286,"column":5}},"loc":{"start":{"line":1286,"column":23},"end":{"line":1336,"column":5}},"line":1286}},"branchMap":{"0":{"loc":{"start":{"line":32,"column":8},"end":{"line":37,"column":9}},"type":"if","locations":[{"start":{"line":32,"column":8},"end":{"line":37,"column":9}},{"start":{"line":34,"column":15},"end":{"line":37,"column":9}}],"line":32},"1":{"loc":{"start":{"line":65,"column":16},"end":{"line":65,"column":31}},"type":"default-arg","locations":[{"start":{"line":65,"column":29},"end":{"line":65,"column":31}}],"line":65},"2":{"loc":{"start":{"line":104,"column":26},"end":{"line":104,"column":70}},"type":"binary-expr","locations":[{"start":{"line":104,"column":26},"end":{"line":104,"column":63}},{"start":{"line":104,"column":67},"end":{"line":104,"column":70}}],"line":104},"3":{"loc":{"start":{"line":147,"column":26},"end":{"line":147,"column":70}},"type":"binary-expr","locations":[{"start":{"line":147,"column":26},"end":{"line":147,"column":63}},{"start":{"line":147,"column":67},"end":{"line":147,"column":70}}],"line":147},"4":{"loc":{"start":{"line":189,"column":26},"end":{"line":189,"column":70}},"type":"binary-expr","locations":[{"start":{"line":189,"column":26},"end":{"line":189,"column":63}},{"start":{"line":189,"column":67},"end":{"line":189,"column":70}}],"line":189},"5":{"loc":{"start":{"line":246,"column":21},"end":{"line":246,"column":48}},"type":"binary-expr","locations":[{"start":{"line":246,"column":21},"end":{"line":246,"column":43}},{"start":{"line":246,"column":47},"end":{"line":246,"column":48}}],"line":246},"6":{"loc":{"start":{"line":247,"column":19},"end":{"line":247,"column":44}},"type":"binary-expr","locations":[{"start":{"line":247,"column":19},"end":{"line":247,"column":39}},{"start":{"line":247,"column":43},"end":{"line":247,"column":44}}],"line":247},"7":{"loc":{"start":{"line":346,"column":21},"end":{"line":346,"column":55}},"type":"binary-expr","locations":[{"start":{"line":346,"column":21},"end":{"line":346,"column":41}},{"start":{"line":346,"column":45},"end":{"line":346,"column":55}}],"line":346},"8":{"loc":{"start":{"line":347,"column":25},"end":{"line":347,"column":65}},"type":"binary-expr","locations":[{"start":{"line":347,"column":25},"end":{"line":347,"column":59}},{"start":{"line":347,"column":63},"end":{"line":347,"column":65}}],"line":347},"9":{"loc":{"start":{"line":348,"column":27},"end":{"line":348,"column":84}},"type":"binary-expr","locations":[{"start":{"line":348,"column":27},"end":{"line":348,"column":53}},{"start":{"line":348,"column":57},"end":{"line":348,"column":84}}],"line":348},"10":{"loc":{"start":{"line":349,"column":22},"end":{"line":349,"column":56}},"type":"binary-expr","locations":[{"start":{"line":349,"column":22},"end":{"line":349,"column":43}},{"start":{"line":349,"column":47},"end":{"line":349,"column":56}}],"line":349},"11":{"loc":{"start":{"line":350,"column":18},"end":{"line":350,"column":53}},"type":"binary-expr","locations":[{"start":{"line":350,"column":18},"end":{"line":350,"column":47}},{"start":{"line":350,"column":51},"end":{"line":350,"column":53}}],"line":350},"12":{"loc":{"start":{"line":351,"column":18},"end":{"line":351,"column":53}},"type":"binary-expr","locations":[{"start":{"line":351,"column":18},"end":{"line":351,"column":47}},{"start":{"line":351,"column":51},"end":{"line":351,"column":53}}],"line":351},"13":{"loc":{"start":{"line":416,"column":20},"end":{"line":416,"column":56}},"type":"binary-expr","locations":[{"start":{"line":416,"column":20},"end":{"line":416,"column":51}},{"start":{"line":416,"column":55},"end":{"line":416,"column":56}}],"line":416},"14":{"loc":{"start":{"line":417,"column":22},"end":{"line":417,"column":60}},"type":"binary-expr","locations":[{"start":{"line":417,"column":22},"end":{"line":417,"column":55}},{"start":{"line":417,"column":59},"end":{"line":417,"column":60}}],"line":417},"15":{"loc":{"start":{"line":418,"column":21},"end":{"line":418,"column":58}},"type":"binary-expr","locations":[{"start":{"line":418,"column":21},"end":{"line":418,"column":53}},{"start":{"line":418,"column":57},"end":{"line":418,"column":58}}],"line":418},"16":{"loc":{"start":{"line":419,"column":26},"end":{"line":419,"column":70}},"type":"binary-expr","locations":[{"start":{"line":419,"column":26},"end":{"line":419,"column":63}},{"start":{"line":419,"column":67},"end":{"line":419,"column":70}}],"line":419},"17":{"loc":{"start":{"line":685,"column":8},"end":{"line":688,"column":9}},"type":"if","locations":[{"start":{"line":685,"column":8},"end":{"line":688,"column":9}},{"start":{},"end":{}}],"line":685},"18":{"loc":{"start":{"line":685,"column":12},"end":{"line":685,"column":49}},"type":"binary-expr","locations":[{"start":{"line":685,"column":12},"end":{"line":685,"column":28}},{"start":{"line":685,"column":32},"end":{"line":685,"column":49}}],"line":685},"19":{"loc":{"start":{"line":694,"column":8},"end":{"line":700,"column":9}},"type":"if","locations":[{"start":{"line":694,"column":8},"end":{"line":700,"column":9}},{"start":{"line":697,"column":15},"end":{"line":700,"column":9}}],"line":694},"20":{"loc":{"start":{"line":764,"column":16},"end":{"line":764,"column":31}},"type":"default-arg","locations":[{"start":{"line":764,"column":29},"end":{"line":764,"column":31}}],"line":764},"21":{"loc":{"start":{"line":790,"column":8},"end":{"line":792,"column":9}},"type":"if","locations":[{"start":{"line":790,"column":8},"end":{"line":792,"column":9}},{"start":{},"end":{}}],"line":790},"22":{"loc":{"start":{"line":949,"column":8},"end":{"line":972,"column":9}},"type":"if","locations":[{"start":{"line":949,"column":8},"end":{"line":972,"column":9}},{"start":{"line":970,"column":15},"end":{"line":972,"column":9}}],"line":949},"23":{"loc":{"start":{"line":1056,"column":21},"end":{"line":1056,"column":55}},"type":"binary-expr","locations":[{"start":{"line":1056,"column":21},"end":{"line":1056,"column":41}},{"start":{"line":1056,"column":45},"end":{"line":1056,"column":55}}],"line":1056},"24":{"loc":{"start":{"line":1057,"column":25},"end":{"line":1057,"column":65}},"type":"binary-expr","locations":[{"start":{"line":1057,"column":25},"end":{"line":1057,"column":59}},{"start":{"line":1057,"column":63},"end":{"line":1057,"column":65}}],"line":1057},"25":{"loc":{"start":{"line":1058,"column":27},"end":{"line":1058,"column":77}},"type":"binary-expr","locations":[{"start":{"line":1058,"column":27},"end":{"line":1058,"column":53}},{"start":{"line":1058,"column":57},"end":{"line":1058,"column":77}}],"line":1058},"26":{"loc":{"start":{"line":1059,"column":22},"end":{"line":1059,"column":56}},"type":"binary-expr","locations":[{"start":{"line":1059,"column":22},"end":{"line":1059,"column":43}},{"start":{"line":1059,"column":47},"end":{"line":1059,"column":56}}],"line":1059},"27":{"loc":{"start":{"line":1060,"column":32},"end":{"line":1060,"column":76}},"type":"binary-expr","locations":[{"start":{"line":1060,"column":32},"end":{"line":1060,"column":63}},{"start":{"line":1060,"column":67},"end":{"line":1060,"column":76}}],"line":1060},"28":{"loc":{"start":{"line":1061,"column":23},"end":{"line":1061,"column":61}},"type":"binary-expr","locations":[{"start":{"line":1061,"column":23},"end":{"line":1061,"column":55}},{"start":{"line":1061,"column":59},"end":{"line":1061,"column":61}}],"line":1061},"29":{"loc":{"start":{"line":1073,"column":8},"end":{"line":1102,"column":9}},"type":"if","locations":[{"start":{"line":1073,"column":8},"end":{"line":1102,"column":9}},{"start":{"line":1100,"column":15},"end":{"line":1102,"column":9}}],"line":1073},"30":{"loc":{"start":{"line":1084,"column":16},"end":{"line":1089,"column":17}},"type":"if","locations":[{"start":{"line":1084,"column":16},"end":{"line":1089,"column":17}},{"start":{"line":1087,"column":23},"end":{"line":1089,"column":17}}],"line":1084},"31":{"loc":{"start":{"line":1084,"column":20},"end":{"line":1084,"column":49}},"type":"binary-expr","locations":[{"start":{"line":1084,"column":20},"end":{"line":1084,"column":40}},{"start":{"line":1084,"column":44},"end":{"line":1084,"column":49}}],"line":1084},"32":{"loc":{"start":{"line":1148,"column":26},"end":{"line":1148,"column":68}},"type":"binary-expr","locations":[{"start":{"line":1148,"column":26},"end":{"line":1148,"column":63}},{"start":{"line":1148,"column":67},"end":{"line":1148,"column":68}}],"line":1148},"33":{"loc":{"start":{"line":1151,"column":12},"end":{"line":1155,"column":13}},"type":"if","locations":[{"start":{"line":1151,"column":12},"end":{"line":1155,"column":13}},{"start":{},"end":{}}],"line":1151},"34":{"loc":{"start":{"line":1175,"column":12},"end":{"line":1177,"column":52}},"type":"binary-expr","locations":[{"start":{"line":1175,"column":12},"end":{"line":1175,"column":52}},{"start":{"line":1176,"column":12},"end":{"line":1176,"column":52}},{"start":{"line":1177,"column":12},"end":{"line":1177,"column":52}}],"line":1175},"35":{"loc":{"start":{"line":1209,"column":8},"end":{"line":1215,"column":9}},"type":"if","locations":[{"start":{"line":1209,"column":8},"end":{"line":1215,"column":9}},{"start":{"line":1212,"column":15},"end":{"line":1215,"column":9}}],"line":1209},"36":{"loc":{"start":{"line":1212,"column":15},"end":{"line":1215,"column":9}},"type":"if","locations":[{"start":{"line":1212,"column":15},"end":{"line":1215,"column":9}},{"start":{},"end":{}}],"line":1212},"37":{"loc":{"start":{"line":1246,"column":26},"end":{"line":1246,"column":69}},"type":"binary-expr","locations":[{"start":{"line":1246,"column":26},"end":{"line":1246,"column":63}},{"start":{"line":1246,"column":67},"end":{"line":1246,"column":69}}],"line":1246},"38":{"loc":{"start":{"line":1290,"column":26},"end":{"line":1290,"column":68}},"type":"binary-expr","locations":[{"start":{"line":1290,"column":26},"end":{"line":1290,"column":63}},{"start":{"line":1290,"column":67},"end":{"line":1290,"column":68}}],"line":1290},"39":{"loc":{"start":{"line":1318,"column":24},"end":{"line":1324,"column":25}},"type":"if","locations":[{"start":{"line":1318,"column":24},"end":{"line":1324,"column":25}},{"start":{},"end":{}}],"line":1318},"40":{"loc":{"start":{"line":1318,"column":28},"end":{"line":1318,"column":72}},"type":"binary-expr","locations":[{"start":{"line":1318,"column":28},"end":{"line":1318,"column":36}},{"start":{"line":1318,"column":40},"end":{"line":1318,"column":48}},{"start":{"line":1318,"column":52},"end":{"line":1318,"column":60}},{"start":{"line":1318,"column":64},"end":{"line":1318,"column":72}}],"line":1318}},"s":{"0":5,"1":5,"2":100,"3":100,"4":100,"5":1195,"6":0,"7":0,"8":0,"9":0,"10":0,"11":0,"12":0,"13":0,"14":0,"15":13,"16":235,"17":0,"18":0,"19":2,"20":2,"21":2,"22":2,"23":2,"24":2,"25":2,"26":200,"27":200,"28":200,"29":2,"30":200,"31":0,"32":0,"33":2,"34":2,"35":2,"36":2,"37":2,"38":2,"39":2,"40":200,"41":200,"42":200,"43":200,"44":2,"45":195,"46":0,"47":0,"48":0,"49":0,"50":0,"51":0,"52":0,"53":0,"54":0,"55":0,"56":0,"57":0,"58":0,"59":0,"60":0,"61":0,"62":175,"63":0,"64":0,"65":4,"66":4,"67":4,"68":4,"69":4,"70":4,"71":4,"72":4,"73":4,"74":400,"75":400,"76":400,"77":400,"78":400,"79":400,"80":4,"81":185,"82":0,"83":0,"84":0,"85":0,"86":0,"87":0,"88":0,"89":0,"90":0,"91":0,"92":0,"93":0,"94":0,"95":0,"96":175,"97":0,"98":0,"99":0,"100":0,"101":0,"102":0,"103":0,"104":0,"105":0,"106":0,"107":0,"108":0,"109":0,"110":0,"111":0,"112":0,"113":130,"114":0,"115":0,"116":2,"117":2,"118":2,"119":2,"120":2,"121":2,"122":2,"123":2,"124":2,"125":160,"126":0,"127":0,"128":0,"129":0,"130":0,"131":0,"132":150,"133":0,"134":0,"135":0,"136":0,"137":0,"138":0,"139":0,"140":0,"141":150,"142":0,"143":0,"144":0,"145":0,"146":0,"147":0,"148":0,"149":0,"150":0,"151":0,"152":0,"153":0,"154":0,"155":0,"156":0,"157":0,"158":0,"159":0,"160":0,"161":0,"162":0,"163":0,"164":0,"165":0,"166":0,"167":120,"168":0,"169":0,"170":0,"171":0,"172":0,"173":0,"174":0,"175":0,"176":0,"177":0,"178":0,"179":0,"180":0,"181":65,"182":0,"183":0,"184":0,"185":0,"186":0,"187":0,"188":0,"189":0,"190":0,"191":0,"192":0,"193":0,"194":0,"195":0,"196":0,"197":0,"198":0,"199":0,"200":0,"201":0,"202":0,"203":100,"204":0,"205":0,"206":0,"207":0,"208":0,"209":0,"210":0,"211":0,"212":0,"213":0,"214":0,"215":0,"216":0,"217":0,"218":0,"219":0,"220":0,"221":0,"222":0,"223":0,"224":0,"225":0,"226":75,"227":0,"228":0,"229":0,"230":0,"231":0,"232":0,"233":0,"234":0,"235":0,"236":0,"237":0,"238":0,"239":0,"240":0,"241":60,"242":0,"243":0,"244":0,"245":0,"246":0,"247":0,"248":0,"249":0,"250":0,"251":0,"252":0,"253":0,"254":0,"255":0,"256":0,"257":0,"258":0,"259":0,"260":0,"261":0,"262":0,"263":0,"264":0,"265":0,"266":0,"267":0,"268":0,"269":65,"270":0,"271":0,"272":0,"273":0,"274":0,"275":0,"276":0,"277":0,"278":0,"279":0,"280":0,"281":0,"282":0,"283":0,"284":0,"285":0,"286":0,"287":0,"288":0,"289":0,"290":0,"291":0,"292":0,"293":0,"294":0,"295":0,"296":0,"297":0,"298":0,"299":0,"300":0,"301":0,"302":0,"303":0,"304":0,"305":0,"306":0,"307":0,"308":60,"309":0,"310":0,"311":0,"312":0,"313":0,"314":0,"315":0,"316":0,"317":0,"318":0,"319":0,"320":0,"321":0,"322":0,"323":0,"324":0,"325":0,"326":0,"327":0,"328":0,"329":0,"330":45,"331":0,"332":0,"333":0,"334":0,"335":0,"336":0,"337":0,"338":0,"339":0,"340":0,"341":0,"342":0,"343":15,"344":0,"345":0,"346":0,"347":0,"348":0,"349":0,"350":0,"351":0,"352":0,"353":0,"354":0,"355":30,"356":0,"357":0,"358":3,"359":3,"360":3,"361":3,"362":3,"363":3,"364":3,"365":3,"366":3,"367":3,"368":3,"369":3,"370":3,"371":3,"372":3,"373":3,"374":30,"375":30,"376":300,"377":300,"378":300,"379":300,"380":300,"381":900,"382":900,"383":2700,"384":2700,"385":2700,"386":2352,"387":2352,"388":2352,"389":2352,"390":2352,"391":300,"392":300,"393":300,"394":300,"395":300,"396":3,"397":5,"398":5,"399":5,"400":5,"401":5,"402":5,"403":5,"404":5,"405":5,"406":5,"407":5,"408":5,"409":5,"410":5,"411":5,"412":5,"413":5,"414":5,"415":5,"416":5,"417":5,"418":5},"f":{"0":5,"1":100,"2":1195,"3":0,"4":0,"5":0,"6":0,"7":0,"8":13,"9":0,"10":235,"11":0,"12":0,"13":2,"14":200,"15":0,"16":0,"17":2,"18":195,"19":0,"20":0,"21":0,"22":175,"23":0,"24":0,"25":4,"26":185,"27":0,"28":0,"29":0,"30":175,"31":0,"32":0,"33":0,"34":130,"35":0,"36":0,"37":2,"38":160,"39":0,"40":0,"41":0,"42":150,"43":0,"44":0,"45":0,"46":150,"47":0,"48":0,"49":0,"50":0,"51":120,"52":0,"53":0,"54":0,"55":65,"56":0,"57":0,"58":0,"59":100,"60":0,"61":0,"62":0,"63":0,"64":0,"65":0,"66":0,"67":0,"68":75,"69":0,"70":0,"71":0,"72":60,"73":0,"74":0,"75":0,"76":0,"77":0,"78":65,"79":0,"80":0,"81":0,"82":60,"83":0,"84":0,"85":0,"86":0,"87":0,"88":45,"89":0,"90":0,"91":0,"92":15,"93":0,"94":0,"95":0,"96":30,"97":0,"98":0,"99":3},"b":{"0":[0,0],"1":[0],"2":[2,0],"3":[2,1],"4":[0,0],"5":[4,1],"6":[4,2],"7":[0,0],"8":[0,0],"9":[0,0],"10":[0,0],"11":[0,0],"12":[0,0],"13":[0,0],"14":[0,0],"15":[0,0],"16":[0,0],"17":[0,0],"18":[0,0],"19":[0,0],"20":[0],"21":[0,0],"22":[0,0],"23":[0,0],"24":[0,0],"25":[0,0],"26":[0,0],"27":[0,0],"28":[0,0],"29":[0,0],"30":[0,0],"31":[0,0],"32":[0,0],"33":[0,0],"34":[0,0,0],"35":[0,0],"36":[0,0],"37":[0,0],"38":[3,1],"39":[2352,348],"40":[2700,2610,2520,2436]},"_coverageSchema":"1a1c01bbd47fc00a2c39e90264f33305004495a9","hash":"e15ccdb9cdd02b62a5440345b66deb3b7147ed5f"}
,"C:\\Users\\richt\\Desktop\\WEBDEV\\picsmasher\\jest.imageDataSerializer.js": {"path":"C:\\Users\\richt\\Desktop\\WEBDEV\\picsmasher\\jest.imageDataSerializer.js","statementMap":{"0":{"start":{"line":4,"column":0},"end":{"line":11,"column":2}},"1":{"start":{"line":6,"column":8},"end":{"line":6,"column":63}},"2":{"start":{"line":9,"column":8},"end":{"line":9,"column":98}}},"fnMap":{"0":{"name":"(anonymous_0)","decl":{"start":{"line":5,"column":4},"end":{"line":5,"column":5}},"loc":{"start":{"line":5,"column":14},"end":{"line":7,"column":5}},"line":5},"1":{"name":"(anonymous_1)","decl":{"start":{"line":8,"column":4},"end":{"line":8,"column":5}},"loc":{"start":{"line":8,"column":26},"end":{"line":10,"column":5}},"line":8}},"branchMap":{"0":{"loc":{"start":{"line":6,"column":15},"end":{"line":6,"column":62}},"type":"binary-expr","locations":[{"start":{"line":6,"column":15},"end":{"line":6,"column":18}},{"start":{"line":6,"column":22},"end":{"line":6,"column":45}},{"start":{"line":6,"column":49},"end":{"line":6,"column":62}}],"line":6}},"s":{"0":5,"1":13,"2":13},"f":{"0":13,"1":13},"b":{"0":[13,13,13]},"_coverageSchema":"1a1c01bbd47fc00a2c39e90264f33305004495a9","hash":"38c6ca46e020abeea14a9c89e2fe152ae1569736"}
,"C:\\Users\\richt\\Desktop\\WEBDEV\\picsmasher\\helpers\\testHelpers.js": {"path":"C:\\Users\\richt\\Desktop\\WEBDEV\\picsmasher\\helpers\\testHelpers.js","statementMap":{"0":{"start":{"line":12,"column":4},"end":{"line":12,"column":30}},"1":{"start":{"line":13,"column":22},"end":{"line":13,"column":73}},"2":{"start":{"line":15,"column":4},"end":{"line":19,"column":6}},"3":{"start":{"line":22,"column":0},"end":{"line":22,"column":48}}},"fnMap":{"0":{"name":"applyEffectAndGetImageData","decl":{"start":{"line":11,"column":9},"end":{"line":11,"column":35}},"loc":{"start":{"line":11,"column":57},"end":{"line":20,"column":1}},"line":11}},"branchMap":{},"s":{"0":13,"1":13,"2":13,"3":5},"f":{"0":13},"b":{},"_coverageSchema":"1a1c01bbd47fc00a2c39e90264f33305004495a9","hash":"0941b3d9c842dad789a723c2de2ae02118453c84"}
}
