TN:
SF:effects.js
FN:7,(anonymous_0)
FN:17,(anonymous_1)
FN:21,(anonymous_2)
FN:30,(anonymous_3)
FN:44,(anonymous_4)
FN:53,(anonymous_5)
FN:57,(anonymous_6)
FN:61,(anonymous_7)
FN:65,(anonymous_8)
FN:69,(anonymous_9)
FN:77,(anonymous_10)
FN:81,(anonymous_11)
FN:87,(anonymous_12)
FN:100,(anonymous_13)
FN:120,(anonymous_14)
FN:124,(anonymous_15)
FN:130,(anonymous_16)
FN:143,(anonymous_17)
FN:162,(anonymous_18)
FN:166,(anonymous_19)
FN:172,(anonymous_20)
FN:185,(anonymous_21)
FN:207,(anonymous_22)
FN:211,(anonymous_23)
FN:218,(anonymous_24)
FN:239,(anonymous_25)
FN:270,(anonymous_26)
FN:274,(anonymous_27)
FN:285,(anonymous_28)
FN:344,(anonymous_29)
FN:362,(anonymous_30)
FN:366,(anonymous_31)
FN:375,(anonymous_32)
FN:412,(anonymous_33)
FN:433,(anonymous_34)
FN:437,(anonymous_35)
FN:443,(anonymous_36)
FN:456,(anonymous_37)
FN:472,(anonymous_38)
FN:476,(anonymous_39)
FN:482,(anonymous_40)
FN:495,(anonymous_41)
FN:504,(anonymous_42)
FN:508,(anonymous_43)
FN:514,(anonymous_44)
FN:527,(anonymous_45)
FN:538,(anonymous_46)
FN:542,(anonymous_47)
FN:548,(anonymous_48)
FN:561,(anonymous_49)
FN:587,(anonymous_50)
FN:607,(anonymous_51)
FN:611,(anonymous_52)
FN:617,(anonymous_53)
FN:630,(anonymous_54)
FN:648,(anonymous_55)
FN:652,(anonymous_56)
FN:659,(anonymous_57)
FN:680,(anonymous_58)
FN:714,(anonymous_59)
FN:718,(anonymous_60)
FN:727,(anonymous_61)
FN:757,(anonymous_62)
FN:764,(anonymous_63)
FN:769,(anonymous_64)
FN:780,(anonymous_65)
FN:784,(anonymous_66)
FN:794,(anonymous_67)
FN:806,(anonymous_68)
FN:810,(anonymous_69)
FN:819,(anonymous_70)
FN:856,(anonymous_71)
FN:875,(anonymous_72)
FN:879,(anonymous_73)
FN:890,(anonymous_74)
FN:940,(anonymous_75)
FN:953,(anonymous_76)
FN:967,(anonymous_77)
FN:977,(anonymous_78)
FN:981,(anonymous_79)
FN:993,(anonymous_80)
FN:1054,(anonymous_81)
FN:1107,(anonymous_82)
FN:1111,(anonymous_83)
FN:1119,(anonymous_84)
FN:1142,(anonymous_85)
FN:1161,(anonymous_86)
FN:1170,(anonymous_87)
FN:1183,(anonymous_88)
FN:1187,(anonymous_89)
FN:1193,(anonymous_90)
FN:1204,(anonymous_91)
FN:1221,(anonymous_92)
FN:1225,(anonymous_93)
FN:1231,(anonymous_94)
FN:1244,(anonymous_95)
FN:1263,(anonymous_96)
FN:1267,(anonymous_97)
FN:1273,(anonymous_98)
FN:1286,(anonymous_99)
FNF:100
FNH:29
FNDA:5,(anonymous_0)
FNDA:100,(anonymous_1)
FNDA:1195,(anonymous_2)
FNDA:0,(anonymous_3)
FNDA:0,(anonymous_4)
FNDA:0,(anonymous_5)
FNDA:0,(anonymous_6)
FNDA:0,(anonymous_7)
FNDA:13,(anonymous_8)
FNDA:0,(anonymous_9)
FNDA:235,(anonymous_10)
FNDA:0,(anonymous_11)
FNDA:0,(anonymous_12)
FNDA:2,(anonymous_13)
FNDA:200,(anonymous_14)
FNDA:0,(anonymous_15)
FNDA:0,(anonymous_16)
FNDA:2,(anonymous_17)
FNDA:195,(anonymous_18)
FNDA:0,(anonymous_19)
FNDA:0,(anonymous_20)
FNDA:0,(anonymous_21)
FNDA:175,(anonymous_22)
FNDA:0,(anonymous_23)
FNDA:0,(anonymous_24)
FNDA:4,(anonymous_25)
FNDA:185,(anonymous_26)
FNDA:0,(anonymous_27)
FNDA:0,(anonymous_28)
FNDA:0,(anonymous_29)
FNDA:175,(anonymous_30)
FNDA:0,(anonymous_31)
FNDA:0,(anonymous_32)
FNDA:0,(anonymous_33)
FNDA:130,(anonymous_34)
FNDA:0,(anonymous_35)
FNDA:0,(anonymous_36)
FNDA:2,(anonymous_37)
FNDA:160,(anonymous_38)
FNDA:0,(anonymous_39)
FNDA:0,(anonymous_40)
FNDA:0,(anonymous_41)
FNDA:150,(anonymous_42)
FNDA:0,(anonymous_43)
FNDA:0,(anonymous_44)
FNDA:0,(anonymous_45)
FNDA:150,(anonymous_46)
FNDA:0,(anonymous_47)
FNDA:0,(anonymous_48)
FNDA:0,(anonymous_49)
FNDA:0,(anonymous_50)
FNDA:120,(anonymous_51)
FNDA:0,(anonymous_52)
FNDA:0,(anonymous_53)
FNDA:0,(anonymous_54)
FNDA:65,(anonymous_55)
FNDA:0,(anonymous_56)
FNDA:0,(anonymous_57)
FNDA:0,(anonymous_58)
FNDA:100,(anonymous_59)
FNDA:0,(anonymous_60)
FNDA:0,(anonymous_61)
FNDA:0,(anonymous_62)
FNDA:0,(anonymous_63)
FNDA:0,(anonymous_64)
FNDA:0,(anonymous_65)
FNDA:0,(anonymous_66)
FNDA:0,(anonymous_67)
FNDA:75,(anonymous_68)
FNDA:0,(anonymous_69)
FNDA:0,(anonymous_70)
FNDA:0,(anonymous_71)
FNDA:60,(anonymous_72)
FNDA:0,(anonymous_73)
FNDA:0,(anonymous_74)
FNDA:0,(anonymous_75)
FNDA:0,(anonymous_76)
FNDA:0,(anonymous_77)
FNDA:65,(anonymous_78)
FNDA:0,(anonymous_79)
FNDA:0,(anonymous_80)
FNDA:0,(anonymous_81)
FNDA:60,(anonymous_82)
FNDA:0,(anonymous_83)
FNDA:0,(anonymous_84)
FNDA:0,(anonymous_85)
FNDA:0,(anonymous_86)
FNDA:0,(anonymous_87)
FNDA:45,(anonymous_88)
FNDA:0,(anonymous_89)
FNDA:0,(anonymous_90)
FNDA:0,(anonymous_91)
FNDA:15,(anonymous_92)
FNDA:0,(anonymous_93)
FNDA:0,(anonymous_94)
FNDA:0,(anonymous_95)
FNDA:30,(anonymous_96)
FNDA:0,(anonymous_97)
FNDA:0,(anonymous_98)
FNDA:3,(anonymous_99)
DA:8,5
DA:9,5
DA:18,100
DA:19,100
DA:21,1195
DA:31,0
DA:32,0
DA:33,0
DA:35,0
DA:36,0
DA:45,0
DA:54,0
DA:58,0
DA:62,0
DA:66,13
DA:78,235
DA:82,0
DA:88,0
DA:101,2
DA:102,2
DA:103,2
DA:104,2
DA:105,2
DA:107,2
DA:109,200
DA:110,200
DA:111,200
DA:115,2
DA:121,200
DA:125,0
DA:131,0
DA:144,2
DA:145,2
DA:146,2
DA:147,2
DA:148,2
DA:150,2
DA:151,200
DA:152,200
DA:153,200
DA:154,200
DA:157,2
DA:163,195
DA:167,0
DA:173,0
DA:186,0
DA:187,0
DA:188,0
DA:189,0
DA:190,0
DA:192,0
DA:193,0
DA:194,0
DA:195,0
DA:197,0
DA:198,0
DA:199,0
DA:202,0
DA:208,175
DA:212,0
DA:219,0
DA:240,4
DA:241,4
DA:242,4
DA:243,4
DA:246,4
DA:247,4
DA:250,4
DA:252,4
DA:254,400
DA:255,400
DA:256,400
DA:259,400
DA:260,400
DA:261,400
DA:265,4
DA:271,185
DA:275,0
DA:286,0
DA:345,0
DA:346,0
DA:347,0
DA:348,0
DA:349,0
DA:350,0
DA:351,0
DA:353,0
DA:354,0
DA:355,0
DA:356,0
DA:357,0
DA:363,175
DA:367,0
DA:376,0
DA:413,0
DA:414,0
DA:415,0
DA:416,0
DA:417,0
DA:418,0
DA:419,0
DA:420,0
DA:422,0
DA:423,0
DA:424,0
DA:425,0
DA:428,0
DA:434,130
DA:438,0
DA:444,0
DA:457,2
DA:458,2
DA:459,2
DA:460,2
DA:461,2
DA:463,2
DA:464,2
DA:466,2
DA:467,2
DA:473,160
DA:477,0
DA:483,0
DA:496,0
DA:497,0
DA:498,0
DA:499,0
DA:505,150
DA:509,0
DA:515,0
DA:528,0
DA:529,0
DA:530,0
DA:531,0
DA:532,0
DA:533,0
DA:539,150
DA:543,0
DA:549,0
DA:562,0
DA:563,0
DA:566,0
DA:567,0
DA:568,0
DA:569,0
DA:572,0
DA:575,0
DA:576,0
DA:579,0
DA:580,0
DA:584,0
DA:585,0
DA:586,0
DA:587,0
DA:589,0
DA:590,0
DA:593,0
DA:596,0
DA:597,0
DA:601,0
DA:608,120
DA:612,0
DA:618,0
DA:631,0
DA:632,0
DA:633,0
DA:634,0
DA:636,0
DA:637,0
DA:638,0
DA:639,0
DA:640,0
DA:643,0
DA:649,65
DA:653,0
DA:660,0
DA:681,0
DA:682,0
DA:683,0
DA:685,0
DA:686,0
DA:687,0
DA:690,0
DA:694,0
DA:695,0
DA:696,0
DA:698,0
DA:699,0
DA:702,0
DA:703,0
DA:704,0
DA:705,0
DA:706,0
DA:708,0
DA:709,0
DA:715,100
DA:719,0
DA:728,0
DA:758,0
DA:765,0
DA:766,0
DA:770,0
DA:771,0
DA:772,0
DA:777,0
DA:781,0
DA:785,0
DA:786,0
DA:787,0
DA:790,0
DA:791,0
DA:794,0
DA:795,0
DA:796,0
DA:797,0
DA:799,0
DA:800,0
DA:807,75
DA:811,0
DA:820,0
DA:857,0
DA:858,0
DA:859,0
DA:860,0
DA:861,0
DA:863,0
DA:864,0
DA:865,0
DA:866,0
DA:867,0
DA:869,0
DA:870,0
DA:876,60
DA:880,0
DA:891,0
DA:941,0
DA:942,0
DA:943,0
DA:944,0
DA:945,0
DA:946,0
DA:947,0
DA:949,0
DA:950,0
DA:951,0
DA:952,0
DA:953,0
DA:954,0
DA:955,0
DA:956,0
DA:957,0
DA:959,0
DA:960,0
DA:961,0
DA:962,0
DA:964,0
DA:965,0
DA:967,0
DA:968,0
DA:971,0
DA:978,65
DA:982,0
DA:994,0
DA:1055,0
DA:1056,0
DA:1057,0
DA:1058,0
DA:1059,0
DA:1060,0
DA:1061,0
DA:1062,0
DA:1064,0
DA:1065,0
DA:1066,0
DA:1068,0
DA:1069,0
DA:1071,0
DA:1073,0
DA:1074,0
DA:1075,0
DA:1076,0
DA:1077,0
DA:1079,0
DA:1080,0
DA:1081,0
DA:1082,0
DA:1084,0
DA:1085,0
DA:1086,0
DA:1088,0
DA:1091,0
DA:1093,0
DA:1094,0
DA:1095,0
DA:1097,0
DA:1098,0
DA:1101,0
DA:1108,60
DA:1112,0
DA:1120,0
DA:1143,0
DA:1144,0
DA:1145,0
DA:1146,0
DA:1147,0
DA:1148,0
DA:1150,0
DA:1151,0
DA:1152,0
DA:1153,0
DA:1154,0
DA:1158,0
DA:1162,0
DA:1163,0
DA:1171,0
DA:1172,0
DA:1173,0
DA:1174,0
DA:1184,45
DA:1188,0
DA:1194,0
DA:1205,0
DA:1206,0
DA:1208,0
DA:1209,0
DA:1210,0
DA:1211,0
DA:1212,0
DA:1213,0
DA:1214,0
DA:1216,0
DA:1222,15
DA:1226,0
DA:1232,0
DA:1245,0
DA:1246,0
DA:1247,0
DA:1252,0
DA:1253,0
DA:1255,0
DA:1256,0
DA:1257,0
DA:1258,0
DA:1264,30
DA:1268,0
DA:1274,0
DA:1287,3
DA:1288,3
DA:1289,3
DA:1290,3
DA:1293,3
DA:1299,3
DA:1300,3
DA:1302,3
DA:1303,3
DA:1304,3
DA:1305,3
DA:1306,3
DA:1308,3
DA:1309,3
DA:1311,3
DA:1312,30
DA:1313,300
DA:1314,300
DA:1315,900
DA:1316,2700
DA:1317,2700
DA:1318,2700
DA:1319,2352
DA:1320,2352
DA:1321,2352
DA:1322,2352
DA:1323,2352
DA:1327,300
DA:1328,300
DA:1329,300
DA:1330,300
DA:1331,300
DA:1335,3
DA:1341,5
DA:1343,5
DA:1344,5
DA:1345,5
DA:1346,5
DA:1347,5
DA:1348,5
DA:1349,5
DA:1350,5
DA:1351,5
DA:1352,5
DA:1353,5
DA:1354,5
DA:1355,5
DA:1356,5
DA:1357,5
DA:1358,5
DA:1359,5
DA:1360,5
DA:1361,5
DA:1362,5
DA:1365,5
LF:400
LH:126
BRDA:32,0,0,0
BRDA:32,0,1,0
BRDA:65,1,0,0
BRDA:104,2,0,2
BRDA:104,2,1,0
BRDA:147,3,0,2
BRDA:147,3,1,1
BRDA:189,4,0,0
BRDA:189,4,1,0
BRDA:246,5,0,4
BRDA:246,5,1,1
BRDA:247,6,0,4
BRDA:247,6,1,2
BRDA:346,7,0,0
BRDA:346,7,1,0
BRDA:347,8,0,0
BRDA:347,8,1,0
BRDA:348,9,0,0
BRDA:348,9,1,0
BRDA:349,10,0,0
BRDA:349,10,1,0
BRDA:350,11,0,0
BRDA:350,11,1,0
BRDA:351,12,0,0
BRDA:351,12,1,0
BRDA:416,13,0,0
BRDA:416,13,1,0
BRDA:417,14,0,0
BRDA:417,14,1,0
BRDA:418,15,0,0
BRDA:418,15,1,0
BRDA:419,16,0,0
BRDA:419,16,1,0
BRDA:685,17,0,0
BRDA:685,17,1,0
BRDA:685,18,0,0
BRDA:685,18,1,0
BRDA:694,19,0,0
BRDA:694,19,1,0
BRDA:764,20,0,0
BRDA:790,21,0,0
BRDA:790,21,1,0
BRDA:949,22,0,0
BRDA:949,22,1,0
BRDA:1056,23,0,0
BRDA:1056,23,1,0
BRDA:1057,24,0,0
BRDA:1057,24,1,0
BRDA:1058,25,0,0
BRDA:1058,25,1,0
BRDA:1059,26,0,0
BRDA:1059,26,1,0
BRDA:1060,27,0,0
BRDA:1060,27,1,0
BRDA:1061,28,0,0
BRDA:1061,28,1,0
BRDA:1073,29,0,0
BRDA:1073,29,1,0
BRDA:1084,30,0,0
BRDA:1084,30,1,0
BRDA:1084,31,0,0
BRDA:1084,31,1,0
BRDA:1148,32,0,0
BRDA:1148,32,1,0
BRDA:1151,33,0,0
BRDA:1151,33,1,0
BRDA:1175,34,0,0
BRDA:1175,34,1,0
BRDA:1175,34,2,0
BRDA:1209,35,0,0
BRDA:1209,35,1,0
BRDA:1212,36,0,0
BRDA:1212,36,1,0
BRDA:1246,37,0,0
BRDA:1246,37,1,0
BRDA:1290,38,0,3
BRDA:1290,38,1,1
BRDA:1318,39,0,2352
BRDA:1318,39,1,348
BRDA:1318,40,0,2700
BRDA:1318,40,1,2610
BRDA:1318,40,2,2520
BRDA:1318,40,3,2436
BRF:83
BRH:15
end_of_record
TN:
SF:jest.imageDataSerializer.js
FN:5,(anonymous_0)
FN:8,(anonymous_1)
FNF:2
FNH:2
FNDA:13,(anonymous_0)
FNDA:13,(anonymous_1)
DA:4,5
DA:6,13
DA:9,13
LF:3
LH:3
BRDA:6,0,0,13
BRDA:6,0,1,13
BRDA:6,0,2,13
BRF:3
BRH:3
end_of_record
TN:
SF:helpers\testHelpers.js
FN:11,applyEffectAndGetImageData
FNF:1
FNH:1
FNDA:13,applyEffectAndGetImageData
DA:12,13
DA:13,13
DA:15,13
DA:22,5
LF:4
LH:4
BRF:0
BRH:0
end_of_record
