TN:
SF:effects.js
FN:7,(anonymous_0)
FN:17,(anonymous_1)
FN:21,(anonymous_2)
FN:30,(anonymous_3)
FN:44,(anonymous_4)
FN:53,(anonymous_5)
FN:57,(anonymous_6)
FN:61,(anonymous_7)
FN:65,(anonymous_8)
FN:69,(anonymous_9)
FN:77,(anonymous_10)
FN:81,(anonymous_11)
FN:87,(anonymous_12)
FN:100,(anonymous_13)
FN:126,(anonymous_14)
FN:130,(anonymous_15)
FN:136,(anonymous_16)
FN:149,(anonymous_17)
FN:168,(anonymous_18)
FN:172,(anonymous_19)
FN:178,(anonymous_20)
FN:191,(anonymous_21)
FN:225,(anonymous_22)
FN:229,(anonymous_23)
FN:236,(anonymous_24)
FN:257,(anonymous_25)
FN:288,(anonymous_26)
FN:292,(anonymous_27)
FN:303,(anonymous_28)
FN:362,(anonymous_29)
FN:381,(anonymous_30)
FN:385,(anonymous_31)
FN:394,(anonymous_32)
FN:431,(anonymous_33)
FN:452,(anonymous_34)
FN:456,(anonymous_35)
FN:462,(anonymous_36)
FN:475,(anonymous_37)
FN:498,(anonymous_38)
FN:502,(anonymous_39)
FN:508,(anonymous_40)
FN:521,(anonymous_41)
FN:530,(anonymous_42)
FN:534,(anonymous_43)
FN:540,(anonymous_44)
FN:553,(anonymous_45)
FN:574,(anonymous_46)
FN:578,(anonymous_47)
FN:584,(anonymous_48)
FN:597,(anonymous_49)
FN:628,(anonymous_50)
FN:653,(anonymous_51)
FN:657,(anonymous_52)
FN:663,(anonymous_53)
FN:676,(anonymous_54)
FN:694,(anonymous_55)
FN:698,(anonymous_56)
FN:705,(anonymous_57)
FN:726,(anonymous_58)
FN:760,(anonymous_59)
FN:764,(anonymous_60)
FN:773,(anonymous_61)
FN:1368,(anonymous_62)
FN:1375,(anonymous_63)
FN:1380,(anonymous_64)
FN:1391,(anonymous_65)
FN:1395,(anonymous_66)
FN:1405,(anonymous_67)
FN:1417,(anonymous_68)
FN:1421,(anonymous_69)
FN:1430,(anonymous_70)
FN:1467,(anonymous_71)
FN:1487,(anonymous_72)
FN:1491,(anonymous_73)
FN:1502,(anonymous_74)
FN:1552,(anonymous_75)
FN:1566,(anonymous_76)
FN:1580,(anonymous_77)
FN:1594,(anonymous_78)
FN:1598,(anonymous_79)
FN:1610,(anonymous_80)
FN:1671,(anonymous_81)
FN:1728,(anonymous_82)
FN:1732,(anonymous_83)
FN:1740,(anonymous_84)
FN:1763,(anonymous_85)
FN:1784,(anonymous_86)
FN:1793,(anonymous_87)
FN:1806,(anonymous_88)
FN:1810,(anonymous_89)
FN:1816,(anonymous_90)
FN:1827,(anonymous_91)
FN:1844,(anonymous_92)
FN:1848,(anonymous_93)
FN:1854,(anonymous_94)
FN:1867,(anonymous_95)
FN:1890,(anonymous_96)
FN:1894,(anonymous_97)
FN:1900,(anonymous_98)
FN:1913,(anonymous_99)
FNF:100
FNH:42
FNDA:33,(anonymous_0)
FNDA:622,(anonymous_1)
FNDA:7409,(anonymous_2)
FNDA:5,(anonymous_3)
FNDA:16,(anonymous_4)
FNDA:0,(anonymous_5)
FNDA:0,(anonymous_6)
FNDA:0,(anonymous_7)
FNDA:25,(anonymous_8)
FNDA:0,(anonymous_9)
FNDA:1480,(anonymous_10)
FNDA:4,(anonymous_11)
FNDA:5,(anonymous_12)
FNDA:5,(anonymous_13)
FNDA:1258,(anonymous_14)
FNDA:0,(anonymous_15)
FNDA:1,(anonymous_16)
FNDA:2,(anonymous_17)
FNDA:1225,(anonymous_18)
FNDA:0,(anonymous_19)
FNDA:0,(anonymous_20)
FNDA:1,(anonymous_21)
FNDA:1101,(anonymous_22)
FNDA:0,(anonymous_23)
FNDA:0,(anonymous_24)
FNDA:1,(anonymous_25)
FNDA:1163,(anonymous_26)
FNDA:0,(anonymous_27)
FNDA:0,(anonymous_28)
FNDA:1,(anonymous_29)
FNDA:1101,(anonymous_30)
FNDA:0,(anonymous_31)
FNDA:0,(anonymous_32)
FNDA:1,(anonymous_33)
FNDA:822,(anonymous_34)
FNDA:0,(anonymous_35)
FNDA:0,(anonymous_36)
FNDA:1,(anonymous_37)
FNDA:1008,(anonymous_38)
FNDA:0,(anonymous_39)
FNDA:0,(anonymous_40)
FNDA:1,(anonymous_41)
FNDA:946,(anonymous_42)
FNDA:0,(anonymous_43)
FNDA:0,(anonymous_44)
FNDA:1,(anonymous_45)
FNDA:946,(anonymous_46)
FNDA:0,(anonymous_47)
FNDA:0,(anonymous_48)
FNDA:0,(anonymous_49)
FNDA:0,(anonymous_50)
FNDA:760,(anonymous_51)
FNDA:0,(anonymous_52)
FNDA:0,(anonymous_53)
FNDA:1,(anonymous_54)
FNDA:419,(anonymous_55)
FNDA:0,(anonymous_56)
FNDA:0,(anonymous_57)
FNDA:0,(anonymous_58)
FNDA:636,(anonymous_59)
FNDA:0,(anonymous_60)
FNDA:0,(anonymous_61)
FNDA:0,(anonymous_62)
FNDA:0,(anonymous_63)
FNDA:0,(anonymous_64)
FNDA:0,(anonymous_65)
FNDA:0,(anonymous_66)
FNDA:0,(anonymous_67)
FNDA:481,(anonymous_68)
FNDA:0,(anonymous_69)
FNDA:0,(anonymous_70)
FNDA:0,(anonymous_71)
FNDA:388,(anonymous_72)
FNDA:0,(anonymous_73)
FNDA:0,(anonymous_74)
FNDA:0,(anonymous_75)
FNDA:0,(anonymous_76)
FNDA:0,(anonymous_77)
FNDA:419,(anonymous_78)
FNDA:0,(anonymous_79)
FNDA:0,(anonymous_80)
FNDA:0,(anonymous_81)
FNDA:388,(anonymous_82)
FNDA:0,(anonymous_83)
FNDA:0,(anonymous_84)
FNDA:0,(anonymous_85)
FNDA:0,(anonymous_86)
FNDA:0,(anonymous_87)
FNDA:295,(anonymous_88)
FNDA:0,(anonymous_89)
FNDA:0,(anonymous_90)
FNDA:2,(anonymous_91)
FNDA:109,(anonymous_92)
FNDA:0,(anonymous_93)
FNDA:0,(anonymous_94)
FNDA:1,(anonymous_95)
FNDA:202,(anonymous_96)
FNDA:0,(anonymous_97)
FNDA:0,(anonymous_98)
FNDA:1,(anonymous_99)
DA:8,33
DA:9,33
DA:18,622
DA:19,622
DA:21,7409
DA:31,5
DA:32,5
DA:33,5
DA:35,0
DA:36,0
DA:45,16
DA:54,0
DA:58,0
DA:62,0
DA:66,25
DA:78,1480
DA:82,4
DA:88,5
DA:101,5
DA:102,5
DA:103,5
DA:104,5
DA:105,5
DA:107,5
DA:109,210000
DA:110,210000
DA:114,210000
DA:121,5
DA:127,1258
DA:131,0
DA:137,1
DA:150,2
DA:151,2
DA:152,2
DA:153,2
DA:154,2
DA:156,2
DA:157,85000
DA:158,85000
DA:159,85000
DA:160,85000
DA:163,2
DA:169,1225
DA:173,0
DA:179,0
DA:192,1
DA:193,1
DA:194,1
DA:195,1
DA:196,1
DA:198,1
DA:199,40000
DA:200,40000
DA:201,40000
DA:203,40000
DA:208,40000
DA:213,40000
DA:220,1
DA:226,1101
DA:230,0
DA:237,0
DA:258,1
DA:259,1
DA:260,1
DA:261,1
DA:264,1
DA:265,1
DA:268,1
DA:270,1
DA:272,40000
DA:273,40000
DA:274,40000
DA:277,40000
DA:278,40000
DA:279,40000
DA:283,1
DA:289,1163
DA:293,0
DA:304,0
DA:363,1
DA:364,1
DA:365,1
DA:367,1
DA:368,1
DA:369,1
DA:370,1
DA:372,1
DA:373,1
DA:374,1
DA:375,1
DA:376,1
DA:382,1101
DA:386,0
DA:395,0
DA:432,1
DA:433,1
DA:434,1
DA:435,1
DA:436,1
DA:437,1
DA:438,1
DA:439,1
DA:441,1
DA:442,40000
DA:443,40000
DA:444,40000
DA:447,1
DA:453,822
DA:457,0
DA:463,0
DA:476,1
DA:477,1
DA:479,0
DA:480,0
DA:481,0
DA:482,0
DA:484,0
DA:485,0
DA:487,0
DA:488,0
DA:492,1
DA:499,1008
DA:503,0
DA:509,0
DA:522,1
DA:523,1
DA:524,1
DA:525,1
DA:531,946
DA:535,0
DA:541,0
DA:554,1
DA:555,1
DA:556,1
DA:557,1
DA:558,1
DA:559,1
DA:575,946
DA:579,0
DA:585,0
DA:598,0
DA:599,0
DA:602,0
DA:603,0
DA:604,0
DA:605,0
DA:608,0
DA:611,0
DA:617,0
DA:620,0
DA:621,0
DA:625,0
DA:626,0
DA:627,0
DA:628,0
DA:630,0
DA:631,0
DA:634,0
DA:642,0
DA:643,0
DA:647,0
DA:654,760
DA:658,0
DA:664,0
DA:677,1
DA:678,1
DA:679,1
DA:680,1
DA:682,1
DA:683,40000
DA:684,40000
DA:685,40000
DA:686,40000
DA:689,1
DA:695,419
DA:699,0
DA:706,0
DA:727,0
DA:728,0
DA:729,0
DA:731,0
DA:732,0
DA:733,0
DA:736,0
DA:740,0
DA:741,0
DA:742,0
DA:744,0
DA:745,0
DA:748,0
DA:749,0
DA:750,0
DA:751,0
DA:752,0
DA:754,0
DA:755,0
DA:761,636
DA:765,0
DA:774,0
DA:1369,0
DA:1376,0
DA:1377,0
DA:1381,0
DA:1382,0
DA:1383,0
DA:1388,0
DA:1392,0
DA:1396,0
DA:1397,0
DA:1398,0
DA:1401,0
DA:1402,0
DA:1405,0
DA:1406,0
DA:1407,0
DA:1408,0
DA:1410,0
DA:1411,0
DA:1418,481
DA:1422,0
DA:1431,0
DA:1468,0
DA:1469,0
DA:1470,0
DA:1471,0
DA:1473,0
DA:1475,0
DA:1476,0
DA:1477,0
DA:1478,0
DA:1479,0
DA:1481,0
DA:1482,0
DA:1488,388
DA:1492,0
DA:1503,0
DA:1553,0
DA:1554,0
DA:1555,0
DA:1556,0
DA:1557,0
DA:1559,0
DA:1560,0
DA:1562,0
DA:1563,0
DA:1564,0
DA:1565,0
DA:1566,0
DA:1567,0
DA:1568,0
DA:1569,0
DA:1570,0
DA:1572,0
DA:1573,0
DA:1574,0
DA:1575,0
DA:1577,0
DA:1578,0
DA:1580,0
DA:1581,0
DA:1586,0
DA:1595,419
DA:1599,0
DA:1611,0
DA:1672,0
DA:1673,0
DA:1674,0
DA:1675,0
DA:1676,0
DA:1677,0
DA:1678,0
DA:1679,0
DA:1681,0
DA:1682,0
DA:1683,0
DA:1685,0
DA:1686,0
DA:1688,0
DA:1690,0
DA:1691,0
DA:1692,0
DA:1693,0
DA:1694,0
DA:1696,0
DA:1697,0
DA:1698,0
DA:1699,0
DA:1701,0
DA:1702,0
DA:1703,0
DA:1705,0
DA:1708,0
DA:1710,0
DA:1711,0
DA:1712,0
DA:1714,0
DA:1715,0
DA:1722,0
DA:1729,388
DA:1733,0
DA:1741,0
DA:1764,0
DA:1765,0
DA:1766,0
DA:1767,0
DA:1768,0
DA:1771,0
DA:1773,0
DA:1774,0
DA:1775,0
DA:1776,0
DA:1777,0
DA:1781,0
DA:1785,0
DA:1786,0
DA:1794,0
DA:1795,0
DA:1796,0
DA:1797,0
DA:1807,295
DA:1811,0
DA:1817,0
DA:1828,2
DA:1829,2
DA:1831,2
DA:1832,2
DA:1833,1
DA:1834,1
DA:1835,1
DA:1836,1
DA:1837,1
DA:1839,2
DA:1845,109
DA:1849,0
DA:1855,0
DA:1868,1
DA:1869,1
DA:1870,1
DA:1879,1
DA:1880,1
DA:1882,1
DA:1883,1
DA:1884,1
DA:1885,1
DA:1891,202
DA:1895,0
DA:1901,0
DA:1914,1
DA:1915,1
DA:1916,1
DA:1917,1
DA:1920,1
DA:1922,1
DA:1923,1
DA:1925,1
DA:1926,1
DA:1927,1
DA:1928,1
DA:1929,1
DA:1931,1
DA:1932,1
DA:1934,1
DA:1935,200
DA:1936,40000
DA:1937,40000
DA:1938,40000
DA:1939,40000
DA:1940,120000
DA:1941,360000
DA:1942,360000
DA:1943,360000
DA:1944,357604
DA:1945,357604
DA:1946,357604
DA:1947,357604
DA:1948,357604
DA:1952,40000
DA:1953,40000
DA:1954,40000
DA:1955,40000
DA:1956,40000
DA:1960,1
DA:1966,15
DA:1968,15
DA:1969,15
DA:1970,15
DA:1971,15
DA:1972,15
DA:1973,15
DA:1974,15
DA:1975,15
DA:1976,15
DA:1977,15
DA:1978,15
DA:1979,15
DA:1980,15
DA:1981,15
DA:1982,15
DA:1983,15
DA:1984,15
DA:1985,15
DA:1986,15
DA:1987,15
DA:1990,15
LF:404
LH:206
BRDA:32,0,0,5
BRDA:32,0,1,0
BRDA:65,1,0,0
BRDA:104,2,0,5
BRDA:104,2,1,1
BRDA:153,3,0,2
BRDA:153,3,1,0
BRDA:195,4,0,1
BRDA:195,4,1,0
BRDA:264,5,0,1
BRDA:264,5,1,0
BRDA:265,6,0,1
BRDA:265,6,1,0
BRDA:364,7,0,1
BRDA:364,7,1,0
BRDA:365,8,0,1
BRDA:365,8,1,0
BRDA:367,9,0,1
BRDA:367,9,1,0
BRDA:368,10,0,1
BRDA:368,10,1,0
BRDA:369,11,0,1
BRDA:369,11,1,0
BRDA:370,12,0,1
BRDA:370,12,1,0
BRDA:435,13,0,1
BRDA:435,13,1,0
BRDA:436,14,0,1
BRDA:436,14,1,0
BRDA:437,15,0,1
BRDA:437,15,1,1
BRDA:438,16,0,1
BRDA:438,16,1,0
BRDA:477,17,0,0
BRDA:477,17,1,1
BRDA:731,18,0,0
BRDA:731,18,1,0
BRDA:731,19,0,0
BRDA:731,19,1,0
BRDA:740,20,0,0
BRDA:740,20,1,0
BRDA:1375,21,0,0
BRDA:1401,22,0,0
BRDA:1401,22,1,0
BRDA:1562,23,0,0
BRDA:1562,23,1,0
BRDA:1673,24,0,0
BRDA:1673,24,1,0
BRDA:1674,25,0,0
BRDA:1674,25,1,0
BRDA:1675,26,0,0
BRDA:1675,26,1,0
BRDA:1676,27,0,0
BRDA:1676,27,1,0
BRDA:1677,28,0,0
BRDA:1677,28,1,0
BRDA:1678,29,0,0
BRDA:1678,29,1,0
BRDA:1690,30,0,0
BRDA:1690,30,1,0
BRDA:1701,31,0,0
BRDA:1701,31,1,0
BRDA:1701,32,0,0
BRDA:1701,32,1,0
BRDA:1771,33,0,0
BRDA:1771,33,1,0
BRDA:1774,34,0,0
BRDA:1774,34,1,0
BRDA:1798,35,0,0
BRDA:1798,35,1,0
BRDA:1798,35,2,0
BRDA:1832,36,0,1
BRDA:1832,36,1,1
BRDA:1835,37,0,1
BRDA:1835,37,1,0
BRDA:1869,38,0,1
BRDA:1869,38,1,0
BRDA:1917,39,0,1
BRDA:1917,39,1,0
BRDA:1943,40,0,357604
BRDA:1943,40,1,2396
BRDA:1943,41,0,360000
BRDA:1943,41,1,359400
BRDA:1943,41,2,358800
BRDA:1943,41,3,358202
BRF:85
BRH:30
end_of_record
TN:
SF:jest.imageDataSerializer.js
FN:2,(anonymous_0)
FN:5,(anonymous_1)
FNF:2
FNH:2
FNDA:10,(anonymous_0)
FNDA:10,(anonymous_1)
DA:1,15
DA:3,10
DA:6,10
DA:7,10
LF:4
LH:4
BRDA:3,0,0,10
BRDA:3,0,1,10
BRDA:3,0,2,10
BRDA:3,0,3,10
BRF:4
BRH:4
end_of_record
TN:
SF:script.js
FN:13,init
FN:35,(anonymous_1)
FN:43,(anonymous_2)
FN:48,(anonymous_3)
FN:50,(anonymous_4)
FN:59,(anonymous_5)
FN:68,(anonymous_6)
FN:75,(anonymous_7)
FN:83,generateEffectButtons
FN:85,(anonymous_9)
FN:87,(anonymous_10)
FN:96,(anonymous_11)
FN:128,updateEffectQueueUI
FN:135,(anonymous_13)
FN:182,(anonymous_14)
FN:197,(anonymous_15)
FN:199,(anonymous_16)
FN:221,(anonymous_17)
FN:254,(anonymous_18)
FN:262,(anonymous_19)
FN:280,(anonymous_20)
FN:292,(anonymous_21)
FN:302,(anonymous_22)
FN:311,(anonymous_23)
FN:323,(anonymous_24)
FN:347,(anonymous_25)
FN:353,applyEffects
FN:373,(anonymous_27)
FN:394,handleImageUpload
FN:399,(anonymous_29)
FN:401,(anonymous_30)
FN:438,handleCopyButtonClick
FN:443,(anonymous_32)
FN:460,handleDownloadButtonClick
FN:474,handleResetButtonClick
FN:515,resetAppState
FNF:36
FNH:23
FNDA:16,init
FNDA:320,(anonymous_1)
FNDA:0,(anonymous_2)
FNDA:0,(anonymous_3)
FNDA:0,(anonymous_4)
FNDA:0,(anonymous_5)
FNDA:0,(anonymous_6)
FNDA:0,(anonymous_7)
FNDA:16,generateEffectButtons
FNDA:320,(anonymous_9)
FNDA:3360,(anonymous_10)
FNDA:4,(anonymous_11)
FNDA:7,updateEffectQueueUI
FNDA:6,(anonymous_13)
FNDA:0,(anonymous_14)
FNDA:1,(anonymous_15)
FNDA:1,(anonymous_16)
FNDA:6,(anonymous_17)
FNDA:1,(anonymous_18)
FNDA:0,(anonymous_19)
FNDA:0,(anonymous_20)
FNDA:0,(anonymous_21)
FNDA:0,(anonymous_22)
FNDA:0,(anonymous_23)
FNDA:0,(anonymous_24)
FNDA:6,(anonymous_25)
FNDA:7,applyEffects
FNDA:4,(anonymous_27)
FNDA:2,handleImageUpload
FNDA:2,(anonymous_29)
FNDA:2,(anonymous_30)
FNDA:1,handleCopyButtonClick
FNDA:1,(anonymous_32)
FNDA:1,handleDownloadButtonClick
FNDA:1,handleResetButtonClick
FNDA:16,resetAppState
DA:6,1
DA:15,16
DA:16,16
DA:17,16
DA:18,16
DA:19,16
DA:20,16
DA:21,16
DA:22,16
DA:23,16
DA:32,16
DA:35,16
DA:36,320
DA:40,16
DA:45,0
DA:46,0
DA:47,0
DA:49,0
DA:50,0
DA:52,0
DA:53,0
DA:57,0
DA:59,0
DA:61,0
DA:62,0
DA:67,16
DA:68,16
DA:69,0
DA:70,0
DA:71,0
DA:72,0
DA:75,16
DA:76,0
DA:79,0
DA:84,16
DA:85,16
DA:86,320
DA:87,3360
DA:89,320
DA:91,320
DA:92,320
DA:93,320
DA:94,320
DA:96,320
DA:97,4
DA:98,4
DA:102,4
DA:103,0
DA:104,0
DA:107,4
DA:108,4
DA:112,4
DA:114,4
DA:115,0
DA:119,320
DA:123,16
DA:129,7
DA:130,0
DA:131,0
DA:134,7
DA:135,7
DA:136,6
DA:138,6
DA:139,0
DA:140,0
DA:143,6
DA:144,6
DA:147,6
DA:148,6
DA:151,6
DA:152,6
DA:155,6
DA:156,6
DA:157,6
DA:158,6
DA:161,6
DA:162,6
DA:163,6
DA:164,6
DA:166,6
DA:169,6
DA:170,6
DA:171,6
DA:172,6
DA:173,6
DA:176,6
DA:177,6
DA:180,6
DA:181,6
DA:182,6
DA:183,0
DA:186,0
DA:191,6
DA:194,6
DA:195,6
DA:196,6
DA:197,6
DA:198,1
DA:199,1
DA:201,1
DA:202,1
DA:203,1
DA:204,1
DA:205,0
DA:209,6
DA:211,6
DA:212,6
DA:215,6
DA:216,6
DA:217,6
DA:218,6
DA:220,6
DA:221,6
DA:222,6
DA:223,6
DA:224,6
DA:225,6
DA:227,6
DA:228,6
DA:231,6
DA:235,6
DA:238,6
DA:239,6
DA:240,6
DA:241,6
DA:242,6
DA:243,6
DA:246,6
DA:247,6
DA:248,6
DA:249,6
DA:250,6
DA:251,6
DA:254,6
DA:255,1
DA:256,1
DA:257,1
DA:258,0
DA:262,6
DA:263,0
DA:264,0
DA:267,0
DA:268,0
DA:272,6
DA:273,6
DA:274,6
DA:277,0
DA:278,0
DA:279,0
DA:280,0
DA:281,0
DA:282,0
DA:283,0
DA:286,0
DA:287,0
DA:289,0
DA:290,0
DA:291,0
DA:292,0
DA:293,0
DA:294,0
DA:295,0
DA:298,0
DA:299,0
DA:301,0
DA:302,0
DA:303,0
DA:304,0
DA:305,0
DA:306,0
DA:307,0
DA:309,0
DA:311,0
DA:312,0
DA:313,0
DA:314,0
DA:317,0
DA:318,0
DA:320,0
DA:321,0
DA:322,0
DA:323,0
DA:324,0
DA:325,0
DA:326,0
DA:329,0
DA:330,0
DA:333,0
DA:336,6
DA:339,6
DA:340,6
DA:343,6
DA:347,7
DA:354,7
DA:355,1
DA:358,1
DA:360,6
DA:361,6
DA:363,6
DA:364,1
DA:365,1
DA:369,5
DA:370,5
DA:373,5
DA:374,4
DA:375,4
DA:376,1
DA:379,1
DA:381,3
DA:385,3
DA:395,2
DA:396,2
DA:397,2
DA:399,2
DA:400,2
DA:401,2
DA:403,2
DA:404,2
DA:405,2
DA:406,2
DA:409,2
DA:410,0
DA:411,0
DA:412,0
DA:413,0
DA:414,0
DA:417,2
DA:418,2
DA:419,2
DA:420,2
DA:421,2
DA:427,2
DA:428,2
DA:430,2
DA:432,2
DA:439,1
DA:440,0
DA:441,0
DA:443,1
DA:444,1
DA:445,1
DA:450,1
DA:452,0
DA:461,1
DA:462,0
DA:463,0
DA:465,1
DA:466,1
DA:467,1
DA:468,1
DA:475,1
DA:476,1
DA:477,1
DA:478,1
DA:479,1
DA:480,1
DA:482,0
DA:487,16
DA:488,16
DA:489,16
DA:490,16
DA:493,16
DA:494,16
DA:497,16
DA:508,1
DA:510,1
DA:516,16
DA:517,16
DA:518,16
DA:519,16
LF:270
LH:185
BRDA:52,0,0,0
BRDA:52,0,1,0
BRDA:67,1,0,16
BRDA:67,1,1,0
BRDA:102,2,0,0
BRDA:102,2,1,4
BRDA:114,3,0,0
BRDA:114,3,1,4
BRDA:129,4,0,0
BRDA:129,4,1,7
BRDA:138,5,0,0
BRDA:138,5,1,6
BRDA:187,6,0,0
BRDA:187,6,1,0
BRDA:201,7,0,1
BRDA:201,7,1,0
BRDA:204,8,0,0
BRDA:204,8,1,1
BRDA:229,9,0,6
BRDA:229,9,1,0
BRDA:235,10,0,6
BRDA:235,10,1,6
BRDA:235,10,2,0
BRDA:235,10,3,0
BRDA:235,10,4,0
BRDA:235,10,5,0
BRDA:235,10,6,0
BRDA:257,11,0,0
BRDA:257,11,1,1
BRDA:267,12,0,0
BRDA:267,12,1,0
BRDA:282,13,0,0
BRDA:282,13,1,0
BRDA:294,14,0,0
BRDA:294,14,1,0
BRDA:306,15,0,0
BRDA:306,15,1,0
BRDA:313,16,0,0
BRDA:313,16,1,0
BRDA:325,17,0,0
BRDA:325,17,1,0
BRDA:339,18,0,6
BRDA:339,18,1,0
BRDA:354,19,0,1
BRDA:354,19,1,6
BRDA:363,20,0,1
BRDA:363,20,1,5
BRDA:375,21,0,1
BRDA:375,21,1,3
BRDA:396,22,0,0
BRDA:396,22,1,2
BRDA:409,23,0,0
BRDA:409,23,1,2
BRDA:409,24,0,2
BRDA:409,24,1,2
BRDA:439,25,0,0
BRDA:439,25,1,1
BRDA:461,26,0,0
BRDA:461,26,1,1
BRDA:478,27,0,1
BRDA:478,27,1,0
BRDA:493,28,0,16
BRDA:493,28,1,0
BRDA:508,29,0,1
BRDA:508,29,1,0
BRF:65
BRH:27
end_of_record
TN:
SF:__tests__\helpers\testHelpers.js
FN:3,(anonymous_0)
FN:18,(anonymous_1)
FNF:2
FNH:1
FNDA:16,(anonymous_0)
FNDA:0,(anonymous_1)
DA:1,13
DA:3,13
DA:8,16
DA:9,16
DA:12,16
DA:13,16
DA:15,16
DA:18,13
DA:19,0
DA:20,0
DA:21,0
DA:22,0
DA:23,0
LF:13
LH:8
BRDA:4,0,0,16
BRDA:5,1,0,16
BRDA:6,2,0,16
BRF:3
BRH:3
end_of_record
